Training models:
	GRU:
	  <bound method Module.parameters of GRUModel(
  (gru): GRU(1, 32, num_layers=2, batch_first=True)
  (fc): Linear(in_features=32, out_features=1, bias=True)
)>
Using lag parameters: 1, 2, 3
On datasets: Padding
For 100 epochs, with early stopping.
Training and evaluating model: GRU hidden dimensions: 32, number of layers: 2 on dataset: Padding with lag parameter: 1

Epoch 1/100
-------------------------------
/home/dorus/Documenten/UU/Blok 4/deep_learning/Deep-learning-assignment-1/.venv/lib/python3.12/site-packages/torch/nn/modules/loss.py:610: UserWarning: Using a target size (torch.Size([32, 1])) that is different to the input size (torch.Size([32])). This will likely lead to incorrect results due to broadcasting. Please ensure they have the same size.
  return F.mse_loss(input, target, reduction=self.reduction)
loss: 5818.225586 [   32/  800]
loss: 5673.885335 [  192/  800]
loss: 5917.169078 [  352/  800]
loss: 5793.308670 [  512/  800]
loss: 5907.364711 [  672/  800]
Epoch complete - average loss: 5744.038789
/home/dorus/Documenten/UU/Blok 4/deep_learning/Deep-learning-assignment-1/.venv/lib/python3.12/site-packages/torch/nn/modules/loss.py:610: UserWarning: Using a target size (torch.Size([8, 1])) that is different to the input size (torch.Size([8])). This will likely lead to incorrect results due to broadcasting. Please ensure they have the same size.
  return F.mse_loss(input, target, reduction=self.reduction)
Root MSE: 75.564404

Epoch 2/100
-------------------------------
loss: 7444.679688 [   32/  800]
loss: 5660.746867 [  192/  800]
loss: 5739.067627 [  352/  800]
loss: 5948.755753 [  512/  800]
loss: 5685.041795 [  672/  800]
Epoch complete - average loss: 5607.755254
Root MSE: 74.396949

Epoch 3/100
-------------------------------
loss: 4229.160156 [   32/  800]
loss: 4447.823568 [  192/  800]
loss: 4983.051270 [  352/  800]
loss: 5269.514099 [  512/  800]
loss: 5296.689221 [  672/  800]
Epoch complete - average loss: 5397.982246
Root MSE: 72.920852

Epoch 4/100
-------------------------------
loss: 4546.012695 [   32/  800]
loss: 5792.441650 [  192/  800]
loss: 5535.265004 [  352/  800]
loss: 5453.796967 [  512/  800]
loss: 5196.718680 [  672/  800]
Epoch complete - average loss: 5196.152656
Root MSE: 71.665722

Epoch 5/100
-------------------------------
loss: 6290.663574 [   32/  800]
loss: 5514.373169 [  192/  800]
loss: 5043.854992 [  352/  800]
loss: 5168.287453 [  512/  800]
loss: 5152.050799 [  672/  800]
Epoch complete - average loss: 5030.680239
Root MSE: 70.640858

Epoch 6/100
-------------------------------
loss: 5069.538574 [   32/  800]
loss: 5172.497396 [  192/  800]
loss: 5368.467418 [  352/  800]
loss: 5106.718323 [  512/  800]
loss: 5037.913935 [  672/  800]
Epoch complete - average loss: 4898.352207
Root MSE: 69.804500

Epoch 7/100
-------------------------------
loss: 3782.016113 [   32/  800]
loss: 5205.336222 [  192/  800]
loss: 5440.833918 [  352/  800]
loss: 5208.563812 [  512/  800]
loss: 4997.182954 [  672/  800]
Epoch complete - average loss: 4787.122598
Root MSE: 69.061269

Epoch 8/100
-------------------------------
loss: 3552.014160 [   32/  800]
loss: 4426.451660 [  192/  800]
loss: 4228.623269 [  352/  800]
loss: 4502.412201 [  512/  800]
loss: 4481.098796 [  672/  800]
Epoch complete - average loss: 4684.939219
Root MSE: 68.383768

Epoch 9/100
-------------------------------
loss: 4963.855957 [   32/  800]
loss: 4690.869059 [  192/  800]
loss: 4507.105535 [  352/  800]
loss: 4352.474197 [  512/  800]
loss: 4350.170771 [  672/  800]
Epoch complete - average loss: 4591.907080
Root MSE: 67.724567

Epoch 10/100
-------------------------------
loss: 2195.779785 [   32/  800]
loss: 4541.348592 [  192/  800]
loss: 4755.243408 [  352/  800]
loss: 4645.289871 [  512/  800]
loss: 4552.784482 [  672/  800]
Epoch complete - average loss: 4503.718389
Root MSE: 67.085359

Epoch 11/100
-------------------------------
loss: 5661.448730 [   32/  800]
loss: 4589.432088 [  192/  800]
loss: 4467.319447 [  352/  800]
loss: 4403.282089 [  512/  800]
loss: 4387.671875 [  672/  800]
Epoch complete - average loss: 4418.556660
Root MSE: 66.482832

Epoch 12/100
-------------------------------
loss: 3484.337158 [   32/  800]
loss: 4218.175700 [  192/  800]
loss: 4138.951594 [  352/  800]
loss: 4076.322357 [  512/  800]
loss: 4317.372070 [  672/  800]
Epoch complete - average loss: 4338.034492
Root MSE: 65.900895

Epoch 13/100
-------------------------------
loss: 4112.965332 [   32/  800]
loss: 3993.551676 [  192/  800]
loss: 3947.079923 [  352/  800]
loss: 4123.119659 [  512/  800]
loss: 4196.943859 [  672/  800]
Epoch complete - average loss: 4260.489702
Root MSE: 65.332319

Epoch 14/100
-------------------------------
loss: 4743.300781 [   32/  800]
loss: 3931.119263 [  192/  800]
loss: 4061.949130 [  352/  800]
loss: 4190.098618 [  512/  800]
loss: 4238.515369 [  672/  800]
Epoch complete - average loss: 4186.107520
Root MSE: 64.776327

Epoch 15/100
-------------------------------
loss: 3518.070312 [   32/  800]
loss: 3261.075846 [  192/  800]
loss: 3792.168790 [  352/  800]
loss: 4014.372162 [  512/  800]
loss: 4110.736154 [  672/  800]
Epoch complete - average loss: 4113.653379
Root MSE: 64.244609

Epoch 16/100
-------------------------------
loss: 4453.290039 [   32/  800]
loss: 4008.336182 [  192/  800]
loss: 3772.001864 [  352/  800]
loss: 4103.092072 [  512/  800]
loss: 3890.209926 [  672/  800]
Epoch complete - average loss: 4044.372305
Root MSE: 63.719305

Epoch 17/100
-------------------------------
loss: 4845.930664 [   32/  800]
loss: 4053.665324 [  192/  800]
loss: 3702.156095 [  352/  800]
loss: 3862.608444 [  512/  800]
loss: 4034.081287 [  672/  800]
Epoch complete - average loss: 3977.446768
Root MSE: 63.210398

Epoch 18/100
-------------------------------
loss: 3502.554688 [   32/  800]
loss: 3435.319194 [  192/  800]
loss: 3483.493930 [  352/  800]
loss: 3750.120949 [  512/  800]
loss: 3799.417742 [  672/  800]
Epoch complete - average loss: 3912.262378
Root MSE: 62.715460

Epoch 19/100
-------------------------------
loss: 1612.419556 [   32/  800]
loss: 3319.382304 [  192/  800]
loss: 3855.833574 [  352/  800]
loss: 3919.485008 [  512/  800]
loss: 3929.140724 [  672/  800]
Epoch complete - average loss: 3849.561909
Root MSE: 62.224322

Epoch 20/100
-------------------------------
loss: 4877.571777 [   32/  800]
loss: 3776.821452 [  192/  800]
loss: 3756.690629 [  352/  800]
loss: 3724.450211 [  512/  800]
loss: 3822.150019 [  672/  800]
Epoch complete - average loss: 3788.796665
Root MSE: 61.750824

Epoch 21/100
-------------------------------
loss: 2700.165527 [   32/  800]
loss: 3783.591797 [  192/  800]
loss: 4007.839511 [  352/  800]
loss: 3899.895493 [  512/  800]
loss: 3934.517043 [  672/  800]
Epoch complete - average loss: 3729.991689
Root MSE: 61.284416

Epoch 22/100
-------------------------------
loss: 3559.685059 [   32/  800]
loss: 3296.005941 [  192/  800]
loss: 3562.566939 [  352/  800]
loss: 3729.404251 [  512/  800]
loss: 3626.198736 [  672/  800]
Epoch complete - average loss: 3671.837837
Root MSE: 60.842529

Epoch 23/100
-------------------------------
loss: 2404.114990 [   32/  800]
loss: 3673.189290 [  192/  800]
loss: 3516.438809 [  352/  800]
loss: 3488.028793 [  512/  800]
loss: 3704.377825 [  672/  800]
Epoch complete - average loss: 3617.427734
Root MSE: 60.401158

Epoch 24/100
-------------------------------
loss: 3608.270508 [   32/  800]
loss: 3011.895020 [  192/  800]
loss: 3313.239569 [  352/  800]
loss: 3549.956696 [  512/  800]
loss: 3545.846598 [  672/  800]
Epoch complete - average loss: 3563.304668
Root MSE: 59.973315

Epoch 25/100
-------------------------------
loss: 3029.631836 [   32/  800]
loss: 3681.284871 [  192/  800]
loss: 3402.532260 [  352/  800]
loss: 3539.390450 [  512/  800]
loss: 3506.715791 [  672/  800]
Epoch complete - average loss: 3511.604536
Root MSE: 59.552080

Epoch 26/100
-------------------------------
loss: 4844.927734 [   32/  800]
loss: 4178.291300 [  192/  800]
loss: 3774.765692 [  352/  800]
loss: 3580.226791 [  512/  800]
loss: 3548.302357 [  672/  800]
Epoch complete - average loss: 3461.255210
Root MSE: 59.141136

Epoch 27/100
-------------------------------
loss: 4756.431152 [   32/  800]
loss: 3323.049032 [  192/  800]
loss: 3612.312123 [  352/  800]
loss: 3581.169121 [  512/  800]
loss: 3416.206729 [  672/  800]
Epoch complete - average loss: 3412.005361
Root MSE: 58.746583

Epoch 28/100
-------------------------------
loss: 4487.922852 [   32/  800]
loss: 4022.401652 [  192/  800]
loss: 3723.095659 [  352/  800]
loss: 3597.339111 [  512/  800]
loss: 3481.909889 [  672/  800]
Epoch complete - average loss: 3365.155029
Root MSE: 58.354565

Epoch 29/100
-------------------------------
loss: 3660.734863 [   32/  800]
loss: 3464.558838 [  192/  800]
loss: 3256.930087 [  352/  800]
loss: 3097.759079 [  512/  800]
loss: 3182.127000 [  672/  800]
Epoch complete - average loss: 3318.714707
Root MSE: 57.984453

Epoch 30/100
-------------------------------
loss: 5166.704590 [   32/  800]
loss: 3539.004130 [  192/  800]
loss: 3496.228416 [  352/  800]
loss: 3404.428062 [  512/  800]
loss: 3352.818667 [  672/  800]
Epoch complete - average loss: 3275.136206
Root MSE: 57.606849

Epoch 31/100
-------------------------------
loss: 4052.909424 [   32/  800]
loss: 2837.379639 [  192/  800]
loss: 3123.981135 [  352/  800]
loss: 3317.897041 [  512/  800]
loss: 3381.696213 [  672/  800]
Epoch complete - average loss: 3231.997939
Root MSE: 57.247483

Epoch 32/100
-------------------------------
loss: 2204.525635 [   32/  800]
loss: 3011.792684 [  192/  800]
loss: 2912.895075 [  352/  800]
loss: 2952.753456 [  512/  800]
loss: 3158.273734 [  672/  800]
Epoch complete - average loss: 3189.666040
Root MSE: 56.905310

Epoch 33/100
-------------------------------
loss: 4629.989258 [   32/  800]
loss: 3554.925008 [  192/  800]
loss: 3499.038574 [  352/  800]
loss: 3445.145264 [  512/  800]
loss: 3323.812244 [  672/  800]
Epoch complete - average loss: 3150.512258
Root MSE: 56.551157

Epoch 34/100
-------------------------------
loss: 1415.083496 [   32/  800]
loss: 3327.756755 [  192/  800]
loss: 2895.626864 [  352/  800]
loss: 3105.219147 [  512/  800]
loss: 3168.573405 [  672/  800]
Epoch complete - average loss: 3110.162983
Root MSE: 56.227881

Epoch 35/100
-------------------------------
loss: 4386.039062 [   32/  800]
loss: 3586.108988 [  192/  800]
loss: 3252.453391 [  352/  800]
loss: 3256.059143 [  512/  800]
loss: 3041.759492 [  672/  800]
Epoch complete - average loss: 3072.771479
Root MSE: 55.905425

Epoch 36/100
-------------------------------
loss: 1585.556641 [   32/  800]
loss: 2957.289347 [  192/  800]
loss: 3169.469815 [  352/  800]
loss: 3146.447716 [  512/  800]
loss: 2932.850554 [  672/  800]
Epoch complete - average loss: 3036.059895
Root MSE: 55.590204

Epoch 37/100
-------------------------------
loss: 2440.990234 [   32/  800]
loss: 2727.851074 [  192/  800]
loss: 2949.421165 [  352/  800]
loss: 3035.970184 [  512/  800]
loss: 3088.715902 [  672/  800]
Epoch complete - average loss: 3000.604668
Root MSE: 55.285872

Epoch 38/100
-------------------------------
loss: 4354.281250 [   32/  800]
loss: 3421.511434 [  192/  800]
loss: 3226.137518 [  352/  800]
loss: 2958.832039 [  512/  800]
loss: 2895.700126 [  672/  800]
Epoch complete - average loss: 2966.308203
Root MSE: 54.991386

Epoch 39/100
-------------------------------
loss: 4336.541992 [   32/  800]
loss: 2957.624715 [  192/  800]
loss: 2979.851063 [  352/  800]
loss: 3043.407784 [  512/  800]
loss: 3033.279861 [  672/  800]
Epoch complete - average loss: 2933.392686
Root MSE: 54.697741

Epoch 40/100
-------------------------------
loss: 4347.673828 [   32/  800]
loss: 3091.673706 [  192/  800]
loss: 3292.921853 [  352/  800]
loss: 2989.570297 [  512/  800]
loss: 2884.538028 [  672/  800]
Epoch complete - average loss: 2901.009189
Root MSE: 54.418342

Epoch 41/100
-------------------------------
loss: 2734.910156 [   32/  800]
loss: 2299.823975 [  192/  800]
loss: 2599.671986 [  352/  800]
loss: 2908.962662 [  512/  800]
loss: 2954.056460 [  672/  800]
Epoch complete - average loss: 2869.909507
Root MSE: 54.147603

Epoch 42/100
-------------------------------
loss: 3042.270020 [   32/  800]
loss: 3448.370768 [  192/  800]
loss: 2954.191650 [  352/  800]
loss: 2748.253906 [  512/  800]
loss: 2847.016939 [  672/  800]
Epoch complete - average loss: 2840.032446
Root MSE: 53.883906

Epoch 43/100
-------------------------------
loss: 3768.148193 [   32/  800]
loss: 2968.694682 [  192/  800]
loss: 2715.259843 [  352/  800]
loss: 2694.137901 [  512/  800]
loss: 2689.198893 [  672/  800]
Epoch complete - average loss: 2811.017402
Root MSE: 53.629194

Epoch 44/100
-------------------------------
loss: 1342.391357 [   32/  800]
loss: 2935.623942 [  192/  800]
loss: 2753.933738 [  352/  800]
loss: 2762.578110 [  512/  800]
loss: 2946.934663 [  672/  800]
Epoch complete - average loss: 2783.465054
Root MSE: 53.375100

Epoch 45/100
-------------------------------
loss: 4137.428711 [   32/  800]
loss: 2716.628723 [  192/  800]
loss: 2737.253252 [  352/  800]
loss: 2715.310242 [  512/  800]
loss: 2726.279175 [  672/  800]
Epoch complete - average loss: 2756.071064
Root MSE: 53.135402

Epoch 46/100
-------------------------------
loss: 2028.737549 [   32/  800]
loss: 2489.987040 [  192/  800]
loss: 2925.300681 [  352/  800]
loss: 2685.232048 [  512/  800]
loss: 2585.075625 [  672/  800]
Epoch complete - average loss: 2729.713398
Root MSE: 52.912610

Epoch 47/100
-------------------------------
loss: 4365.782227 [   32/  800]
loss: 3336.169983 [  192/  800]
loss: 2903.115967 [  352/  800]
loss: 2785.310867 [  512/  800]
loss: 2727.550595 [  672/  800]
Epoch complete - average loss: 2705.624395
Root MSE: 52.676422

Epoch 48/100
-------------------------------
loss: 5099.808594 [   32/  800]
loss: 3361.803772 [  192/  800]
loss: 3185.025291 [  352/  800]
loss: 2906.633820 [  512/  800]
loss: 2763.038365 [  672/  800]
Epoch complete - average loss: 2680.987822
Root MSE: 52.457366

Epoch 49/100
-------------------------------
loss: 2781.725830 [   32/  800]
loss: 2962.141134 [  192/  800]
loss: 2583.295710 [  352/  800]
loss: 2523.225014 [  512/  800]
loss: 2508.352853 [  672/  800]
Epoch complete - average loss: 2657.168926
Root MSE: 52.254465

Epoch 50/100
-------------------------------
loss: 1826.566528 [   32/  800]
loss: 2634.191895 [  192/  800]
loss: 2308.030051 [  352/  800]
loss: 2582.784683 [  512/  800]
loss: 2592.882353 [  672/  800]
Epoch complete - average loss: 2634.819014
Root MSE: 52.054246

Epoch 51/100
-------------------------------
loss: 2659.386475 [   32/  800]
loss: 2592.055176 [  192/  800]
loss: 2507.858820 [  352/  800]
loss: 2535.897743 [  512/  800]
loss: 2527.169474 [  672/  800]
Epoch complete - average loss: 2613.606812
Root MSE: 51.851922

Epoch 52/100
-------------------------------
loss: 4422.376465 [   32/  800]
loss: 2564.479777 [  192/  800]
loss: 2831.857156 [  352/  800]
loss: 2450.014225 [  512/  800]
loss: 2563.896255 [  672/  800]
Epoch complete - average loss: 2592.539309
Root MSE: 51.661928

Epoch 53/100
-------------------------------
loss: 3103.286133 [   32/  800]
loss: 2556.482503 [  192/  800]
loss: 2432.177701 [  352/  800]
loss: 2414.666321 [  512/  800]
loss: 2580.710083 [  672/  800]
Epoch complete - average loss: 2572.303496
Root MSE: 51.481663

Epoch 54/100
-------------------------------
loss: 3011.061279 [   32/  800]
loss: 2904.583089 [  192/  800]
loss: 2740.525945 [  352/  800]
loss: 2656.737122 [  512/  800]
loss: 2490.052479 [  672/  800]
Epoch complete - average loss: 2553.394971
Root MSE: 51.301555

Epoch 55/100
-------------------------------
loss: 1317.825317 [   32/  800]
loss: 1976.057556 [  192/  800]
loss: 2087.197488 [  352/  800]
loss: 2400.836525 [  512/  800]
loss: 2528.802973 [  672/  800]
Epoch complete - average loss: 2534.553057
Root MSE: 51.134457

Epoch 56/100
-------------------------------
loss: 3313.421875 [   32/  800]
loss: 2963.071452 [  192/  800]
loss: 2717.903764 [  352/  800]
loss: 2671.834984 [  512/  800]
loss: 2544.455180 [  672/  800]
Epoch complete - average loss: 2517.027874
Root MSE: 50.966008

Epoch 57/100
-------------------------------
loss: 1695.045166 [   32/  800]
loss: 2360.507528 [  192/  800]
loss: 2250.076183 [  352/  800]
loss: 2402.979591 [  512/  800]
loss: 2426.998832 [  672/  800]
Epoch complete - average loss: 2499.411616
Root MSE: 50.813632

Epoch 58/100
-------------------------------
loss: 3703.240234 [   32/  800]
loss: 2629.723816 [  192/  800]
loss: 2712.773992 [  352/  800]
loss: 2526.665283 [  512/  800]
loss: 2461.526449 [  672/  800]
Epoch complete - average loss: 2483.298770
Root MSE: 50.660615

Epoch 59/100
-------------------------------
loss: 2040.691162 [   32/  800]
loss: 2858.321452 [  192/  800]
loss: 2496.805093 [  352/  800]
loss: 2608.377506 [  512/  800]
loss: 2523.585958 [  672/  800]
Epoch complete - average loss: 2467.870222
Root MSE: 50.508532

Epoch 60/100
-------------------------------
loss: 2495.879883 [   32/  800]
loss: 2979.625936 [  192/  800]
loss: 2410.311568 [  352/  800]
loss: 2572.883133 [  512/  800]
loss: 2455.496059 [  672/  800]
Epoch complete - average loss: 2452.233525
Root MSE: 50.372928

Epoch 61/100
-------------------------------
loss: 2780.407227 [   32/  800]
loss: 2941.208883 [  192/  800]
loss: 2520.152599 [  352/  800]
loss: 2311.338882 [  512/  800]
loss: 2353.053060 [  672/  800]
Epoch complete - average loss: 2437.835693
Root MSE: 50.242436

Epoch 62/100
-------------------------------
loss: 2284.588135 [   32/  800]
loss: 2091.687480 [  192/  800]
loss: 2166.030218 [  352/  800]
loss: 2199.570946 [  512/  800]
loss: 2439.225987 [  672/  800]
Epoch complete - average loss: 2423.883291
Root MSE: 50.116836

Epoch 63/100
-------------------------------
loss: 1607.282715 [   32/  800]
loss: 2198.299866 [  192/  800]
loss: 2539.879661 [  352/  800]
loss: 2424.385826 [  512/  800]
loss: 2469.597685 [  672/  800]
Epoch complete - average loss: 2410.741804
Root MSE: 49.991086

Epoch 64/100
-------------------------------
loss: 1967.241211 [   32/  800]
loss: 2538.640076 [  192/  800]
loss: 2353.632369 [  352/  800]
loss: 2460.088646 [  512/  800]
loss: 2465.978027 [  672/  800]
Epoch complete - average loss: 2398.045771
Root MSE: 49.870380

Epoch 65/100
-------------------------------
loss: 2692.117676 [   32/  800]
loss: 1961.720927 [  192/  800]
loss: 2315.305664 [  352/  800]
loss: 2603.056702 [  512/  800]
loss: 2434.515811 [  672/  800]
Epoch complete - average loss: 2385.911860
Root MSE: 49.754920

Epoch 66/100
-------------------------------
loss: 2975.845703 [   32/  800]
loss: 3038.442912 [  192/  800]
loss: 2796.284979 [  352/  800]
loss: 2536.455460 [  512/  800]
loss: 2434.295102 [  672/  800]
Epoch complete - average loss: 2374.385464
Root MSE: 49.644012

Epoch 67/100
-------------------------------
loss: 3494.356201 [   32/  800]
loss: 2417.077799 [  192/  800]
loss: 2617.184060 [  352/  800]
loss: 2436.708900 [  512/  800]
loss: 2372.990327 [  672/  800]
Epoch complete - average loss: 2362.986587
Root MSE: 49.544851

Epoch 68/100
-------------------------------
loss: 2496.362793 [   32/  800]
loss: 2095.461344 [  192/  800]
loss: 2250.546475 [  352/  800]
loss: 2283.179268 [  512/  800]
loss: 2250.297549 [  672/  800]
Epoch complete - average loss: 2352.222759
Root MSE: 49.452727

Epoch 69/100
-------------------------------
loss: 1874.077148 [   32/  800]
loss: 2228.124654 [  192/  800]
loss: 2352.714577 [  352/  800]
loss: 2274.527679 [  512/  800]
loss: 2408.493827 [  672/  800]
Epoch complete - average loss: 2342.526182
Root MSE: 49.355371

Epoch 70/100
-------------------------------
loss: 4728.969238 [   32/  800]
loss: 3098.472209 [  192/  800]
loss: 2627.378007 [  352/  800]
loss: 2540.575516 [  512/  800]
loss: 2412.143281 [  672/  800]
Epoch complete - average loss: 2332.900562
Root MSE: 49.262844

Epoch 71/100
-------------------------------
loss: 3259.738281 [   32/  800]
loss: 2786.553080 [  192/  800]
loss: 2535.985862 [  352/  800]
loss: 2407.344585 [  512/  800]
loss: 2248.160845 [  672/  800]
Epoch complete - average loss: 2323.408176
Root MSE: 49.181528

Epoch 72/100
-------------------------------
loss: 1828.829590 [   32/  800]
loss: 2481.463755 [  192/  800]
loss: 2503.509128 [  352/  800]
loss: 2362.193417 [  512/  800]
loss: 2308.390180 [  672/  800]
Epoch complete - average loss: 2314.994895
Root MSE: 49.097677

Epoch 73/100
-------------------------------
loss: 1237.593018 [   32/  800]
loss: 2333.715312 [  192/  800]
loss: 2364.969050 [  352/  800]
loss: 2253.933929 [  512/  800]
loss: 2244.688157 [  672/  800]
Epoch complete - average loss: 2306.249888
Root MSE: 49.025857

Epoch 74/100
-------------------------------
loss: 3238.066650 [   32/  800]
loss: 2559.133097 [  192/  800]
loss: 2442.449885 [  352/  800]
loss: 2192.116577 [  512/  800]
loss: 2269.751256 [  672/  800]
Epoch complete - average loss: 2298.683354
Root MSE: 48.947422

Epoch 75/100
-------------------------------
loss: 1247.251343 [   32/  800]
loss: 2300.561381 [  192/  800]
loss: 2341.693115 [  352/  800]
loss: 2289.441414 [  512/  800]
loss: 2226.614014 [  672/  800]
Epoch complete - average loss: 2290.871240
Root MSE: 48.879492

Epoch 76/100
-------------------------------
loss: 1739.886597 [   32/  800]
loss: 2156.835978 [  192/  800]
loss: 2158.097701 [  352/  800]
loss: 2165.453659 [  512/  800]
loss: 2164.471191 [  672/  800]
Epoch complete - average loss: 2283.643340
Root MSE: 48.816472

Epoch 77/100
-------------------------------
loss: 2534.727783 [   32/  800]
loss: 1966.184326 [  192/  800]
loss: 2324.967951 [  352/  800]
loss: 2257.992203 [  512/  800]
loss: 2361.993391 [  672/  800]
Epoch complete - average loss: 2277.069287
Root MSE: 48.750837

Epoch 78/100
-------------------------------
loss: 1193.432983 [   32/  800]
loss: 2109.397054 [  192/  800]
loss: 2069.439731 [  352/  800]
loss: 2142.182289 [  512/  800]
loss: 2202.142508 [  672/  800]
Epoch complete - average loss: 2270.443253
Root MSE: 48.692854

Epoch 79/100
-------------------------------
loss: 2456.671387 [   32/  800]
loss: 2328.028178 [  192/  800]
loss: 2289.153343 [  352/  800]
loss: 2284.030205 [  512/  800]
loss: 2211.951962 [  672/  800]
Epoch complete - average loss: 2264.347478
Root MSE: 48.636532

Epoch 80/100
-------------------------------
loss: 2699.433105 [   32/  800]
loss: 2497.554891 [  192/  800]
loss: 2331.183738 [  352/  800]
loss: 2165.888954 [  512/  800]
loss: 2219.172171 [  672/  800]
Epoch complete - average loss: 2258.825972
Root MSE: 48.578755

Epoch 81/100
-------------------------------
loss: 2617.720703 [   32/  800]
loss: 1999.449036 [  192/  800]
loss: 2080.157415 [  352/  800]
loss: 2129.098579 [  512/  800]
loss: 2236.687924 [  672/  800]
Epoch complete - average loss: 2252.808657
Root MSE: 48.535821

Epoch 82/100
-------------------------------
loss: 3038.327393 [   32/  800]
loss: 2490.527832 [  192/  800]
loss: 2462.666415 [  352/  800]
loss: 2509.496826 [  512/  800]
loss: 2290.807858 [  672/  800]
Epoch complete - average loss: 2248.249480
Root MSE: 48.482438

Epoch 83/100
-------------------------------
loss: 1307.839966 [   32/  800]
loss: 2159.323893 [  192/  800]
loss: 2322.479914 [  352/  800]
loss: 2244.974701 [  512/  800]
loss: 2298.039533 [  672/  800]
Epoch complete - average loss: 2242.796663
Root MSE: 48.441604

Epoch 84/100
-------------------------------
loss: 1719.466797 [   32/  800]
loss: 2003.956502 [  192/  800]
loss: 2225.757102 [  352/  800]
loss: 2337.388687 [  512/  800]
loss: 2235.564564 [  672/  800]
Epoch complete - average loss: 2238.313540
Root MSE: 48.398652

Epoch 85/100
-------------------------------
loss: 1890.620850 [   32/  800]
loss: 2223.465068 [  192/  800]
loss: 1969.202071 [  352/  800]
loss: 2088.622307 [  512/  800]
loss: 2185.265991 [  672/  800]
Epoch complete - average loss: 2233.835425
Root MSE: 48.361561

Epoch 86/100
-------------------------------
loss: 3223.523926 [   32/  800]
loss: 2518.712992 [  192/  800]
loss: 2263.493791 [  352/  800]
loss: 2086.604900 [  512/  800]
loss: 2179.259838 [  672/  800]
Epoch complete - average loss: 2229.799216
Root MSE: 48.324437

Epoch 87/100
-------------------------------
loss: 2476.267334 [   32/  800]
loss: 2320.018026 [  192/  800]
loss: 2470.241255 [  352/  800]
loss: 2363.435059 [  512/  800]
loss: 2227.465692 [  672/  800]
Epoch complete - average loss: 2225.962578
Root MSE: 48.287222

Epoch 88/100
-------------------------------
loss: 1805.589722 [   32/  800]
loss: 2220.535217 [  192/  800]
loss: 2158.665760 [  352/  800]
loss: 2068.783283 [  512/  800]
loss: 2220.684242 [  672/  800]
Epoch complete - average loss: 2222.200427
Root MSE: 48.254432

Epoch 89/100
-------------------------------
loss: 3015.582520 [   32/  800]
loss: 2204.883423 [  192/  800]
loss: 2361.353416 [  352/  800]
loss: 2287.982674 [  512/  800]
loss: 2196.871344 [  672/  800]
Epoch complete - average loss: 2218.821685
Root MSE: 48.223724

Epoch 90/100
-------------------------------
loss: 1552.412598 [   32/  800]
loss: 2434.183187 [  192/  800]
loss: 2250.175038 [  352/  800]
loss: 2333.325531 [  512/  800]
loss: 2284.662603 [  672/  800]
Epoch complete - average loss: 2215.475083
Root MSE: 48.195555

Epoch 91/100
-------------------------------
loss: 2949.900391 [   32/  800]
loss: 2041.091044 [  192/  800]
loss: 2142.785467 [  352/  800]
loss: 2012.940918 [  512/  800]
loss: 2117.717122 [  672/  800]
Epoch complete - average loss: 2212.391875
Root MSE: 48.169688

Epoch 92/100
-------------------------------
loss: 2811.509766 [   32/  800]
loss: 2495.223043 [  192/  800]
loss: 2244.316972 [  352/  800]
loss: 2245.276665 [  512/  800]
loss: 2258.491368 [  672/  800]
Epoch complete - average loss: 2209.781113
Root MSE: 48.141871

Epoch 93/100
-------------------------------
loss: 2436.564941 [   32/  800]
loss: 2079.158203 [  192/  800]
loss: 2491.558094 [  352/  800]
loss: 2330.080544 [  512/  800]
loss: 2360.678019 [  672/  800]
Epoch complete - average loss: 2207.017939
Root MSE: 48.117370

Epoch 94/100
-------------------------------
loss: 2392.189941 [   32/  800]
loss: 2192.712555 [  192/  800]
loss: 2123.781300 [  352/  800]
loss: 2295.215351 [  512/  800]
loss: 2221.972165 [  672/  800]
Epoch complete - average loss: 2204.314182
Root MSE: 48.097409

Epoch 95/100
-------------------------------
loss: 1707.231934 [   32/  800]
loss: 2210.147746 [  192/  800]
loss: 2101.927191 [  352/  800]
loss: 2210.265862 [  512/  800]
loss: 2257.882836 [  672/  800]
Epoch complete - average loss: 2202.024734
Root MSE: 48.078486

Epoch 96/100
-------------------------------
loss: 2421.830078 [   32/  800]
loss: 1747.791158 [  192/  800]
loss: 1791.226618 [  352/  800]
loss: 2061.115685 [  512/  800]
loss: 2137.945028 [  672/  800]
Epoch complete - average loss: 2199.869141
Root MSE: 48.061129

Epoch 97/100
-------------------------------
loss: 2399.588867 [   32/  800]
loss: 2324.546773 [  192/  800]
loss: 2332.169545 [  352/  800]
loss: 2304.612869 [  512/  800]
loss: 2266.951474 [  672/  800]
Epoch complete - average loss: 2198.022095
Root MSE: 48.040538

Epoch 98/100
-------------------------------
loss: 2480.864258 [   32/  800]
loss: 2401.552114 [  192/  800]
loss: 2036.533775 [  352/  800]
loss: 2210.030209 [  512/  800]
loss: 2197.916513 [  672/  800]
Epoch complete - average loss: 2195.863835
Root MSE: 48.024886

Epoch 99/100
-------------------------------
loss: 1695.640015 [   32/  800]
loss: 2418.702271 [  192/  800]
loss: 2289.752552 [  352/  800]
loss: 2276.758835 [  512/  800]
loss: 2197.041917 [  672/  800]
Epoch complete - average loss: 2194.086519
Root MSE: 48.010512

Epoch 100/100
-------------------------------
loss: 3650.116455 [   32/  800]
loss: 2373.569214 [  192/  800]
loss: 2280.624390 [  352/  800]
loss: 2241.891693 [  512/  800]
loss: 2262.381935 [  672/  800]
Epoch complete - average loss: 2192.469116
Root MSE: 47.997112
lowest validation loss: 2303.7227783203125 in epoch 99
lowest training loss: 2192.4691162109375 in epoch 99
Training and evaluating model: GRU hidden dimensions: 32, number of layers: 2 on dataset: Padding with lag parameter: 2

Epoch 1/100
-------------------------------
loss: 5254.849121 [   32/  800]
loss: 5802.780762 [  192/  800]
loss: 5422.821689 [  352/  800]
loss: 5488.581543 [  512/  800]
loss: 5527.401135 [  672/  800]
Epoch complete - average loss: 5746.577012
Root MSE: 75.574595

Epoch 2/100
-------------------------------
loss: 6373.939941 [   32/  800]
loss: 5372.110433 [  192/  800]
loss: 5366.592751 [  352/  800]
loss: 5694.716354 [  512/  800]
loss: 5636.988700 [  672/  800]
Epoch complete - average loss: 5598.080957
Root MSE: 74.276624

Epoch 3/100
-------------------------------
loss: 5599.940918 [   32/  800]
loss: 6327.106527 [  192/  800]
loss: 5569.012007 [  352/  800]
loss: 5459.605331 [  512/  800]
loss: 5646.379360 [  672/  800]
Epoch complete - average loss: 5373.259287
Root MSE: 72.656379

Epoch 4/100
-------------------------------
loss: 4520.456055 [   32/  800]
loss: 5389.461507 [  192/  800]
loss: 5180.727406 [  352/  800]
loss: 5245.546982 [  512/  800]
loss: 5244.001779 [  672/  800]
Epoch complete - average loss: 5158.119805
Root MSE: 71.414774

Epoch 5/100
-------------------------------
loss: 4629.248535 [   32/  800]
loss: 4809.823364 [  192/  800]
loss: 4979.539284 [  352/  800]
loss: 4887.121750 [  512/  800]
loss: 4994.264265 [  672/  800]
Epoch complete - average loss: 4995.853975
Root MSE: 70.440725

Epoch 6/100
-------------------------------
loss: 4781.638184 [   32/  800]
loss: 5339.683675 [  192/  800]
loss: 5159.505371 [  352/  800]
loss: 4988.742645 [  512/  800]
loss: 5028.183094 [  672/  800]
Epoch complete - average loss: 4870.012148
Root MSE: 69.616036

Epoch 7/100
-------------------------------
loss: 2397.318848 [   32/  800]
loss: 4924.383097 [  192/  800]
loss: 4850.096169 [  352/  800]
loss: 5045.129654 [  512/  800]
loss: 4949.469238 [  672/  800]
Epoch complete - average loss: 4760.141797
Root MSE: 68.881490

Epoch 8/100
-------------------------------
loss: 6635.239746 [   32/  800]
loss: 5374.226359 [  192/  800]
loss: 4897.061057 [  352/  800]
loss: 4922.123184 [  512/  800]
loss: 4731.352899 [  672/  800]
Epoch complete - average loss: 4661.152813
Root MSE: 68.203813

Epoch 9/100
-------------------------------
loss: 4083.416992 [   32/  800]
loss: 5238.104492 [  192/  800]
loss: 4593.787642 [  352/  800]
loss: 4457.751602 [  512/  800]
loss: 4452.848668 [  672/  800]
Epoch complete - average loss: 4568.762568
Root MSE: 67.561178

Epoch 10/100
-------------------------------
loss: 3772.073242 [   32/  800]
loss: 4686.304443 [  192/  800]
loss: 4675.080145 [  352/  800]
loss: 4423.976593 [  512/  800]
loss: 4465.686186 [  672/  800]
Epoch complete - average loss: 4481.185586
Root MSE: 66.942531

Epoch 11/100
-------------------------------
loss: 4449.495605 [   32/  800]
loss: 4120.271606 [  192/  800]
loss: 4545.455677 [  352/  800]
loss: 4373.552216 [  512/  800]
loss: 4492.944906 [  672/  800]
Epoch complete - average loss: 4398.394541
Root MSE: 66.335073

Epoch 12/100
-------------------------------
loss: 2472.979980 [   32/  800]
loss: 4059.912801 [  192/  800]
loss: 4160.082675 [  352/  800]
loss: 3996.433670 [  512/  800]
loss: 4261.359073 [  672/  800]
Epoch complete - average loss: 4317.885654
Root MSE: 65.758976

Epoch 13/100
-------------------------------
loss: 1897.475342 [   32/  800]
loss: 4323.397013 [  192/  800]
loss: 4493.120162 [  352/  800]
loss: 4570.557785 [  512/  800]
loss: 4303.050467 [  672/  800]
Epoch complete - average loss: 4242.118828
Root MSE: 65.185121

Epoch 14/100
-------------------------------
loss: 2672.930176 [   32/  800]
loss: 4169.013143 [  192/  800]
loss: 4417.358820 [  352/  800]
loss: 4268.106796 [  512/  800]
loss: 4106.610468 [  672/  800]
Epoch complete - average loss: 4167.240039
Root MSE: 64.642427

Epoch 15/100
-------------------------------
loss: 4074.226562 [   32/  800]
loss: 4169.519531 [  192/  800]
loss: 3981.772883 [  352/  800]
loss: 4082.332794 [  512/  800]
loss: 4021.626535 [  672/  800]
Epoch complete - average loss: 4096.235937
Root MSE: 64.106816

Epoch 16/100
-------------------------------
loss: 3919.739990 [   32/  800]
loss: 3864.602702 [  192/  800]
loss: 4423.413996 [  352/  800]
loss: 4228.780106 [  512/  800]
loss: 4146.254162 [  672/  800]
Epoch complete - average loss: 4026.978604
Root MSE: 63.585389

Epoch 17/100
-------------------------------
loss: 7808.881836 [   32/  800]
loss: 4742.158366 [  192/  800]
loss: 4220.794178 [  352/  800]
loss: 3846.953026 [  512/  800]
loss: 3971.600755 [  672/  800]
Epoch complete - average loss: 3960.472378
Root MSE: 63.079709

Epoch 18/100
-------------------------------
loss: 3877.657471 [   32/  800]
loss: 4427.289998 [  192/  800]
loss: 4394.828547 [  352/  800]
loss: 4267.102768 [  512/  800]
loss: 4032.697580 [  672/  800]
Epoch complete - average loss: 3896.437871
Root MSE: 62.579832

Epoch 19/100
-------------------------------
loss: 4067.977539 [   32/  800]
loss: 3818.677856 [  192/  800]
loss: 3549.458230 [  352/  800]
loss: 3538.346054 [  512/  800]
loss: 3872.248245 [  672/  800]
Epoch complete - average loss: 3833.615127
Root MSE: 62.105721

Epoch 20/100
-------------------------------
loss: 2780.386230 [   32/  800]
loss: 3988.395793 [  192/  800]
loss: 3827.678067 [  352/  800]
loss: 3938.317032 [  512/  800]
loss: 3894.467971 [  672/  800]
Epoch complete - average loss: 3773.516123
Root MSE: 61.631135

Epoch 21/100
-------------------------------
loss: 4936.372070 [   32/  800]
loss: 3618.535116 [  192/  800]
loss: 3881.103227 [  352/  800]
loss: 3593.787537 [  512/  800]
loss: 3645.589559 [  672/  800]
Epoch complete - average loss: 3714.775854
Root MSE: 61.176852

Epoch 22/100
-------------------------------
loss: 4259.410645 [   32/  800]
loss: 3929.452840 [  192/  800]
loss: 3890.049294 [  352/  800]
loss: 3874.661606 [  512/  800]
loss: 3673.860979 [  672/  800]
Epoch complete - average loss: 3658.643721
Root MSE: 60.722176

Epoch 23/100
-------------------------------
loss: 1742.250366 [   32/  800]
loss: 2944.337911 [  192/  800]
loss: 3240.816839 [  352/  800]
loss: 3256.143829 [  512/  800]
loss: 3308.671038 [  672/  800]
Epoch complete - average loss: 3602.375176
Root MSE: 60.301112

Epoch 24/100
-------------------------------
loss: 4112.014648 [   32/  800]
loss: 3992.354045 [  192/  800]
loss: 3870.225453 [  352/  800]
loss: 3534.102058 [  512/  800]
loss: 3564.895107 [  672/  800]
Epoch complete - average loss: 3550.525308
Root MSE: 59.861547

Epoch 25/100
-------------------------------
loss: 5045.785156 [   32/  800]
loss: 3571.288045 [  192/  800]
loss: 3737.089833 [  352/  800]
loss: 3683.410164 [  512/  800]
loss: 3599.403733 [  672/  800]
Epoch complete - average loss: 3498.606821
Root MSE: 59.443221

Epoch 26/100
-------------------------------
loss: 2239.687744 [   32/  800]
loss: 2869.964111 [  192/  800]
loss: 3088.160578 [  352/  800]
loss: 3063.514671 [  512/  800]
loss: 3311.281360 [  672/  800]
Epoch complete - average loss: 3447.549204
Root MSE: 59.048910

Epoch 27/100
-------------------------------
loss: 3026.215576 [   32/  800]
loss: 3299.135824 [  192/  800]
loss: 3522.900413 [  352/  800]
loss: 3682.158112 [  512/  800]
loss: 3396.029582 [  672/  800]
Epoch complete - average loss: 3400.311538
Root MSE: 58.640722

Epoch 28/100
-------------------------------
loss: 1152.193359 [   32/  800]
loss: 3001.799683 [  192/  800]
loss: 2902.222046 [  352/  800]
loss: 3045.015068 [  512/  800]
loss: 3377.795928 [  672/  800]
Epoch complete - average loss: 3352.376025
Root MSE: 58.261648

Epoch 29/100
-------------------------------
loss: 4534.100586 [   32/  800]
loss: 3569.605509 [  192/  800]
loss: 3276.765958 [  352/  800]
loss: 3399.422089 [  512/  800]
loss: 3287.569359 [  672/  800]
Epoch complete - average loss: 3307.357119
Root MSE: 57.879508

Epoch 30/100
-------------------------------
loss: 3428.373047 [   32/  800]
loss: 2944.720093 [  192/  800]
loss: 3201.891091 [  352/  800]
loss: 3474.367462 [  512/  800]
loss: 3303.606056 [  672/  800]
Epoch complete - average loss: 3263.096680
Root MSE: 57.514096

Epoch 31/100
-------------------------------
loss: 2318.314697 [   32/  800]
loss: 3893.337280 [  192/  800]
loss: 3601.863470 [  352/  800]
loss: 3421.410500 [  512/  800]
loss: 3358.029495 [  672/  800]
Epoch complete - average loss: 3220.560396
Root MSE: 57.153031

Epoch 32/100
-------------------------------
loss: 3127.097656 [   32/  800]
loss: 3471.674398 [  192/  800]
loss: 3231.848034 [  352/  800]
loss: 3362.417786 [  512/  800]
loss: 3272.958833 [  672/  800]
Epoch complete - average loss: 3179.041270
Root MSE: 56.803462

Epoch 33/100
-------------------------------
loss: 3845.653076 [   32/  800]
loss: 3186.513753 [  192/  800]
loss: 3061.856135 [  352/  800]
loss: 3161.543839 [  512/  800]
loss: 2992.425496 [  672/  800]
Epoch complete - average loss: 3138.607104
Root MSE: 56.473233

Epoch 34/100
-------------------------------
loss: 2003.032471 [   32/  800]
loss: 2450.188517 [  192/  800]
loss: 2968.949663 [  352/  800]
loss: 3061.408295 [  512/  800]
loss: 3038.371239 [  672/  800]
Epoch complete - average loss: 3100.063110
Root MSE: 56.143668

Epoch 35/100
-------------------------------
loss: 1302.909668 [   32/  800]
loss: 3296.189372 [  192/  800]
loss: 3054.574862 [  352/  800]
loss: 3194.897522 [  512/  800]
loss: 3065.010626 [  672/  800]
Epoch complete - average loss: 3062.750239
Root MSE: 55.816557

Epoch 36/100
-------------------------------
loss: 1439.566650 [   32/  800]
loss: 2830.520691 [  192/  800]
loss: 2987.076139 [  352/  800]
loss: 2991.176216 [  512/  800]
loss: 3152.056914 [  672/  800]
Epoch complete - average loss: 3026.206445
Root MSE: 55.504730

Epoch 37/100
-------------------------------
loss: 3856.847900 [   32/  800]
loss: 2743.924215 [  192/  800]
loss: 2786.328047 [  352/  800]
loss: 2972.190231 [  512/  800]
loss: 3049.360043 [  672/  800]
Epoch complete - average loss: 2990.779126
Root MSE: 55.205587

Epoch 38/100
-------------------------------
loss: 2801.885742 [   32/  800]
loss: 2964.042786 [  192/  800]
loss: 2995.199296 [  352/  800]
loss: 2798.959969 [  512/  800]
loss: 2943.378796 [  672/  800]
Epoch complete - average loss: 2956.850845
Root MSE: 54.909215

Epoch 39/100
-------------------------------
loss: 3257.197754 [   32/  800]
loss: 3492.973918 [  192/  800]
loss: 2934.342718 [  352/  800]
loss: 2999.522484 [  512/  800]
loss: 3024.533232 [  672/  800]
Epoch complete - average loss: 2924.439897
Root MSE: 54.614261

Epoch 40/100
-------------------------------
loss: 1657.678467 [   32/  800]
loss: 2842.774129 [  192/  800]
loss: 2615.763195 [  352/  800]
loss: 2892.044975 [  512/  800]
loss: 2924.016282 [  672/  800]
Epoch complete - average loss: 2891.944561
Root MSE: 54.342808

Epoch 41/100
-------------------------------
loss: 3158.038086 [   32/  800]
loss: 2897.227336 [  192/  800]
loss: 2651.860884 [  352/  800]
loss: 2676.675781 [  512/  800]
loss: 2950.212333 [  672/  800]
Epoch complete - average loss: 2861.394917
Root MSE: 54.072672

Epoch 42/100
-------------------------------
loss: 4277.174805 [   32/  800]
loss: 3301.029256 [  192/  800]
loss: 3067.819869 [  352/  800]
loss: 2838.024429 [  512/  800]
loss: 2869.637480 [  672/  800]
Epoch complete - average loss: 2831.843691
Root MSE: 53.810450

Epoch 43/100
-------------------------------
loss: 2784.870605 [   32/  800]
loss: 2817.663615 [  192/  800]
loss: 2767.380815 [  352/  800]
loss: 2670.495735 [  512/  800]
loss: 2680.675183 [  672/  800]
Epoch complete - average loss: 2802.917759
Root MSE: 53.561341

Epoch 44/100
-------------------------------
loss: 2637.437988 [   32/  800]
loss: 2847.890299 [  192/  800]
loss: 2792.604781 [  352/  800]
loss: 2786.212288 [  512/  800]
loss: 2712.294375 [  672/  800]
Epoch complete - average loss: 2775.663359
Root MSE: 53.309061

Epoch 45/100
-------------------------------
loss: 2755.655273 [   32/  800]
loss: 2625.682617 [  192/  800]
loss: 2540.853582 [  352/  800]
loss: 2620.171753 [  512/  800]
loss: 2664.839443 [  672/  800]
Epoch complete - average loss: 2748.474207
Root MSE: 53.073872

Epoch 46/100
-------------------------------
loss: 3041.474365 [   32/  800]
loss: 2663.878377 [  192/  800]
loss: 2787.002464 [  352/  800]
loss: 2854.873863 [  512/  800]
loss: 2753.330444 [  672/  800]
Epoch complete - average loss: 2723.006709
Root MSE: 52.838681

Epoch 47/100
-------------------------------
loss: 3898.986816 [   32/  800]
loss: 2629.806641 [  192/  800]
loss: 2832.593284 [  352/  800]
loss: 2773.423622 [  512/  800]
loss: 2686.443016 [  672/  800]
Epoch complete - average loss: 2698.133071
Root MSE: 52.613614

Epoch 48/100
-------------------------------
loss: 2499.783691 [   32/  800]
loss: 2828.092814 [  192/  800]
loss: 2691.217074 [  352/  800]
loss: 2689.671989 [  512/  800]
loss: 2790.929937 [  672/  800]
Epoch complete - average loss: 2673.799312
Root MSE: 52.400536

Epoch 49/100
-------------------------------
loss: 1335.516846 [   32/  800]
loss: 2616.925761 [  192/  800]
loss: 2763.761441 [  352/  800]
loss: 2565.594978 [  512/  800]
loss: 2665.490949 [  672/  800]
Epoch complete - average loss: 2650.955039
Root MSE: 52.191451

Epoch 50/100
-------------------------------
loss: 2877.886230 [   32/  800]
loss: 2270.437378 [  192/  800]
loss: 2550.901467 [  352/  800]
loss: 2807.209534 [  512/  800]
loss: 2711.715489 [  672/  800]
Epoch complete - average loss: 2628.722793
Root MSE: 51.988281

Epoch 51/100
-------------------------------
loss: 5402.022461 [   32/  800]
loss: 3028.101522 [  192/  800]
loss: 2856.206277 [  352/  800]
loss: 2622.128990 [  512/  800]
loss: 2655.622280 [  672/  800]
Epoch complete - average loss: 2607.220254
Root MSE: 51.792981

Epoch 52/100
-------------------------------
loss: 1253.041138 [   32/  800]
loss: 2612.862488 [  192/  800]
loss: 2909.637063 [  352/  800]
loss: 2833.610680 [  512/  800]
loss: 2679.767921 [  672/  800]
Epoch complete - average loss: 2586.575981
Root MSE: 51.606416

Epoch 53/100
-------------------------------
loss: 1993.838623 [   32/  800]
loss: 2624.267883 [  192/  800]
loss: 2664.863137 [  352/  800]
loss: 2521.110878 [  512/  800]
loss: 2607.548160 [  672/  800]
Epoch complete - average loss: 2566.479873
Root MSE: 51.429907

Epoch 54/100
-------------------------------
loss: 4030.467041 [   32/  800]
loss: 2978.628255 [  192/  800]
loss: 2798.814764 [  352/  800]
loss: 2623.917587 [  512/  800]
loss: 2649.887614 [  672/  800]
Epoch complete - average loss: 2547.990024
Root MSE: 51.248511

Epoch 55/100
-------------------------------
loss: 3896.204834 [   32/  800]
loss: 2513.613607 [  192/  800]
loss: 2602.440319 [  352/  800]
loss: 2568.084213 [  512/  800]
loss: 2698.088420 [  672/  800]
Epoch complete - average loss: 2529.186499
Root MSE: 51.082805

Epoch 56/100
-------------------------------
loss: 1517.942749 [   32/  800]
loss: 2647.495341 [  192/  800]
loss: 2651.964855 [  352/  800]
loss: 2588.701050 [  512/  800]
loss: 2547.237624 [  672/  800]
Epoch complete - average loss: 2511.616704
Root MSE: 50.923621

Epoch 57/100
-------------------------------
loss: 2716.410889 [   32/  800]
loss: 2115.150472 [  192/  800]
loss: 2498.976074 [  352/  800]
loss: 2494.551117 [  512/  800]
loss: 2491.815674 [  672/  800]
Epoch complete - average loss: 2494.661816
Root MSE: 50.770423

Epoch 58/100
-------------------------------
loss: 2976.634766 [   32/  800]
loss: 2334.408000 [  192/  800]
loss: 2319.577204 [  352/  800]
loss: 2347.583389 [  512/  800]
loss: 2396.177095 [  672/  800]
Epoch complete - average loss: 2478.371055
Root MSE: 50.622294

Epoch 59/100
-------------------------------
loss: 2503.389893 [   32/  800]
loss: 2461.587646 [  192/  800]
loss: 2526.445756 [  352/  800]
loss: 2516.148071 [  512/  800]
loss: 2394.138457 [  672/  800]
Epoch complete - average loss: 2463.095786
Root MSE: 50.473337

Epoch 60/100
-------------------------------
loss: 2117.823242 [   32/  800]
loss: 2467.935994 [  192/  800]
loss: 2505.753385 [  352/  800]
loss: 2469.035355 [  512/  800]
loss: 2393.592500 [  672/  800]
Epoch complete - average loss: 2447.963755
Root MSE: 50.334204

Epoch 61/100
-------------------------------
loss: 2430.915527 [   32/  800]
loss: 2513.142314 [  192/  800]
loss: 2529.335760 [  352/  800]
loss: 2443.057327 [  512/  800]
loss: 2333.631807 [  672/  800]
Epoch complete - average loss: 2433.593247
Root MSE: 50.201167

Epoch 62/100
-------------------------------
loss: 2097.848633 [   32/  800]
loss: 2140.475362 [  192/  800]
loss: 2130.729514 [  352/  800]
loss: 2198.048531 [  512/  800]
loss: 2260.010196 [  672/  800]
Epoch complete - average loss: 2419.643340
Root MSE: 50.079464

Epoch 63/100
-------------------------------
loss: 2045.685059 [   32/  800]
loss: 2317.396403 [  192/  800]
loss: 2393.206266 [  352/  800]
loss: 2511.460419 [  512/  800]
loss: 2439.862834 [  672/  800]
Epoch complete - average loss: 2406.768650
Root MSE: 49.953958

Epoch 64/100
-------------------------------
loss: 1666.251953 [   32/  800]
loss: 2519.749227 [  192/  800]
loss: 2469.783791 [  352/  800]
loss: 2463.244980 [  512/  800]
loss: 2355.731277 [  672/  800]
Epoch complete - average loss: 2394.273970
Root MSE: 49.833381

Epoch 65/100
-------------------------------
loss: 1706.140991 [   32/  800]
loss: 2389.086650 [  192/  800]
loss: 2576.410389 [  352/  800]
loss: 2553.464447 [  512/  800]
loss: 2419.280204 [  672/  800]
Epoch complete - average loss: 2382.070415
Root MSE: 49.721290

Epoch 66/100
-------------------------------
loss: 945.925598 [   32/  800]
loss: 2207.344248 [  192/  800]
loss: 2323.843223 [  352/  800]
loss: 2299.292034 [  512/  800]
loss: 2320.263477 [  672/  800]
Epoch complete - average loss: 2370.529250
Root MSE: 49.616048

Epoch 67/100
-------------------------------
loss: 1879.328369 [   32/  800]
loss: 2337.458862 [  192/  800]
loss: 2048.988792 [  352/  800]
loss: 2115.441063 [  512/  800]
loss: 2279.170079 [  672/  800]
Epoch complete - average loss: 2359.407993
Root MSE: 49.519675

Epoch 68/100
-------------------------------
loss: 2804.914551 [   32/  800]
loss: 2530.913696 [  192/  800]
loss: 2446.380116 [  352/  800]
loss: 2401.651093 [  512/  800]
loss: 2318.283569 [  672/  800]
Epoch complete - average loss: 2349.174824
Root MSE: 49.421257

Epoch 69/100
-------------------------------
loss: 4029.274902 [   32/  800]
loss: 3171.429932 [  192/  800]
loss: 2513.461282 [  352/  800]
loss: 2367.327347 [  512/  800]
loss: 2569.506237 [  672/  800]
Epoch complete - average loss: 2339.599517
Root MSE: 49.320796

Epoch 70/100
-------------------------------
loss: 2323.528564 [   32/  800]
loss: 2213.949870 [  192/  800]
loss: 2600.207775 [  352/  800]
loss: 2388.155273 [  512/  800]
loss: 2317.439825 [  672/  800]
Epoch complete - average loss: 2329.444922
Root MSE: 49.237973

Epoch 71/100
-------------------------------
loss: 2406.014648 [   32/  800]
loss: 2424.820374 [  192/  800]
loss: 2436.324241 [  352/  800]
loss: 2445.703045 [  512/  800]
loss: 2377.217678 [  672/  800]
Epoch complete - average loss: 2320.647161
Root MSE: 49.152560

Epoch 72/100
-------------------------------
loss: 1078.717651 [   32/  800]
loss: 2312.525472 [  192/  800]
loss: 2254.447421 [  352/  800]
loss: 2450.317368 [  512/  800]
loss: 2405.067726 [  672/  800]
Epoch complete - average loss: 2312.015327
Root MSE: 49.072078

Epoch 73/100
-------------------------------
loss: 1592.626953 [   32/  800]
loss: 2298.865926 [  192/  800]
loss: 2700.106456 [  352/  800]
loss: 2501.766586 [  512/  800]
loss: 2340.484305 [  672/  800]
Epoch complete - average loss: 2303.698145
Root MSE: 48.998672

Epoch 74/100
-------------------------------
loss: 1292.600586 [   32/  800]
loss: 2209.595194 [  192/  800]
loss: 2026.005171 [  352/  800]
loss: 2257.007088 [  512/  800]
loss: 2305.779896 [  672/  800]
Epoch complete - average loss: 2296.077734
Root MSE: 48.925022

Epoch 75/100
-------------------------------
loss: 1635.933105 [   32/  800]
loss: 2523.942912 [  192/  800]
loss: 2354.556696 [  352/  800]
loss: 2256.841671 [  512/  800]
loss: 2193.517395 [  672/  800]
Epoch complete - average loss: 2288.381243
Root MSE: 48.859667

Epoch 76/100
-------------------------------
loss: 2645.378906 [   32/  800]
loss: 2110.671204 [  192/  800]
loss: 2206.515470 [  352/  800]
loss: 2303.415817 [  512/  800]
loss: 2267.042922 [  672/  800]
Epoch complete - average loss: 2281.591543
Root MSE: 48.794404

Epoch 77/100
-------------------------------
loss: 1762.548828 [   32/  800]
loss: 2406.554464 [  192/  800]
loss: 2459.875832 [  352/  800]
loss: 2430.222214 [  512/  800]
loss: 2351.197702 [  672/  800]
Epoch complete - average loss: 2274.974473
Root MSE: 48.729708

Epoch 78/100
-------------------------------
loss: 2070.266113 [   32/  800]
loss: 2392.704183 [  192/  800]
loss: 2439.317727 [  352/  800]
loss: 2421.547203 [  512/  800]
loss: 2266.710350 [  672/  800]
Epoch complete - average loss: 2268.540410
Root MSE: 48.671340

Epoch 79/100
-------------------------------
loss: 1684.287476 [   32/  800]
loss: 2388.542501 [  192/  800]
loss: 2026.448287 [  352/  800]
loss: 2199.005676 [  512/  800]
loss: 2233.960589 [  672/  800]
Epoch complete - average loss: 2262.362866
Root MSE: 48.619385

Epoch 80/100
-------------------------------
loss: 2784.361816 [   32/  800]
loss: 2260.432353 [  192/  800]
loss: 2282.006148 [  352/  800]
loss: 2232.146629 [  512/  800]
loss: 2309.829479 [  672/  800]
Epoch complete - average loss: 2256.773267
Root MSE: 48.566649

Epoch 81/100
-------------------------------
loss: 1504.725098 [   32/  800]
loss: 2203.390584 [  192/  800]
loss: 2162.493097 [  352/  800]
loss: 1994.167389 [  512/  800]
loss: 2259.323777 [  672/  800]
Epoch complete - average loss: 2251.327793
Root MSE: 48.517929

Epoch 82/100
-------------------------------
loss: 2167.439453 [   32/  800]
loss: 2241.245524 [  192/  800]
loss: 2278.378074 [  352/  800]
loss: 2111.386436 [  512/  800]
loss: 2209.713850 [  672/  800]
Epoch complete - average loss: 2246.214097
Root MSE: 48.473034

Epoch 83/100
-------------------------------
loss: 1928.229126 [   32/  800]
loss: 2014.042989 [  192/  800]
loss: 2237.334362 [  352/  800]
loss: 2106.705536 [  512/  800]
loss: 2256.180234 [  672/  800]
Epoch complete - average loss: 2241.556045
Root MSE: 48.428147

Epoch 84/100
-------------------------------
loss: 3377.771484 [   32/  800]
loss: 2451.297302 [  192/  800]
loss: 2431.865689 [  352/  800]
loss: 2415.203346 [  512/  800]
loss: 2309.966169 [  672/  800]
Epoch complete - average loss: 2237.124448
Root MSE: 48.382467

Epoch 85/100
-------------------------------
loss: 2731.792969 [   32/  800]
loss: 2171.666361 [  192/  800]
loss: 2089.430597 [  352/  800]
loss: 2357.888870 [  512/  800]
loss: 2209.036383 [  672/  800]
Epoch complete - average loss: 2232.430420
Root MSE: 48.347298

Epoch 86/100
-------------------------------
loss: 2813.186035 [   32/  800]
loss: 2734.938436 [  192/  800]
loss: 2468.418468 [  352/  800]
loss: 2422.599892 [  512/  800]
loss: 2318.972505 [  672/  800]
Epoch complete - average loss: 2228.611873
Root MSE: 48.309405

Epoch 87/100
-------------------------------
loss: 1522.385864 [   32/  800]
loss: 2133.380229 [  192/  800]
loss: 2224.537653 [  352/  800]
loss: 2149.212357 [  512/  800]
loss: 2175.955543 [  672/  800]
Epoch complete - average loss: 2224.718838
Root MSE: 48.277370

Epoch 88/100
-------------------------------
loss: 1319.474609 [   32/  800]
loss: 1903.999573 [  192/  800]
loss: 1969.256170 [  352/  800]
loss: 2244.615845 [  512/  800]
loss: 2284.307170 [  672/  800]
Epoch complete - average loss: 2221.169087
Root MSE: 48.245527

Epoch 89/100
-------------------------------
loss: 2571.552490 [   32/  800]
loss: 1929.368062 [  192/  800]
loss: 1998.559260 [  352/  800]
loss: 2172.610046 [  512/  800]
loss: 2068.686012 [  672/  800]
Epoch complete - average loss: 2217.672432
Root MSE: 48.217174

Epoch 90/100
-------------------------------
loss: 2770.701172 [   32/  800]
loss: 2301.027730 [  192/  800]
loss: 2328.524503 [  352/  800]
loss: 2097.718079 [  512/  800]
loss: 2137.802182 [  672/  800]
Epoch complete - average loss: 2214.658052
Root MSE: 48.187443

Epoch 91/100
-------------------------------
loss: 4176.529297 [   32/  800]
loss: 2002.309347 [  192/  800]
loss: 2102.821489 [  352/  800]
loss: 2249.705345 [  512/  800]
loss: 2220.022194 [  672/  800]
Epoch complete - average loss: 2211.658779
Root MSE: 48.160731

Epoch 92/100
-------------------------------
loss: 1082.397583 [   32/  800]
loss: 2762.751689 [  192/  800]
loss: 2407.419467 [  352/  800]
loss: 2336.915665 [  512/  800]
loss: 2276.975214 [  672/  800]
Epoch complete - average loss: 2208.917974
Root MSE: 48.134898

Epoch 93/100
-------------------------------
loss: 2209.776367 [   32/  800]
loss: 2109.639526 [  192/  800]
loss: 2210.771906 [  352/  800]
loss: 2323.218903 [  512/  800]
loss: 2275.496280 [  672/  800]
Epoch complete - average loss: 2206.253701
Root MSE: 48.111430

Epoch 94/100
-------------------------------
loss: 2955.046875 [   32/  800]
loss: 2639.688212 [  192/  800]
loss: 2326.762440 [  352/  800]
loss: 2380.010345 [  512/  800]
loss: 2271.010347 [  672/  800]
Epoch complete - average loss: 2203.718857
Root MSE: 48.091280

Epoch 95/100
-------------------------------
loss: 1429.094482 [   32/  800]
loss: 1741.964783 [  192/  800]
loss: 2135.589000 [  352/  800]
loss: 2214.665573 [  512/  800]
loss: 2205.318656 [  672/  800]
Epoch complete - average loss: 2201.540762
Root MSE: 48.073110

Epoch 96/100
-------------------------------
loss: 1607.061279 [   32/  800]
loss: 2062.390299 [  192/  800]
loss: 2078.839622 [  352/  800]
loss: 2227.319618 [  512/  800]
loss: 2217.538382 [  672/  800]
Epoch complete - average loss: 2199.358997
Root MSE: 48.053811

Epoch 97/100
-------------------------------
loss: 1458.786987 [   32/  800]
loss: 1878.471975 [  192/  800]
loss: 2056.904835 [  352/  800]
loss: 2230.518879 [  512/  800]
loss: 2251.170634 [  672/  800]
Epoch complete - average loss: 2197.284104
Root MSE: 48.037044

Epoch 98/100
-------------------------------
loss: 1500.544067 [   32/  800]
loss: 2411.076803 [  192/  800]
loss: 2244.016635 [  352/  800]
loss: 2103.237251 [  512/  800]
loss: 2068.208932 [  672/  800]
Epoch complete - average loss: 2195.376333
Root MSE: 48.023192

Epoch 99/100
-------------------------------
loss: 2807.683105 [   32/  800]
loss: 2437.614461 [  192/  800]
loss: 2319.917791 [  352/  800]
loss: 2190.315674 [  512/  800]
loss: 2143.821469 [  672/  800]
Epoch complete - average loss: 2193.842329
Root MSE: 48.006516

Epoch 100/100
-------------------------------
loss: 2159.896484 [   32/  800]
loss: 1970.210246 [  192/  800]
loss: 2082.556019 [  352/  800]
loss: 2230.922791 [  512/  800]
loss: 2186.634132 [  672/  800]
Epoch complete - average loss: 2191.982656
Root MSE: 47.995480
lowest validation loss: 2303.5660574776784 in epoch 99
lowest training loss: 2191.98265625 in epoch 99
Training and evaluating model: GRU hidden dimensions: 32, number of layers: 2 on dataset: Padding with lag parameter: 3

Epoch 1/100
-------------------------------
loss: 5742.243164 [   32/  800]
loss: 4765.980428 [  192/  800]
loss: 5196.925870 [  352/  800]
loss: 5558.908386 [  512/  800]
loss: 5792.855632 [  672/  800]
Epoch complete - average loss: 5737.937754
Root MSE: 75.529615

Epoch 2/100
-------------------------------
loss: 6064.598633 [   32/  800]
loss: 5028.612427 [  192/  800]
loss: 5611.538818 [  352/  800]
loss: 5375.009354 [  512/  800]
loss: 5349.601923 [  672/  800]
Epoch complete - average loss: 5587.332295
Root MSE: 74.187028

Epoch 3/100
-------------------------------
loss: 4788.976562 [   32/  800]
loss: 5940.887207 [  192/  800]
loss: 5647.537620 [  352/  800]
loss: 5618.795517 [  512/  800]
loss: 5378.984782 [  672/  800]
Epoch complete - average loss: 5360.470137
Root MSE: 72.617090

Epoch 4/100
-------------------------------
loss: 5740.082031 [   32/  800]
loss: 5378.294556 [  192/  800]
loss: 4991.816761 [  352/  800]
loss: 4932.905350 [  512/  800]
loss: 5115.998338 [  672/  800]
Epoch complete - average loss: 5153.041064
Root MSE: 71.410009

Epoch 5/100
-------------------------------
loss: 3689.513916 [   32/  800]
loss: 4450.945475 [  192/  800]
loss: 4513.873801 [  352/  800]
loss: 4857.732727 [  512/  800]
loss: 4883.277344 [  672/  800]
Epoch complete - average loss: 4997.643887
Root MSE: 70.475946

Epoch 6/100
-------------------------------
loss: 3165.075195 [   32/  800]
loss: 4745.420044 [  192/  800]
loss: 4603.483532 [  352/  800]
loss: 4708.193863 [  512/  800]
loss: 4596.254697 [  672/  800]
Epoch complete - average loss: 4874.074844
Root MSE: 69.678218

Epoch 7/100
-------------------------------
loss: 5815.555664 [   32/  800]
loss: 5654.966146 [  192/  800]
loss: 5581.836115 [  352/  800]
loss: 5248.977402 [  512/  800]
loss: 5022.950893 [  672/  800]
Epoch complete - average loss: 4769.302061
Root MSE: 68.946884

Epoch 8/100
-------------------------------
loss: 4660.523438 [   32/  800]
loss: 4642.103516 [  192/  800]
loss: 4622.391335 [  352/  800]
loss: 4549.629684 [  512/  800]
loss: 4833.910726 [  672/  800]
Epoch complete - average loss: 4670.503838
Root MSE: 68.282870

Epoch 9/100
-------------------------------
loss: 5559.306152 [   32/  800]
loss: 4576.114990 [  192/  800]
loss: 4555.650213 [  352/  800]
loss: 4651.793671 [  512/  800]
loss: 4650.014125 [  672/  800]
Epoch complete - average loss: 4579.909170
Root MSE: 67.637005

Epoch 10/100
-------------------------------
loss: 5407.177734 [   32/  800]
loss: 4717.256470 [  192/  800]
loss: 4292.710738 [  352/  800]
loss: 4316.634384 [  512/  800]
loss: 4470.654029 [  672/  800]
Epoch complete - average loss: 4492.723486
Root MSE: 67.026272

Epoch 11/100
-------------------------------
loss: 4064.251953 [   32/  800]
loss: 4116.428304 [  192/  800]
loss: 3931.908625 [  352/  800]
loss: 4332.635544 [  512/  800]
loss: 4506.527332 [  672/  800]
Epoch complete - average loss: 4410.264604
Root MSE: 66.429114

Epoch 12/100
-------------------------------
loss: 7759.266602 [   32/  800]
loss: 4522.960286 [  192/  800]
loss: 4827.412864 [  352/  800]
loss: 4532.766922 [  512/  800]
loss: 4477.731410 [  672/  800]
Epoch complete - average loss: 4330.892559
Root MSE: 65.845163

Epoch 13/100
-------------------------------
loss: 4029.103516 [   32/  800]
loss: 3923.868734 [  192/  800]
loss: 4342.185591 [  352/  800]
loss: 4423.177704 [  512/  800]
loss: 4266.867490 [  672/  800]
Epoch complete - average loss: 4254.633994
Root MSE: 65.285071

Epoch 14/100
-------------------------------
loss: 4576.079102 [   32/  800]
loss: 4253.119141 [  192/  800]
loss: 4118.428800 [  352/  800]
loss: 4199.915985 [  512/  800]
loss: 4130.261858 [  672/  800]
Epoch complete - average loss: 4180.484629
Root MSE: 64.742700

Epoch 15/100
-------------------------------
loss: 2767.075684 [   32/  800]
loss: 4590.919922 [  192/  800]
loss: 4326.288175 [  352/  800]
loss: 4206.982544 [  512/  800]
loss: 4201.664562 [  672/  800]
Epoch complete - average loss: 4109.567148
Root MSE: 64.207560

Epoch 16/100
-------------------------------
loss: 6519.760254 [   32/  800]
loss: 4211.522746 [  192/  800]
loss: 4481.977450 [  352/  800]
loss: 4196.819275 [  512/  800]
loss: 4025.722726 [  672/  800]
Epoch complete - average loss: 4040.582441
Root MSE: 63.689042

Epoch 17/100
-------------------------------
loss: 4129.880371 [   32/  800]
loss: 4268.279989 [  192/  800]
loss: 3759.617654 [  352/  800]
loss: 3956.107178 [  512/  800]
loss: 3935.309791 [  672/  800]
Epoch complete - average loss: 3973.919883
Root MSE: 63.187542

Epoch 18/100
-------------------------------
loss: 3897.998047 [   32/  800]
loss: 3651.010173 [  192/  800]
loss: 3987.786177 [  352/  800]
loss: 4117.282532 [  512/  800]
loss: 3983.958938 [  672/  800]
Epoch complete - average loss: 3909.880303
Root MSE: 62.691730

Epoch 19/100
-------------------------------
loss: 5698.332520 [   32/  800]
loss: 4275.606527 [  192/  800]
loss: 4159.112349 [  352/  800]
loss: 3753.706955 [  512/  800]
loss: 3693.909720 [  672/  800]
Epoch complete - average loss: 3847.560425
Root MSE: 62.206170

Epoch 20/100
-------------------------------
loss: 3223.232666 [   32/  800]
loss: 3421.764364 [  192/  800]
loss: 3639.182795 [  352/  800]
loss: 3718.553970 [  512/  800]
loss: 3763.483364 [  672/  800]
Epoch complete - average loss: 3786.578018
Root MSE: 61.737090

Epoch 21/100
-------------------------------
loss: 2778.734619 [   32/  800]
loss: 3607.489441 [  192/  800]
loss: 3677.614491 [  352/  800]
loss: 3759.866585 [  512/  800]
loss: 3752.774530 [  672/  800]
Epoch complete - average loss: 3728.124844
Root MSE: 61.276682

Epoch 22/100
-------------------------------
loss: 3538.867188 [   32/  800]
loss: 3648.459839 [  192/  800]
loss: 3338.379661 [  352/  800]
loss: 3496.479645 [  512/  800]
loss: 3662.374047 [  672/  800]
Epoch complete - average loss: 3671.119316
Root MSE: 60.829552

Epoch 23/100
-------------------------------
loss: 3110.418945 [   32/  800]
loss: 3382.044657 [  192/  800]
loss: 3460.093517 [  352/  800]
loss: 3668.559334 [  512/  800]
loss: 3634.648961 [  672/  800]
Epoch complete - average loss: 3615.885068
Root MSE: 60.392973

Epoch 24/100
-------------------------------
loss: 3452.279541 [   32/  800]
loss: 2876.297689 [  192/  800]
loss: 3631.568870 [  352/  800]
loss: 3519.762531 [  512/  800]
loss: 3608.048703 [  672/  800]
Epoch complete - average loss: 3562.817424
Root MSE: 59.962247

Epoch 25/100
-------------------------------
loss: 3016.266602 [   32/  800]
loss: 3235.780029 [  192/  800]
loss: 3023.854170 [  352/  800]
loss: 3153.242226 [  512/  800]
loss: 3443.171753 [  672/  800]
Epoch complete - average loss: 3510.490288
Root MSE: 59.551054

Epoch 26/100
-------------------------------
loss: 3019.514160 [   32/  800]
loss: 3818.320374 [  192/  800]
loss: 3546.323608 [  352/  800]
loss: 3516.475182 [  512/  800]
loss: 3399.448823 [  672/  800]
Epoch complete - average loss: 3460.555977
Root MSE: 59.142827

Epoch 27/100
-------------------------------
loss: 2670.272949 [   32/  800]
loss: 3187.919027 [  192/  800]
loss: 3415.641602 [  352/  800]
loss: 3685.325272 [  512/  800]
loss: 3591.091250 [  672/  800]
Epoch complete - average loss: 3412.144585
Root MSE: 58.735113

Epoch 28/100
-------------------------------
loss: 2473.979736 [   32/  800]
loss: 2956.761637 [  192/  800]
loss: 3306.266646 [  352/  800]
loss: 3407.460037 [  512/  800]
loss: 3325.731573 [  672/  800]
Epoch complete - average loss: 3364.198975
Root MSE: 58.355130

Epoch 29/100
-------------------------------
loss: 3033.606934 [   32/  800]
loss: 3994.646729 [  192/  800]
loss: 3739.416815 [  352/  800]
loss: 3499.479919 [  512/  800]
loss: 3480.479748 [  672/  800]
Epoch complete - average loss: 3319.184551
Root MSE: 57.971823

Epoch 30/100
-------------------------------
loss: 4186.525879 [   32/  800]
loss: 2987.800761 [  192/  800]
loss: 2963.873391 [  352/  800]
loss: 3358.338448 [  512/  800]
loss: 3406.437145 [  672/  800]
Epoch complete - average loss: 3274.105786
Root MSE: 57.611723

Epoch 31/100
-------------------------------
loss: 3566.547607 [   32/  800]
loss: 3346.828328 [  192/  800]
loss: 3322.819802 [  352/  800]
loss: 3052.823708 [  512/  800]
loss: 3215.531233 [  672/  800]
Epoch complete - average loss: 3231.403667
Root MSE: 57.251903

Epoch 32/100
-------------------------------
loss: 5703.979004 [   32/  800]
loss: 3747.370768 [  192/  800]
loss: 3351.253202 [  352/  800]
loss: 3347.082645 [  512/  800]
loss: 3181.018433 [  672/  800]
Epoch complete - average loss: 3190.037427
Root MSE: 56.898077

Epoch 33/100
-------------------------------
loss: 3268.648926 [   32/  800]
loss: 2772.398804 [  192/  800]
loss: 2976.079079 [  352/  800]
loss: 3134.625809 [  512/  800]
loss: 2968.437826 [  672/  800]
Epoch complete - average loss: 3148.922275
Root MSE: 56.568488

Epoch 34/100
-------------------------------
loss: 1727.424072 [   32/  800]
loss: 3016.455282 [  192/  800]
loss: 3357.986683 [  352/  800]
loss: 3269.908615 [  512/  800]
loss: 3138.729324 [  672/  800]
Epoch complete - average loss: 3110.865806
Root MSE: 56.221378

Epoch 35/100
-------------------------------
loss: 4241.159668 [   32/  800]
loss: 2930.018921 [  192/  800]
loss: 2925.480757 [  352/  800]
loss: 2806.119263 [  512/  800]
loss: 2974.162923 [  672/  800]
Epoch complete - average loss: 3072.073613
Root MSE: 55.906610

Epoch 36/100
-------------------------------
loss: 3698.820557 [   32/  800]
loss: 3732.200968 [  192/  800]
loss: 3251.496438 [  352/  800]
loss: 3238.255989 [  512/  800]
loss: 3121.864723 [  672/  800]
Epoch complete - average loss: 3036.600024
Root MSE: 55.581327

Epoch 37/100
-------------------------------
loss: 2439.519775 [   32/  800]
loss: 2627.920471 [  192/  800]
loss: 2755.440330 [  352/  800]
loss: 3016.936577 [  512/  800]
loss: 2999.372460 [  672/  800]
Epoch complete - average loss: 3000.021128
Root MSE: 55.284693

Epoch 38/100
-------------------------------
loss: 1454.552612 [   32/  800]
loss: 3216.872620 [  192/  800]
loss: 2969.709062 [  352/  800]
loss: 2988.162003 [  512/  800]
loss: 2976.850923 [  672/  800]
Epoch complete - average loss: 2966.226865
Root MSE: 54.987170

Epoch 39/100
-------------------------------
loss: 1959.488281 [   32/  800]
loss: 2866.081746 [  192/  800]
loss: 3093.711670 [  352/  800]
loss: 3012.651207 [  512/  800]
loss: 3056.843454 [  672/  800]
Epoch complete - average loss: 2933.022861
Root MSE: 54.697438

Epoch 40/100
-------------------------------
loss: 3604.336182 [   32/  800]
loss: 3095.100199 [  192/  800]
loss: 3117.937822 [  352/  800]
loss: 3133.662727 [  512/  800]
loss: 2988.379307 [  672/  800]
Epoch complete - average loss: 2901.067925
Root MSE: 54.414966

Epoch 41/100
-------------------------------
loss: 5503.050293 [   32/  800]
loss: 3672.833761 [  192/  800]
loss: 3445.600098 [  352/  800]
loss: 3060.312897 [  512/  800]
loss: 3066.976086 [  672/  800]
Epoch complete - average loss: 2870.271748
Root MSE: 54.137920

Epoch 42/100
-------------------------------
loss: 1771.643311 [   32/  800]
loss: 2171.450765 [  192/  800]
loss: 2584.032360 [  352/  800]
loss: 2607.500000 [  512/  800]
loss: 2713.587397 [  672/  800]
Epoch complete - average loss: 2839.391011
Root MSE: 53.887555

Epoch 43/100
-------------------------------
loss: 2919.108887 [   32/  800]
loss: 2940.553752 [  192/  800]
loss: 2980.262263 [  352/  800]
loss: 2596.119957 [  512/  800]
loss: 2624.958909 [  672/  800]
Epoch complete - average loss: 2811.022993
Root MSE: 53.634071

Epoch 44/100
-------------------------------
loss: 2507.601562 [   32/  800]
loss: 3000.831055 [  192/  800]
loss: 2816.165305 [  352/  800]
loss: 2716.755302 [  512/  800]
loss: 2875.960943 [  672/  800]
Epoch complete - average loss: 2783.377056
Root MSE: 53.380977

Epoch 45/100
-------------------------------
loss: 3427.252686 [   32/  800]
loss: 2721.169840 [  192/  800]
loss: 2924.221058 [  352/  800]
loss: 2655.737602 [  512/  800]
loss: 2635.042963 [  672/  800]
Epoch complete - average loss: 2756.252095
Root MSE: 53.141846

Epoch 46/100
-------------------------------
loss: 3416.400879 [   32/  800]
loss: 2735.787923 [  192/  800]
loss: 2894.531294 [  352/  800]
loss: 2693.269096 [  512/  800]
loss: 2643.313645 [  672/  800]
Epoch complete - average loss: 2730.067124
Root MSE: 52.911913

Epoch 47/100
-------------------------------
loss: 1965.021484 [   32/  800]
loss: 2561.774312 [  192/  800]
loss: 2756.427834 [  352/  800]
loss: 2729.173553 [  512/  800]
loss: 2712.789487 [  672/  800]
Epoch complete - average loss: 2705.281841
Root MSE: 52.681585

Epoch 48/100
-------------------------------
loss: 4516.313965 [   32/  800]
loss: 2702.340210 [  192/  800]
loss: 2542.981290 [  352/  800]
loss: 2532.842636 [  512/  800]
loss: 2658.459589 [  672/  800]
Epoch complete - average loss: 2680.817764
Root MSE: 52.465405

Epoch 49/100
-------------------------------
loss: 2058.942871 [   32/  800]
loss: 2156.407318 [  192/  800]
loss: 2251.931990 [  352/  800]
loss: 2569.858486 [  512/  800]
loss: 2505.969770 [  672/  800]
Epoch complete - average loss: 2657.397595
Root MSE: 52.258631

Epoch 50/100
-------------------------------
loss: 2122.261719 [   32/  800]
loss: 2414.650736 [  192/  800]
loss: 2537.730391 [  352/  800]
loss: 2630.794273 [  512/  800]
loss: 2633.440186 [  672/  800]
Epoch complete - average loss: 2635.362417
Root MSE: 52.048640

Epoch 51/100
-------------------------------
loss: 2632.841797 [   32/  800]
loss: 2365.657369 [  192/  800]
loss: 2622.696500 [  352/  800]
loss: 2664.398323 [  512/  800]
loss: 2568.771624 [  672/  800]
Epoch complete - average loss: 2613.334927
Root MSE: 51.852686

Epoch 52/100
-------------------------------
loss: 4967.892578 [   32/  800]
loss: 2903.903605 [  192/  800]
loss: 2666.177390 [  352/  800]
loss: 2738.827034 [  512/  800]
loss: 2544.735654 [  672/  800]
Epoch complete - average loss: 2592.957998
Root MSE: 51.658417

Epoch 53/100
-------------------------------
loss: 2418.928955 [   32/  800]
loss: 2606.116252 [  192/  800]
loss: 2482.632857 [  352/  800]
loss: 2418.096230 [  512/  800]
loss: 2521.707566 [  672/  800]
Epoch complete - average loss: 2572.306553
Root MSE: 51.481654

Epoch 54/100
-------------------------------
loss: 2791.273438 [   32/  800]
loss: 2683.841573 [  192/  800]
loss: 2353.598400 [  352/  800]
loss: 2474.585884 [  512/  800]
loss: 2436.613252 [  672/  800]
Epoch complete - average loss: 2553.146738
Root MSE: 51.312737

Epoch 55/100
-------------------------------
loss: 3160.123779 [   32/  800]
loss: 3092.417399 [  192/  800]
loss: 3100.288841 [  352/  800]
loss: 2929.944946 [  512/  800]
loss: 2764.808251 [  672/  800]
Epoch complete - average loss: 2535.853176
Root MSE: 51.123032

Epoch 56/100
-------------------------------
loss: 2551.723877 [   32/  800]
loss: 2070.239482 [  192/  800]
loss: 2295.042824 [  352/  800]
loss: 2189.665482 [  512/  800]
loss: 2483.346064 [  672/  800]
Epoch complete - average loss: 2516.448228
Root MSE: 50.975571

Epoch 57/100
-------------------------------
loss: 3627.762695 [   32/  800]
loss: 3447.226400 [  192/  800]
loss: 2763.564520 [  352/  800]
loss: 2522.523918 [  512/  800]
loss: 2467.416091 [  672/  800]
Epoch complete - average loss: 2500.483174
Root MSE: 50.808944

Epoch 58/100
-------------------------------
loss: 2188.829834 [   32/  800]
loss: 2681.138204 [  192/  800]
loss: 2426.032748 [  352/  800]
loss: 2280.614174 [  512/  800]
loss: 2321.299572 [  672/  800]
Epoch complete - average loss: 2483.148799
Root MSE: 50.664164

Epoch 59/100
-------------------------------
loss: 2566.749268 [   32/  800]
loss: 2739.652873 [  192/  800]
loss: 2597.053689 [  352/  800]
loss: 2705.743462 [  512/  800]
loss: 2566.904372 [  672/  800]
Epoch complete - average loss: 2467.872690
Root MSE: 50.515401

Epoch 60/100
-------------------------------
loss: 1321.855957 [   32/  800]
loss: 2512.229411 [  192/  800]
loss: 2797.845914 [  352/  800]
loss: 2640.186752 [  512/  800]
loss: 2452.332918 [  672/  800]
Epoch complete - average loss: 2452.581628
Root MSE: 50.377385

Epoch 61/100
-------------------------------
loss: 2339.916016 [   32/  800]
loss: 2104.166382 [  192/  800]
loss: 2514.756237 [  352/  800]
loss: 2478.879250 [  512/  800]
loss: 2411.426206 [  672/  800]
Epoch complete - average loss: 2438.068462
Root MSE: 50.245095

Epoch 62/100
-------------------------------
loss: 1751.390503 [   32/  800]
loss: 2459.957133 [  192/  800]
loss: 2391.182650 [  352/  800]
loss: 2480.540810 [  512/  800]
loss: 2546.527483 [  672/  800]
Epoch complete - average loss: 2424.472222
Root MSE: 50.114225

Epoch 63/100
-------------------------------
loss: 4236.628418 [   32/  800]
loss: 2644.529480 [  192/  800]
loss: 2689.258101 [  352/  800]
loss: 2471.719139 [  512/  800]
loss: 2494.422189 [  672/  800]
Epoch complete - average loss: 2411.164004
Root MSE: 49.990305

Epoch 64/100
-------------------------------
loss: 2091.983398 [   32/  800]
loss: 2598.636475 [  192/  800]
loss: 2457.070213 [  352/  800]
loss: 2440.378448 [  512/  800]
loss: 2464.990130 [  672/  800]
Epoch complete - average loss: 2398.333384
Root MSE: 49.873010

Epoch 65/100
-------------------------------
loss: 1713.115967 [   32/  800]
loss: 2464.600932 [  192/  800]
loss: 2238.536177 [  352/  800]
loss: 2279.175064 [  512/  800]
loss: 2372.220517 [  672/  800]
Epoch complete - average loss: 2386.076060
Root MSE: 49.764899

Epoch 66/100
-------------------------------
loss: 1728.077637 [   32/  800]
loss: 2631.849752 [  192/  800]
loss: 2419.533070 [  352/  800]
loss: 2322.999779 [  512/  800]
loss: 2325.442749 [  672/  800]
Epoch complete - average loss: 2374.772266
Root MSE: 49.654254

Epoch 67/100
-------------------------------
loss: 2697.539062 [   32/  800]
loss: 2445.596334 [  192/  800]
loss: 2456.046331 [  352/  800]
loss: 2265.313065 [  512/  800]
loss: 2358.503029 [  672/  800]
Epoch complete - average loss: 2363.429775
Root MSE: 49.551109

Epoch 68/100
-------------------------------
loss: 2189.495361 [   32/  800]
loss: 2142.079732 [  192/  800]
loss: 2419.034446 [  352/  800]
loss: 2500.587288 [  512/  800]
loss: 2363.517456 [  672/  800]
Epoch complete - average loss: 2352.938423
Root MSE: 49.452021

Epoch 69/100
-------------------------------
loss: 1825.959473 [   32/  800]
loss: 2247.157633 [  192/  800]
loss: 2361.951771 [  352/  800]
loss: 2537.535828 [  512/  800]
loss: 2416.656825 [  672/  800]
Epoch complete - average loss: 2342.863728
Root MSE: 49.356411

Epoch 70/100
-------------------------------
loss: 2477.291992 [   32/  800]
loss: 2324.240458 [  192/  800]
loss: 2161.904807 [  352/  800]
loss: 2271.465614 [  512/  800]
loss: 2310.544742 [  672/  800]
Epoch complete - average loss: 2333.085024
Root MSE: 49.268404

Epoch 71/100
-------------------------------
loss: 2782.359375 [   32/  800]
loss: 2309.009745 [  192/  800]
loss: 2319.181962 [  352/  800]
loss: 2169.272362 [  512/  800]
loss: 2315.096087 [  672/  800]
Epoch complete - average loss: 2323.929141
Root MSE: 49.184783

Epoch 72/100
-------------------------------
loss: 2831.718018 [   32/  800]
loss: 2313.956604 [  192/  800]
loss: 2268.961803 [  352/  800]
loss: 2433.899643 [  512/  800]
loss: 2374.061866 [  672/  800]
Epoch complete - average loss: 2315.086558
Root MSE: 49.104074

Epoch 73/100
-------------------------------
loss: 2472.522949 [   32/  800]
loss: 1983.740153 [  192/  800]
loss: 2181.504750 [  352/  800]
loss: 2232.704414 [  512/  800]
loss: 2153.113944 [  672/  800]
Epoch complete - average loss: 2306.704653
Root MSE: 49.029723

Epoch 74/100
-------------------------------
loss: 981.001892 [   32/  800]
loss: 2017.222972 [  192/  800]
loss: 2367.271778 [  352/  800]
loss: 2274.433666 [  512/  800]
loss: 2402.496393 [  672/  800]
Epoch complete - average loss: 2298.907537
Root MSE: 48.954960

Epoch 75/100
-------------------------------
loss: 2625.969727 [   32/  800]
loss: 2459.273071 [  192/  800]
loss: 2388.144387 [  352/  800]
loss: 2461.768272 [  512/  800]
loss: 2303.599429 [  672/  800]
Epoch complete - average loss: 2291.424033
Root MSE: 48.881995

Epoch 76/100
-------------------------------
loss: 1960.114746 [   32/  800]
loss: 1911.756022 [  192/  800]
loss: 2325.990401 [  352/  800]
loss: 2310.073013 [  512/  800]
loss: 2240.066014 [  672/  800]
Epoch complete - average loss: 2284.090896
Root MSE: 48.817663

Epoch 77/100
-------------------------------
loss: 2186.881104 [   32/  800]
loss: 2526.062866 [  192/  800]
loss: 2499.173340 [  352/  800]
loss: 2384.434837 [  512/  800]
loss: 2302.126413 [  672/  800]
Epoch complete - average loss: 2277.248843
Root MSE: 48.754911

Epoch 78/100
-------------------------------
loss: 2030.982666 [   32/  800]
loss: 2390.168132 [  192/  800]
loss: 2446.918324 [  352/  800]
loss: 2522.657249 [  512/  800]
loss: 2308.253156 [  672/  800]
Epoch complete - average loss: 2271.074275
Root MSE: 48.691291

Epoch 79/100
-------------------------------
loss: 1417.187622 [   32/  800]
loss: 2066.948120 [  192/  800]
loss: 2140.338679 [  352/  800]
loss: 2169.073486 [  512/  800]
loss: 2203.993437 [  672/  800]
Epoch complete - average loss: 2264.488022
Root MSE: 48.639709

Epoch 80/100
-------------------------------
loss: 1878.096436 [   32/  800]
loss: 2233.108215 [  192/  800]
loss: 2053.792181 [  352/  800]
loss: 2263.717609 [  512/  800]
loss: 2239.470950 [  672/  800]
Epoch complete - average loss: 2258.997668
Root MSE: 48.584218

Epoch 81/100
-------------------------------
loss: 1942.302002 [   32/  800]
loss: 2512.652262 [  192/  800]
loss: 2384.080688 [  352/  800]
loss: 2401.045654 [  512/  800]
loss: 2265.795526 [  672/  800]
Epoch complete - average loss: 2253.419937
Root MSE: 48.533903

Epoch 82/100
-------------------------------
loss: 1683.207153 [   32/  800]
loss: 1986.945699 [  192/  800]
loss: 2272.983410 [  352/  800]
loss: 2320.980740 [  512/  800]
loss: 2354.835063 [  672/  800]
Epoch complete - average loss: 2248.248899
Root MSE: 48.488751

Epoch 83/100
-------------------------------
loss: 2087.292236 [   32/  800]
loss: 2214.350444 [  192/  800]
loss: 2276.414129 [  352/  800]
loss: 2303.324776 [  512/  800]
loss: 2279.659151 [  672/  800]
Epoch complete - average loss: 2243.575479
Root MSE: 48.439474

Epoch 84/100
-------------------------------
loss: 1463.181519 [   32/  800]
loss: 2222.284810 [  192/  800]
loss: 2024.529175 [  352/  800]
loss: 2095.015198 [  512/  800]
loss: 2241.239025 [  672/  800]
Epoch complete - average loss: 2238.459600
Root MSE: 48.403692

Epoch 85/100
-------------------------------
loss: 1547.395874 [   32/  800]
loss: 2288.094340 [  192/  800]
loss: 2122.344061 [  352/  800]
loss: 2136.853409 [  512/  800]
loss: 2081.473110 [  672/  800]
Epoch complete - average loss: 2234.190488
Root MSE: 48.365534

Epoch 86/100
-------------------------------
loss: 2325.567383 [   32/  800]
loss: 2129.195414 [  192/  800]
loss: 2038.043612 [  352/  800]
loss: 2181.707382 [  512/  800]
loss: 2236.345628 [  672/  800]
Epoch complete - average loss: 2230.192046
Root MSE: 48.325689

Epoch 87/100
-------------------------------
loss: 2425.300049 [   32/  800]
loss: 2079.225606 [  192/  800]
loss: 2114.146185 [  352/  800]
loss: 2154.217720 [  512/  800]
loss: 2143.591762 [  672/  800]
Epoch complete - average loss: 2226.161826
Root MSE: 48.290744

Epoch 88/100
-------------------------------
loss: 2750.342529 [   32/  800]
loss: 2400.121114 [  192/  800]
loss: 2250.049438 [  352/  800]
loss: 2220.420937 [  512/  800]
loss: 2296.048288 [  672/  800]
Epoch complete - average loss: 2222.514585
Root MSE: 48.258215

Epoch 89/100
-------------------------------
loss: 2005.537964 [   32/  800]
loss: 2647.535319 [  192/  800]
loss: 2218.199929 [  352/  800]
loss: 2221.229507 [  512/  800]
loss: 2283.981835 [  672/  800]
Epoch complete - average loss: 2219.083940
Root MSE: 48.226561

Epoch 90/100
-------------------------------
loss: 2750.948242 [   32/  800]
loss: 1935.541972 [  192/  800]
loss: 2295.994063 [  352/  800]
loss: 2354.992294 [  512/  800]
loss: 2263.601592 [  672/  800]
Epoch complete - average loss: 2215.998481
Root MSE: 48.195098

Epoch 91/100
-------------------------------
loss: 2459.877441 [   32/  800]
loss: 2494.815837 [  192/  800]
loss: 2388.773005 [  352/  800]
loss: 2289.224564 [  512/  800]
loss: 2279.496524 [  672/  800]
Epoch complete - average loss: 2212.716318
Root MSE: 48.169279

Epoch 92/100
-------------------------------
loss: 2420.811035 [   32/  800]
loss: 2631.312500 [  192/  800]
loss: 2240.823742 [  352/  800]
loss: 2169.863586 [  512/  800]
loss: 2234.287133 [  672/  800]
Epoch complete - average loss: 2209.869033
Root MSE: 48.145070

Epoch 93/100
-------------------------------
loss: 3214.666016 [   32/  800]
loss: 2469.392660 [  192/  800]
loss: 2417.103804 [  352/  800]
loss: 2232.147034 [  512/  800]
loss: 2192.719761 [  672/  800]
Epoch complete - average loss: 2207.157803
Root MSE: 48.122248

Epoch 94/100
-------------------------------
loss: 2663.634033 [   32/  800]
loss: 2110.322428 [  192/  800]
loss: 2221.760509 [  352/  800]
loss: 2261.751701 [  512/  800]
loss: 2185.781735 [  672/  800]
Epoch complete - average loss: 2204.785662
Root MSE: 48.099324

Epoch 95/100
-------------------------------
loss: 969.924561 [   32/  800]
loss: 2053.395630 [  192/  800]
loss: 2292.503729 [  352/  800]
loss: 2338.066582 [  512/  800]
loss: 2216.391654 [  672/  800]
Epoch complete - average loss: 2202.297476
Root MSE: 48.080730

Epoch 96/100
-------------------------------
loss: 1772.427856 [   32/  800]
loss: 2335.814107 [  192/  800]
loss: 2275.259322 [  352/  800]
loss: 2207.303909 [  512/  800]
loss: 2224.561954 [  672/  800]
Epoch complete - average loss: 2200.110903
Root MSE: 48.062686

Epoch 97/100
-------------------------------
loss: 1493.683350 [   32/  800]
loss: 1964.100566 [  192/  800]
loss: 2017.173218 [  352/  800]
loss: 2010.712128 [  512/  800]
loss: 2137.076567 [  672/  800]
Epoch complete - average loss: 2197.994463
Root MSE: 48.047199

Epoch 98/100
-------------------------------
loss: 1071.195679 [   32/  800]
loss: 2156.916748 [  192/  800]
loss: 2172.250455 [  352/  800]
loss: 2184.793999 [  512/  800]
loss: 2176.975598 [  672/  800]
Epoch complete - average loss: 2196.335640
Root MSE: 48.028049

Epoch 99/100
-------------------------------
loss: 1189.842285 [   32/  800]
loss: 2157.167989 [  192/  800]
loss: 2253.623014 [  352/  800]
loss: 2125.202381 [  512/  800]
loss: 2270.380444 [  672/  800]
Epoch complete - average loss: 2194.261833
Root MSE: 48.014044

Epoch 100/100
-------------------------------
loss: 2381.572998 [   32/  800]
loss: 2303.351868 [  192/  800]
loss: 2261.524225 [  352/  800]
loss: 2150.527359 [  512/  800]
loss: 2299.477533 [  672/  800]
Epoch complete - average loss: 2192.693193
Root MSE: 47.998988
lowest validation loss: 2303.902814592634 in epoch 99
lowest training loss: 2192.693193359375 in epoch 99
