Training models:
	GRU:
	  <bound method Module.parameters of GRUModel(
  (gru): GRU(1, 32, num_layers=2, batch_first=True)
  (fc): Linear(in_features=32, out_features=1, bias=True)
)>
Using lag parameters: 1, 2, 3
On datasets: Padding
For 100 epochs, with early stopping.
Training and evaluating model: GRU hidden dimensions: 32, number of layers: 2 on dataset: Padding with lag parameter: 1

Epoch 1/100
-------------------------------
/home/dorus/Documenten/UU/Blok 4/deep_learning/Deep-learning-assignment-1/.venv/lib/python3.12/site-packages/torch/nn/modules/loss.py:610: UserWarning: Using a target size (torch.Size([32, 1])) that is different to the input size (torch.Size([32])). This will likely lead to incorrect results due to broadcasting. Please ensure they have the same size.
  return F.mse_loss(input, target, reduction=self.reduction)
loss: 5775.591797 [   32/  800]
loss: 5957.772054 [  192/  800]
loss: 5944.779719 [  352/  800]
loss: 5686.124435 [  512/  800]
loss: 5503.412377 [  672/  800]
Epoch complete - average loss: 5750.879619
/home/dorus/Documenten/UU/Blok 4/deep_learning/Deep-learning-assignment-1/.venv/lib/python3.12/site-packages/torch/nn/modules/loss.py:610: UserWarning: Using a target size (torch.Size([8, 1])) that is different to the input size (torch.Size([8])). This will likely lead to incorrect results due to broadcasting. Please ensure they have the same size.
  return F.mse_loss(input, target, reduction=self.reduction)
Root MSE: 75.619866

Epoch 2/100
-------------------------------
loss: 5181.396973 [   32/  800]
loss: 6144.087443 [  192/  800]
loss: 5540.287087 [  352/  800]
loss: 5771.515884 [  512/  800]
loss: 5734.063674 [  672/  800]
Epoch complete - average loss: 5616.733018
Root MSE: 74.479850

Epoch 3/100
-------------------------------
loss: 4211.270508 [   32/  800]
loss: 5154.787069 [  192/  800]
loss: 5892.281361 [  352/  800]
loss: 5456.783676 [  512/  800]
loss: 5233.361142 [  672/  800]
Epoch complete - average loss: 5415.276055
Root MSE: 73.044526

Epoch 4/100
-------------------------------
loss: 6526.642578 [   32/  800]
loss: 4360.415120 [  192/  800]
loss: 4772.356778 [  352/  800]
loss: 5007.524139 [  512/  800]
loss: 5023.704474 [  672/  800]
Epoch complete - average loss: 5214.123369
Root MSE: 71.824798

Epoch 5/100
-------------------------------
loss: 6110.799316 [   32/  800]
loss: 5857.168783 [  192/  800]
loss: 5503.241477 [  352/  800]
loss: 5382.839722 [  512/  800]
loss: 5254.357224 [  672/  800]
Epoch complete - average loss: 5058.117666
Root MSE: 70.858943

Epoch 6/100
-------------------------------
loss: 4513.093750 [   32/  800]
loss: 4839.128459 [  192/  800]
loss: 5194.580344 [  352/  800]
loss: 5013.295242 [  512/  800]
loss: 4834.651530 [  672/  800]
Epoch complete - average loss: 4932.539395
Root MSE: 70.078792

Epoch 7/100
-------------------------------
loss: 2888.415039 [   32/  800]
loss: 3833.281616 [  192/  800]
loss: 4416.865123 [  352/  800]
loss: 4808.768967 [  512/  800]
loss: 4773.200207 [  672/  800]
Epoch complete - average loss: 4824.877705
Root MSE: 69.352331

Epoch 8/100
-------------------------------
loss: 2123.807617 [   32/  800]
loss: 4457.949137 [  192/  800]
loss: 4548.762873 [  352/  800]
loss: 4310.357208 [  512/  800]
loss: 4488.484398 [  672/  800]
Epoch complete - average loss: 4724.823359
Root MSE: 68.673055

Epoch 9/100
-------------------------------
loss: 7870.873047 [   32/  800]
loss: 5768.432048 [  192/  800]
loss: 5476.981756 [  352/  800]
loss: 4972.083252 [  512/  800]
loss: 4731.133580 [  672/  800]
Epoch complete - average loss: 4633.645508
Root MSE: 68.005371

Epoch 10/100
-------------------------------
loss: 3207.788818 [   32/  800]
loss: 5122.904907 [  192/  800]
loss: 4643.317116 [  352/  800]
loss: 4332.326538 [  512/  800]
loss: 4617.198079 [  672/  800]
Epoch complete - average loss: 4543.817402
Root MSE: 67.395343

Epoch 11/100
-------------------------------
loss: 4642.247559 [   32/  800]
loss: 4138.180949 [  192/  800]
loss: 4373.700284 [  352/  800]
loss: 4646.193298 [  512/  800]
loss: 4466.929025 [  672/  800]
Epoch complete - average loss: 4460.323682
Root MSE: 66.793288

Epoch 12/100
-------------------------------
loss: 5431.487793 [   32/  800]
loss: 4243.741455 [  192/  800]
loss: 3924.594460 [  352/  800]
loss: 4216.665451 [  512/  800]
loss: 4429.407645 [  672/  800]
Epoch complete - average loss: 4379.364824
Root MSE: 66.212500

Epoch 13/100
-------------------------------
loss: 3546.624512 [   32/  800]
loss: 4677.422119 [  192/  800]
loss: 4656.045233 [  352/  800]
loss: 4329.445862 [  512/  800]
loss: 4363.313581 [  672/  800]
Epoch complete - average loss: 4301.955752
Root MSE: 65.640334

Epoch 14/100
-------------------------------
loss: 3571.515137 [   32/  800]
loss: 4124.918538 [  192/  800]
loss: 4219.001110 [  352/  800]
loss: 4107.868073 [  512/  800]
loss: 4042.773647 [  672/  800]
Epoch complete - average loss: 4227.112617
Root MSE: 65.090477

Epoch 15/100
-------------------------------
loss: 5380.322754 [   32/  800]
loss: 4355.530884 [  192/  800]
loss: 4049.703103 [  352/  800]
loss: 4082.279541 [  512/  800]
loss: 4231.117536 [  672/  800]
Epoch complete - average loss: 4155.083477
Root MSE: 64.549502

Epoch 16/100
-------------------------------
loss: 5807.357422 [   32/  800]
loss: 4491.812785 [  192/  800]
loss: 3881.514049 [  352/  800]
loss: 4023.176147 [  512/  800]
loss: 4027.948231 [  672/  800]
Epoch complete - average loss: 4084.940020
Root MSE: 64.030070

Epoch 17/100
-------------------------------
loss: 5189.344238 [   32/  800]
loss: 3661.599406 [  192/  800]
loss: 3978.128773 [  352/  800]
loss: 3903.331406 [  512/  800]
loss: 4122.770101 [  672/  800]
Epoch complete - average loss: 4017.655718
Root MSE: 63.517515

Epoch 18/100
-------------------------------
loss: 4700.649414 [   32/  800]
loss: 3950.882935 [  192/  800]
loss: 4191.359397 [  352/  800]
loss: 3911.104523 [  512/  800]
loss: 3840.374000 [  672/  800]
Epoch complete - average loss: 3952.226523
Root MSE: 63.016659

Epoch 19/100
-------------------------------
loss: 3908.285889 [   32/  800]
loss: 3433.626180 [  192/  800]
loss: 3947.728116 [  352/  800]
loss: 3967.562866 [  512/  800]
loss: 3710.843500 [  672/  800]
Epoch complete - average loss: 3888.378228
Root MSE: 62.533887

Epoch 20/100
-------------------------------
loss: 3752.819336 [   32/  800]
loss: 4058.022217 [  192/  800]
loss: 4367.029053 [  352/  800]
loss: 4007.475494 [  512/  800]
loss: 3946.237746 [  672/  800]
Epoch complete - average loss: 3827.731938
Root MSE: 62.051364

Epoch 21/100
-------------------------------
loss: 4280.567871 [   32/  800]
loss: 4392.957438 [  192/  800]
loss: 4217.304488 [  352/  800]
loss: 3976.506836 [  512/  800]
loss: 3793.105457 [  672/  800]
Epoch complete - average loss: 3767.766309
Root MSE: 61.586222

Epoch 22/100
-------------------------------
loss: 4706.379883 [   32/  800]
loss: 3705.602376 [  192/  800]
loss: 3520.438077 [  352/  800]
loss: 3844.226440 [  512/  800]
loss: 3893.399926 [  672/  800]
Epoch complete - average loss: 3709.816948
Root MSE: 61.137564

Epoch 23/100
-------------------------------
loss: 4256.382812 [   32/  800]
loss: 3591.489705 [  192/  800]
loss: 3398.997736 [  352/  800]
loss: 3436.003616 [  512/  800]
loss: 3500.715123 [  672/  800]
Epoch complete - average loss: 3653.776602
Root MSE: 60.701647

Epoch 24/100
-------------------------------
loss: 3880.838379 [   32/  800]
loss: 3620.601278 [  192/  800]
loss: 3738.152033 [  352/  800]
loss: 3479.021240 [  512/  800]
loss: 3635.576149 [  672/  800]
Epoch complete - average loss: 3600.078022
Root MSE: 60.264583

Epoch 25/100
-------------------------------
loss: 4993.755859 [   32/  800]
loss: 3683.407552 [  192/  800]
loss: 3618.608731 [  352/  800]
loss: 3515.357330 [  512/  800]
loss: 3364.935669 [  672/  800]
Epoch complete - average loss: 3547.065112
Root MSE: 59.843987

Epoch 26/100
-------------------------------
loss: 4543.797852 [   32/  800]
loss: 3495.330444 [  192/  800]
loss: 3624.850453 [  352/  800]
loss: 3582.205765 [  512/  800]
loss: 3632.441627 [  672/  800]
Epoch complete - average loss: 3496.371406
Root MSE: 59.426877

Epoch 27/100
-------------------------------
loss: 2258.377441 [   32/  800]
loss: 3327.881836 [  192/  800]
loss: 3288.787908 [  352/  800]
loss: 3269.874542 [  512/  800]
loss: 3446.468820 [  672/  800]
Epoch complete - average loss: 3446.171777
Root MSE: 59.031615

Epoch 28/100
-------------------------------
loss: 4827.204102 [   32/  800]
loss: 4065.815470 [  192/  800]
loss: 3442.883034 [  352/  800]
loss: 3562.045425 [  512/  800]
loss: 3317.419968 [  672/  800]
Epoch complete - average loss: 3398.760020
Root MSE: 58.634996

Epoch 29/100
-------------------------------
loss: 3619.817627 [   32/  800]
loss: 3015.535319 [  192/  800]
loss: 2825.156783 [  352/  800]
loss: 2830.941727 [  512/  800]
loss: 3294.302490 [  672/  800]
Epoch complete - average loss: 3351.564014
Root MSE: 58.260428

Epoch 30/100
-------------------------------
loss: 3703.353271 [   32/  800]
loss: 3678.781250 [  192/  800]
loss: 3305.562655 [  352/  800]
loss: 3123.638718 [  512/  800]
loss: 3278.345133 [  672/  800]
Epoch complete - average loss: 3306.809814
Root MSE: 57.882382

Epoch 31/100
-------------------------------
loss: 3879.838867 [   32/  800]
loss: 2898.379293 [  192/  800]
loss: 2952.366666 [  352/  800]
loss: 2977.129677 [  512/  800]
loss: 3164.882539 [  672/  800]
Epoch complete - average loss: 3262.672163
Root MSE: 57.522307

Epoch 32/100
-------------------------------
loss: 4277.152344 [   32/  800]
loss: 3251.341349 [  192/  800]
loss: 3394.160756 [  352/  800]
loss: 3329.462570 [  512/  800]
loss: 3283.492687 [  672/  800]
Epoch complete - average loss: 3220.913203
Root MSE: 57.154994

Epoch 33/100
-------------------------------
loss: 1976.447510 [   32/  800]
loss: 3358.671183 [  192/  800]
loss: 3240.842019 [  352/  800]
loss: 3122.087906 [  512/  800]
loss: 3131.685279 [  672/  800]
Epoch complete - average loss: 3179.117910
Root MSE: 56.812796

Epoch 34/100
-------------------------------
loss: 1628.058716 [   32/  800]
loss: 2259.773397 [  192/  800]
loss: 3074.981712 [  352/  800]
loss: 3257.164467 [  512/  800]
loss: 3212.675752 [  672/  800]
Epoch complete - average loss: 3139.477300
Root MSE: 56.477228

Epoch 35/100
-------------------------------
loss: 3009.028809 [   32/  800]
loss: 3466.082194 [  192/  800]
loss: 2920.378263 [  352/  800]
loss: 2946.250069 [  512/  800]
loss: 2992.568900 [  672/  800]
Epoch complete - average loss: 3100.837065
Root MSE: 56.150409

Epoch 36/100
-------------------------------
loss: 2087.083008 [   32/  800]
loss: 2767.837402 [  192/  800]
loss: 2918.969083 [  352/  800]
loss: 3122.517914 [  512/  800]
loss: 2967.081985 [  672/  800]
Epoch complete - average loss: 3063.620664
Root MSE: 55.828222

Epoch 37/100
-------------------------------
loss: 3381.701416 [   32/  800]
loss: 2653.907227 [  192/  800]
loss: 2654.603627 [  352/  800]
loss: 2963.016357 [  512/  800]
loss: 3044.988624 [  672/  800]
Epoch complete - average loss: 3027.318003
Root MSE: 55.516311

Epoch 38/100
-------------------------------
loss: 4413.159668 [   32/  800]
loss: 2855.182821 [  192/  800]
loss: 2731.953014 [  352/  800]
loss: 2946.928139 [  512/  800]
loss: 2981.205014 [  672/  800]
Epoch complete - average loss: 2992.222129
Root MSE: 55.215786

Epoch 39/100
-------------------------------
loss: 2560.213867 [   32/  800]
loss: 3408.865316 [  192/  800]
loss: 3067.906938 [  352/  800]
loss: 3025.552628 [  512/  800]
loss: 2983.540545 [  672/  800]
Epoch complete - average loss: 2958.451133
Root MSE: 54.921125

Epoch 40/100
-------------------------------
loss: 4203.304688 [   32/  800]
loss: 2493.126119 [  192/  800]
loss: 2399.973366 [  352/  800]
loss: 2682.850540 [  512/  800]
loss: 2825.530227 [  672/  800]
Epoch complete - average loss: 2925.478955
Root MSE: 54.639995

Epoch 41/100
-------------------------------
loss: 3670.350342 [   32/  800]
loss: 3294.293335 [  192/  800]
loss: 3281.711581 [  352/  800]
loss: 2891.128616 [  512/  800]
loss: 2885.680443 [  672/  800]
Epoch complete - average loss: 2894.249590
Root MSE: 54.356083

Epoch 42/100
-------------------------------
loss: 1909.031982 [   32/  800]
loss: 2619.571523 [  192/  800]
loss: 3152.403648 [  352/  800]
loss: 3010.946354 [  512/  800]
loss: 2913.499090 [  672/  800]
Epoch complete - average loss: 2863.411208
Root MSE: 54.085415

Epoch 43/100
-------------------------------
loss: 1207.838013 [   32/  800]
loss: 2031.821859 [  192/  800]
loss: 2453.704379 [  352/  800]
loss: 2844.896767 [  512/  800]
loss: 2874.371227 [  672/  800]
Epoch complete - average loss: 2833.665854
Root MSE: 53.830502

Epoch 44/100
-------------------------------
loss: 2962.376465 [   32/  800]
loss: 2606.795797 [  192/  800]
loss: 2614.244851 [  352/  800]
loss: 2727.402054 [  512/  800]
loss: 2843.829508 [  672/  800]
Epoch complete - average loss: 2805.151426
Root MSE: 53.576804

Epoch 45/100
-------------------------------
loss: 1409.352295 [   32/  800]
loss: 2749.264201 [  192/  800]
loss: 2687.906439 [  352/  800]
loss: 2733.859306 [  512/  800]
loss: 2775.025013 [  672/  800]
Epoch complete - average loss: 2777.626323
Root MSE: 53.329918

Epoch 46/100
-------------------------------
loss: 2519.790283 [   32/  800]
loss: 2778.067566 [  192/  800]
loss: 2456.479048 [  352/  800]
loss: 2640.828743 [  512/  800]
loss: 2685.389422 [  672/  800]
Epoch complete - average loss: 2750.774976
Root MSE: 53.097459

Epoch 47/100
-------------------------------
loss: 2686.248047 [   32/  800]
loss: 2722.586894 [  192/  800]
loss: 2664.369407 [  352/  800]
loss: 2789.163681 [  512/  800]
loss: 2733.370367 [  672/  800]
Epoch complete - average loss: 2725.613706
Root MSE: 52.861248

Epoch 48/100
-------------------------------
loss: 6003.816406 [   32/  800]
loss: 3225.931641 [  192/  800]
loss: 2973.210627 [  352/  800]
loss: 2785.441025 [  512/  800]
loss: 2728.673549 [  672/  800]
Epoch complete - average loss: 2700.434834
Root MSE: 52.638863

Epoch 49/100
-------------------------------
loss: 3359.540527 [   32/  800]
loss: 2731.015442 [  192/  800]
loss: 2879.681807 [  352/  800]
loss: 2647.408699 [  512/  800]
loss: 2742.670323 [  672/  800]
Epoch complete - average loss: 2676.449819
Root MSE: 52.425688

Epoch 50/100
-------------------------------
loss: 2347.608887 [   32/  800]
loss: 2405.837769 [  192/  800]
loss: 2446.111950 [  352/  800]
loss: 2568.954315 [  512/  800]
loss: 2552.219581 [  672/  800]
Epoch complete - average loss: 2653.372495
Root MSE: 52.219997

Epoch 51/100
-------------------------------
loss: 3724.668457 [   32/  800]
loss: 2543.997640 [  192/  800]
loss: 2388.921598 [  352/  800]
loss: 2528.351692 [  512/  800]
loss: 2639.764119 [  672/  800]
Epoch complete - average loss: 2631.224453
Root MSE: 52.018863

Epoch 52/100
-------------------------------
loss: 2402.479004 [   32/  800]
loss: 2346.653849 [  192/  800]
loss: 2462.615024 [  352/  800]
loss: 2683.733131 [  512/  800]
loss: 2636.413754 [  672/  800]
Epoch complete - average loss: 2610.030415
Root MSE: 51.819265

Epoch 53/100
-------------------------------
loss: 2652.015625 [   32/  800]
loss: 2484.685099 [  192/  800]
loss: 2480.518799 [  352/  800]
loss: 2506.064377 [  512/  800]
loss: 2564.761065 [  672/  800]
Epoch complete - average loss: 2588.927837
Root MSE: 51.636121

Epoch 54/100
-------------------------------
loss: 2819.901611 [   32/  800]
loss: 3005.803101 [  192/  800]
loss: 2916.570534 [  352/  800]
loss: 2659.639046 [  512/  800]
loss: 2572.693458 [  672/  800]
Epoch complete - average loss: 2569.350947
Root MSE: 51.453178

Epoch 55/100
-------------------------------
loss: 1078.471924 [   32/  800]
loss: 2385.960449 [  192/  800]
loss: 2516.270730 [  352/  800]
loss: 2565.437004 [  512/  800]
loss: 2595.693493 [  672/  800]
Epoch complete - average loss: 2550.238296
Root MSE: 51.277444

Epoch 56/100
-------------------------------
loss: 3320.255127 [   32/  800]
loss: 2732.282817 [  192/  800]
loss: 2426.274669 [  352/  800]
loss: 2521.699074 [  512/  800]
loss: 2508.729236 [  672/  800]
Epoch complete - average loss: 2531.926689
Root MSE: 51.107985

Epoch 57/100
-------------------------------
loss: 4017.795898 [   32/  800]
loss: 3111.088013 [  192/  800]
loss: 2891.451105 [  352/  800]
loss: 2665.667854 [  512/  800]
loss: 2514.280303 [  672/  800]
Epoch complete - average loss: 2514.528921
Root MSE: 50.941565

Epoch 58/100
-------------------------------
loss: 3682.106445 [   32/  800]
loss: 2575.965576 [  192/  800]
loss: 2553.311634 [  352/  800]
loss: 2537.797386 [  512/  800]
loss: 2387.746257 [  672/  800]
Epoch complete - average loss: 2496.976592
Root MSE: 50.792585

Epoch 59/100
-------------------------------
loss: 1670.469238 [   32/  800]
loss: 2288.111206 [  192/  800]
loss: 2253.235840 [  352/  800]
loss: 2275.941765 [  512/  800]
loss: 2534.417533 [  672/  800]
Epoch complete - average loss: 2480.976006
Root MSE: 50.642895

Epoch 60/100
-------------------------------
loss: 2444.146240 [   32/  800]
loss: 2502.076090 [  192/  800]
loss: 2475.285400 [  352/  800]
loss: 2734.558701 [  512/  800]
loss: 2577.807978 [  672/  800]
Epoch complete - average loss: 2465.586660
Root MSE: 50.492898

Epoch 61/100
-------------------------------
loss: 815.614624 [   32/  800]
loss: 2168.534607 [  192/  800]
loss: 2491.767878 [  352/  800]
loss: 2669.064003 [  512/  800]
loss: 2581.364525 [  672/  800]
Epoch complete - average loss: 2450.209651
Root MSE: 50.360301

Epoch 62/100
-------------------------------
loss: 2351.645996 [   32/  800]
loss: 2495.045329 [  192/  800]
loss: 2798.019742 [  352/  800]
loss: 2650.955566 [  512/  800]
loss: 2488.905053 [  672/  800]
Epoch complete - average loss: 2436.325723
Root MSE: 50.221536

Epoch 63/100
-------------------------------
loss: 2149.085693 [   32/  800]
loss: 2397.027181 [  192/  800]
loss: 2611.087580 [  352/  800]
loss: 2492.338318 [  512/  800]
loss: 2332.378180 [  672/  800]
Epoch complete - average loss: 2422.126069
Root MSE: 50.098742

Epoch 64/100
-------------------------------
loss: 1545.894287 [   32/  800]
loss: 2662.355021 [  192/  800]
loss: 2341.038103 [  352/  800]
loss: 2502.202061 [  512/  800]
loss: 2404.128729 [  672/  800]
Epoch complete - average loss: 2409.164431
Root MSE: 49.975520

Epoch 65/100
-------------------------------
loss: 2384.816895 [   32/  800]
loss: 2253.524109 [  192/  800]
loss: 2469.959007 [  352/  800]
loss: 2379.134178 [  512/  800]
loss: 2435.540859 [  672/  800]
Epoch complete - average loss: 2396.710337
Root MSE: 49.855040

Epoch 66/100
-------------------------------
loss: 1406.316406 [   32/  800]
loss: 2408.711802 [  192/  800]
loss: 2307.988653 [  352/  800]
loss: 2171.656185 [  512/  800]
loss: 2378.827308 [  672/  800]
Epoch complete - average loss: 2384.300886
Root MSE: 49.749502

Epoch 67/100
-------------------------------
loss: 1174.795898 [   32/  800]
loss: 1900.108744 [  192/  800]
loss: 2131.577914 [  352/  800]
loss: 2201.960472 [  512/  800]
loss: 2295.402983 [  672/  800]
Epoch complete - average loss: 2372.921172
Root MSE: 49.642306

Epoch 68/100
-------------------------------
loss: 3627.167236 [   32/  800]
loss: 2402.223022 [  192/  800]
loss: 2197.540871 [  352/  800]
loss: 2134.861595 [  512/  800]
loss: 2453.413318 [  672/  800]
Epoch complete - average loss: 2362.113218
Root MSE: 49.537141

Epoch 69/100
-------------------------------
loss: 1930.713623 [   32/  800]
loss: 2343.211792 [  192/  800]
loss: 2531.091919 [  352/  800]
loss: 2556.704811 [  512/  800]
loss: 2379.522234 [  672/  800]
Epoch complete - average loss: 2351.508696
Root MSE: 49.436455

Epoch 70/100
-------------------------------
loss: 4072.908203 [   32/  800]
loss: 2337.571615 [  192/  800]
loss: 2295.672508 [  352/  800]
loss: 2212.370918 [  512/  800]
loss: 2380.741164 [  672/  800]
Epoch complete - average loss: 2341.176436
Root MSE: 49.347783

Epoch 71/100
-------------------------------
loss: 4440.112305 [   32/  800]
loss: 2818.922607 [  192/  800]
loss: 2583.914418 [  352/  800]
loss: 2456.743423 [  512/  800]
loss: 2501.660354 [  672/  800]
Epoch complete - average loss: 2332.221768
Root MSE: 49.251471

Epoch 72/100
-------------------------------
loss: 4733.532227 [   32/  800]
loss: 2791.384583 [  192/  800]
loss: 2424.500610 [  352/  800]
loss: 2301.726410 [  512/  800]
loss: 2240.286144 [  672/  800]
Epoch complete - average loss: 2322.400444
Root MSE: 49.173336

Epoch 73/100
-------------------------------
loss: 1146.071411 [   32/  800]
loss: 1988.748271 [  192/  800]
loss: 2129.180209 [  352/  800]
loss: 2268.811989 [  512/  800]
loss: 2230.160336 [  672/  800]
Epoch complete - average loss: 2313.765601
Root MSE: 49.098325

Epoch 74/100
-------------------------------
loss: 3654.540771 [   32/  800]
loss: 2028.877869 [  192/  800]
loss: 2150.937311 [  352/  800]
loss: 2148.347862 [  512/  800]
loss: 2196.931588 [  672/  800]
Epoch complete - average loss: 2305.753530
Root MSE: 49.019849

Epoch 75/100
-------------------------------
loss: 3041.631836 [   32/  800]
loss: 2567.054097 [  192/  800]
loss: 2424.151389 [  352/  800]
loss: 2406.833939 [  512/  800]
loss: 2352.661168 [  672/  800]
Epoch complete - average loss: 2297.918867
Root MSE: 48.945303

Epoch 76/100
-------------------------------
loss: 1397.098145 [   32/  800]
loss: 2364.819417 [  192/  800]
loss: 2376.616011 [  352/  800]
loss: 2343.751122 [  512/  800]
loss: 2272.853806 [  672/  800]
Epoch complete - average loss: 2290.563926
Root MSE: 48.871634

Epoch 77/100
-------------------------------
loss: 3505.361816 [   32/  800]
loss: 2895.463257 [  192/  800]
loss: 2460.257113 [  352/  800]
loss: 2338.522041 [  512/  800]
loss: 2330.349935 [  672/  800]
Epoch complete - average loss: 2283.335615
Root MSE: 48.804833

Epoch 78/100
-------------------------------
loss: 1708.210938 [   32/  800]
loss: 1956.495178 [  192/  800]
loss: 2250.288940 [  352/  800]
loss: 2322.847244 [  512/  800]
loss: 2312.624291 [  672/  800]
Epoch complete - average loss: 2276.301257
Root MSE: 48.745920

Epoch 79/100
-------------------------------
loss: 2111.448242 [   32/  800]
loss: 2383.947021 [  192/  800]
loss: 2574.484497 [  352/  800]
loss: 2491.939133 [  512/  800]
loss: 2294.560803 [  672/  800]
Epoch complete - average loss: 2270.295659
Root MSE: 48.684364

Epoch 80/100
-------------------------------
loss: 1731.871704 [   32/  800]
loss: 1911.546427 [  192/  800]
loss: 2041.599487 [  352/  800]
loss: 2155.500175 [  512/  800]
loss: 2156.162214 [  672/  800]
Epoch complete - average loss: 2263.785122
Root MSE: 48.635417

Epoch 81/100
-------------------------------
loss: 2866.558105 [   32/  800]
loss: 2536.141683 [  192/  800]
loss: 2519.203358 [  352/  800]
loss: 2321.063755 [  512/  800]
loss: 2259.373422 [  672/  800]
Epoch complete - average loss: 2258.368665
Root MSE: 48.579861

Epoch 82/100
-------------------------------
loss: 1297.573242 [   32/  800]
loss: 2475.680461 [  192/  800]
loss: 2437.080766 [  352/  800]
loss: 2396.162148 [  512/  800]
loss: 2320.385957 [  672/  800]
Epoch complete - average loss: 2252.773130
Root MSE: 48.530551

Epoch 83/100
-------------------------------
loss: 2130.818359 [   32/  800]
loss: 2101.640869 [  192/  800]
loss: 2235.039423 [  352/  800]
loss: 2252.794636 [  512/  800]
loss: 2254.170680 [  672/  800]
Epoch complete - average loss: 2247.724817
Root MSE: 48.481171

Epoch 84/100
-------------------------------
loss: 2364.760498 [   32/  800]
loss: 2562.647929 [  192/  800]
loss: 2240.423240 [  352/  800]
loss: 2343.279793 [  512/  800]
loss: 2280.941156 [  672/  800]
Epoch complete - average loss: 2242.813193
Root MSE: 48.435271

Epoch 85/100
-------------------------------
loss: 1078.293457 [   32/  800]
loss: 2458.582194 [  192/  800]
loss: 2328.053877 [  352/  800]
loss: 2353.924141 [  512/  800]
loss: 2302.272478 [  672/  800]
Epoch complete - average loss: 2237.987163
Root MSE: 48.396950

Epoch 86/100
-------------------------------
loss: 2518.436523 [   32/  800]
loss: 2272.973694 [  192/  800]
loss: 2205.874434 [  352/  800]
loss: 2305.075043 [  512/  800]
loss: 2258.967518 [  672/  800]
Epoch complete - average loss: 2233.862000
Root MSE: 48.356856

Epoch 87/100
-------------------------------
loss: 2693.790283 [   32/  800]
loss: 1975.061768 [  192/  800]
loss: 2158.543557 [  352/  800]
loss: 2261.231262 [  512/  800]
loss: 2253.814628 [  672/  800]
Epoch complete - average loss: 2229.674531
Root MSE: 48.320984

Epoch 88/100
-------------------------------
loss: 1623.281372 [   32/  800]
loss: 2370.333923 [  192/  800]
loss: 2281.740057 [  352/  800]
loss: 2335.234375 [  512/  800]
loss: 2255.632266 [  672/  800]
Epoch complete - average loss: 2225.795933
Root MSE: 48.286755

Epoch 89/100
-------------------------------
loss: 2542.127197 [   32/  800]
loss: 2678.958700 [  192/  800]
loss: 2520.350486 [  352/  800]
loss: 2535.388016 [  512/  800]
loss: 2368.559216 [  672/  800]
Epoch complete - average loss: 2222.495459
Root MSE: 48.249804

Epoch 90/100
-------------------------------
loss: 2187.860596 [   32/  800]
loss: 2350.259277 [  192/  800]
loss: 2182.263505 [  352/  800]
loss: 2295.650620 [  512/  800]
loss: 2221.903623 [  672/  800]
Epoch complete - average loss: 2218.567090
Root MSE: 48.223289

Epoch 91/100
-------------------------------
loss: 1064.869995 [   32/  800]
loss: 1926.128499 [  192/  800]
loss: 2140.064819 [  352/  800]
loss: 2323.754471 [  512/  800]
loss: 2308.706682 [  672/  800]
Epoch complete - average loss: 2215.488516
Root MSE: 48.195528

Epoch 92/100
-------------------------------
loss: 3622.823730 [   32/  800]
loss: 2412.826233 [  192/  800]
loss: 2569.901578 [  352/  800]
loss: 2562.987480 [  512/  800]
loss: 2365.565715 [  672/  800]
Epoch complete - average loss: 2212.753188
Root MSE: 48.165493

Epoch 93/100
-------------------------------
loss: 2415.023438 [   32/  800]
loss: 1948.055094 [  192/  800]
loss: 2386.307950 [  352/  800]
loss: 2302.446487 [  512/  800]
loss: 2300.358782 [  672/  800]
Epoch complete - average loss: 2209.606553
Root MSE: 48.142546

Epoch 94/100
-------------------------------
loss: 2905.993652 [   32/  800]
loss: 2550.541850 [  192/  800]
loss: 2383.180487 [  352/  800]
loss: 2162.634140 [  512/  800]
loss: 2226.754598 [  672/  800]
Epoch complete - average loss: 2207.000586
Root MSE: 48.120100

Epoch 95/100
-------------------------------
loss: 3161.401611 [   32/  800]
loss: 1797.246887 [  192/  800]
loss: 2132.320257 [  352/  800]
loss: 2061.610924 [  512/  800]
loss: 2137.384423 [  672/  800]
Epoch complete - average loss: 2204.468623
Root MSE: 48.099635

Epoch 96/100
-------------------------------
loss: 2422.020264 [   32/  800]
loss: 2099.348490 [  192/  800]
loss: 2190.167780 [  352/  800]
loss: 2180.369736 [  512/  800]
loss: 2284.134353 [  672/  800]
Epoch complete - average loss: 2202.250474
Root MSE: 48.078113

Epoch 97/100
-------------------------------
loss: 2333.667236 [   32/  800]
loss: 2104.993449 [  192/  800]
loss: 2314.122359 [  352/  800]
loss: 2290.169273 [  512/  800]
loss: 2280.575503 [  672/  800]
Epoch complete - average loss: 2199.925610
Root MSE: 48.060146

Epoch 98/100
-------------------------------
loss: 1597.115479 [   32/  800]
loss: 2261.316711 [  192/  800]
loss: 2426.029952 [  352/  800]
loss: 2297.742058 [  512/  800]
loss: 2161.315866 [  672/  800]
Epoch complete - average loss: 2197.904619
Root MSE: 48.043052

Epoch 99/100
-------------------------------
loss: 2115.225830 [   32/  800]
loss: 2197.187785 [  192/  800]
loss: 2274.638295 [  352/  800]
loss: 2058.549065 [  512/  800]
loss: 2140.247750 [  672/  800]
Epoch complete - average loss: 2196.074932
Root MSE: 48.026760

Epoch 100/100
-------------------------------
loss: 1982.318604 [   32/  800]
loss: 2099.870036 [  192/  800]
loss: 2001.166426 [  352/  800]
loss: 2006.939407 [  512/  800]
loss: 2165.765625 [  672/  800]
Epoch complete - average loss: 2194.236504
Root MSE: 48.014122
lowest validation loss: 2305.35595703125 in epoch 99
lowest training loss: 2194.23650390625 in epoch 99
Training and evaluating model: GRU hidden dimensions: 32, number of layers: 2 on dataset: Padding with lag parameter: 2

Epoch 1/100
-------------------------------
loss: 6020.748535 [   32/  800]
loss: 5802.818075 [  192/  800]
loss: 6191.050493 [  352/  800]
loss: 5986.096512 [  512/  800]
loss: 5705.915492 [  672/  800]
Epoch complete - average loss: 5790.527568
Root MSE: 75.990897

Epoch 2/100
-------------------------------
loss: 6024.206055 [   32/  800]
loss: 5874.510579 [  192/  800]
loss: 5934.444780 [  352/  800]
loss: 5828.928619 [  512/  800]
loss: 5659.159935 [  672/  800]
Epoch complete - average loss: 5677.780850
Root MSE: 74.835351

Epoch 3/100
-------------------------------
loss: 5636.337891 [   32/  800]
loss: 5979.474772 [  192/  800]
loss: 5754.556574 [  352/  800]
loss: 5603.747833 [  512/  800]
loss: 5629.358166 [  672/  800]
Epoch complete - average loss: 5455.038389
Root MSE: 73.173465

Epoch 4/100
-------------------------------
loss: 4909.255859 [   32/  800]
loss: 4723.503499 [  192/  800]
loss: 4650.323353 [  352/  800]
loss: 5129.053329 [  512/  800]
loss: 5042.555339 [  672/  800]
Epoch complete - average loss: 5224.550254
Root MSE: 71.853240

Epoch 5/100
-------------------------------
loss: 4173.862305 [   32/  800]
loss: 5293.674723 [  192/  800]
loss: 4754.487771 [  352/  800]
loss: 4826.339722 [  512/  800]
loss: 4926.202933 [  672/  800]
Epoch complete - average loss: 5056.310698
Root MSE: 70.843623

Epoch 6/100
-------------------------------
loss: 4112.880859 [   32/  800]
loss: 4681.655396 [  192/  800]
loss: 4920.353183 [  352/  800]
loss: 4764.950851 [  512/  800]
loss: 4786.977062 [  672/  800]
Epoch complete - average loss: 4923.765732
Root MSE: 69.998647

Epoch 7/100
-------------------------------
loss: 5495.610352 [   32/  800]
loss: 5379.142741 [  192/  800]
loss: 4836.445446 [  352/  800]
loss: 4796.126129 [  512/  800]
loss: 4699.156703 [  672/  800]
Epoch complete - average loss: 4811.359736
Root MSE: 69.240149

Epoch 8/100
-------------------------------
loss: 4919.057129 [   32/  800]
loss: 4346.154663 [  192/  800]
loss: 4467.475564 [  352/  800]
loss: 4333.163460 [  512/  800]
loss: 4503.120669 [  672/  800]
Epoch complete - average loss: 4708.632495
Root MSE: 68.545646

Epoch 9/100
-------------------------------
loss: 7306.468750 [   32/  800]
loss: 4526.369059 [  192/  800]
loss: 4511.253551 [  352/  800]
loss: 4366.362946 [  512/  800]
loss: 4504.012323 [  672/  800]
Epoch complete - average loss: 4612.922715
Root MSE: 67.874628

Epoch 10/100
-------------------------------
loss: 3236.212891 [   32/  800]
loss: 3649.450439 [  192/  800]
loss: 4105.643222 [  352/  800]
loss: 4109.760101 [  512/  800]
loss: 4175.084077 [  672/  800]
Epoch complete - average loss: 4522.468516
Root MSE: 67.243290

Epoch 11/100
-------------------------------
loss: 4604.523926 [   32/  800]
loss: 4524.075480 [  192/  800]
loss: 4102.580400 [  352/  800]
loss: 4433.426018 [  512/  800]
loss: 4426.265294 [  672/  800]
Epoch complete - average loss: 4437.986167
Root MSE: 66.619915

Epoch 12/100
-------------------------------
loss: 5176.736816 [   32/  800]
loss: 4687.125814 [  192/  800]
loss: 4622.539684 [  352/  800]
loss: 4338.466293 [  512/  800]
loss: 4251.329683 [  672/  800]
Epoch complete - average loss: 4355.567822
Root MSE: 66.029574

Epoch 13/100
-------------------------------
loss: 6941.774902 [   32/  800]
loss: 4809.319458 [  192/  800]
loss: 4589.615134 [  352/  800]
loss: 4431.475960 [  512/  800]
loss: 4111.705340 [  672/  800]
Epoch complete - average loss: 4277.900054
Root MSE: 65.456622

Epoch 14/100
-------------------------------
loss: 2432.057617 [   32/  800]
loss: 3856.687826 [  192/  800]
loss: 3953.845592 [  352/  800]
loss: 4205.790833 [  512/  800]
loss: 4267.978725 [  672/  800]
Epoch complete - average loss: 4202.673057
Root MSE: 64.900113

Epoch 15/100
-------------------------------
loss: 4651.413574 [   32/  800]
loss: 4575.105469 [  192/  800]
loss: 4614.207453 [  352/  800]
loss: 4304.781204 [  512/  800]
loss: 4234.800560 [  672/  800]
Epoch complete - average loss: 4130.766743
Root MSE: 64.356831

Epoch 16/100
-------------------------------
loss: 3061.482178 [   32/  800]
loss: 3434.211466 [  192/  800]
loss: 3812.343883 [  352/  800]
loss: 3961.849091 [  512/  800]
loss: 3821.876360 [  672/  800]
Epoch complete - average loss: 4059.880557
Root MSE: 63.843462

Epoch 17/100
-------------------------------
loss: 3433.788330 [   32/  800]
loss: 4522.014506 [  192/  800]
loss: 4595.193459 [  352/  800]
loss: 4146.548424 [  512/  800]
loss: 3929.466024 [  672/  800]
Epoch complete - average loss: 3992.976694
Root MSE: 63.325594

Epoch 18/100
-------------------------------
loss: 4808.483887 [   32/  800]
loss: 3740.303569 [  192/  800]
loss: 3543.708274 [  352/  800]
loss: 3720.597412 [  512/  800]
loss: 3763.285284 [  672/  800]
Epoch complete - average loss: 3926.967637
Root MSE: 62.836836

Epoch 19/100
-------------------------------
loss: 5816.226074 [   32/  800]
loss: 3481.373739 [  192/  800]
loss: 3423.202737 [  352/  800]
loss: 3279.425537 [  512/  800]
loss: 3712.731097 [  672/  800]
Epoch complete - average loss: 3864.238984
Root MSE: 62.352822

Epoch 20/100
-------------------------------
loss: 3229.442383 [   32/  800]
loss: 3648.715535 [  192/  800]
loss: 3680.442427 [  352/  800]
loss: 3453.877541 [  512/  800]
loss: 3782.609916 [  672/  800]
Epoch complete - average loss: 3803.264604
Root MSE: 61.871774

Epoch 21/100
-------------------------------
loss: 3707.462646 [   32/  800]
loss: 4038.030355 [  192/  800]
loss: 3592.901489 [  352/  800]
loss: 3773.871391 [  512/  800]
loss: 3901.956677 [  672/  800]
Epoch complete - average loss: 3744.263706
Root MSE: 61.397633

Epoch 22/100
-------------------------------
loss: 3891.334473 [   32/  800]
loss: 4144.998901 [  192/  800]
loss: 4054.603738 [  352/  800]
loss: 3923.479034 [  512/  800]
loss: 3743.459711 [  672/  800]
Epoch complete - average loss: 3686.569482
Root MSE: 60.942219

Epoch 23/100
-------------------------------
loss: 3577.025391 [   32/  800]
loss: 3358.656799 [  192/  800]
loss: 3540.873369 [  352/  800]
loss: 3525.959175 [  512/  800]
loss: 3597.651530 [  672/  800]
Epoch complete - average loss: 3630.030381
Root MSE: 60.510750

Epoch 24/100
-------------------------------
loss: 3962.839111 [   32/  800]
loss: 4092.280111 [  192/  800]
loss: 3508.695690 [  352/  800]
loss: 3357.868553 [  512/  800]
loss: 3501.381284 [  672/  800]
Epoch complete - average loss: 3576.583501
Root MSE: 60.081205

Epoch 25/100
-------------------------------
loss: 3136.182617 [   32/  800]
loss: 2386.682841 [  192/  800]
loss: 3189.975242 [  352/  800]
loss: 3429.297737 [  512/  800]
loss: 3417.278745 [  672/  800]
Epoch complete - average loss: 3524.172866
Root MSE: 59.663259

Epoch 26/100
-------------------------------
loss: 1987.001709 [   32/  800]
loss: 3316.073730 [  192/  800]
loss: 3571.072288 [  352/  800]
loss: 3421.890533 [  512/  800]
loss: 3481.750860 [  672/  800]
Epoch complete - average loss: 3473.732646
Root MSE: 59.248666

Epoch 27/100
-------------------------------
loss: 3075.504883 [   32/  800]
loss: 3179.495646 [  192/  800]
loss: 3009.938310 [  352/  800]
loss: 3389.828255 [  512/  800]
loss: 3355.782267 [  672/  800]
Epoch complete - average loss: 3424.308999
Root MSE: 58.850541

Epoch 28/100
-------------------------------
loss: 4580.420898 [   32/  800]
loss: 3760.241659 [  192/  800]
loss: 3556.944047 [  352/  800]
loss: 3223.914406 [  512/  800]
loss: 3299.712850 [  672/  800]
Epoch complete - average loss: 3376.866382
Root MSE: 58.458259

Epoch 29/100
-------------------------------
loss: 3247.948486 [   32/  800]
loss: 4849.300171 [  192/  800]
loss: 3862.895730 [  352/  800]
loss: 3675.719238 [  512/  800]
loss: 3516.738886 [  672/  800]
Epoch complete - average loss: 3331.693555
Root MSE: 58.064489

Epoch 30/100
-------------------------------
loss: 4497.415039 [   32/  800]
loss: 4170.110596 [  192/  800]
loss: 3430.830877 [  352/  800]
loss: 3344.617340 [  512/  800]
loss: 3326.660214 [  672/  800]
Epoch complete - average loss: 3285.938672
Root MSE: 57.698970

Epoch 31/100
-------------------------------
loss: 3467.577393 [   32/  800]
loss: 3450.105001 [  192/  800]
loss: 3290.016413 [  352/  800]
loss: 3311.990517 [  512/  800]
loss: 3218.850266 [  672/  800]
Epoch complete - average loss: 3242.719624
Root MSE: 57.337515

Epoch 32/100
-------------------------------
loss: 2601.669189 [   32/  800]
loss: 2811.760661 [  192/  800]
loss: 3025.989025 [  352/  800]
loss: 3180.821304 [  512/  800]
loss: 3204.446138 [  672/  800]
Epoch complete - average loss: 3200.361045
Root MSE: 56.995053

Epoch 33/100
-------------------------------
loss: 4647.070312 [   32/  800]
loss: 3201.528035 [  192/  800]
loss: 3178.804110 [  352/  800]
loss: 3455.842560 [  512/  800]
loss: 3198.610253 [  672/  800]
Epoch complete - average loss: 3160.224590
Root MSE: 56.647483

Epoch 34/100
-------------------------------
loss: 5524.192383 [   32/  800]
loss: 3515.244425 [  192/  800]
loss: 3212.461159 [  352/  800]
loss: 3114.798233 [  512/  800]
loss: 3047.819769 [  672/  800]
Epoch complete - average loss: 3120.332151
Root MSE: 56.320507

Epoch 35/100
-------------------------------
loss: 3730.568115 [   32/  800]
loss: 3337.229838 [  192/  800]
loss: 2915.033769 [  352/  800]
loss: 3095.539017 [  512/  800]
loss: 2962.075765 [  672/  800]
Epoch complete - average loss: 3082.581016
Root MSE: 55.994133

Epoch 36/100
-------------------------------
loss: 2449.811279 [   32/  800]
loss: 3077.006592 [  192/  800]
loss: 3160.529963 [  352/  800]
loss: 3091.502838 [  512/  800]
loss: 3125.091553 [  672/  800]
Epoch complete - average loss: 3045.759067
Root MSE: 55.676336

Epoch 37/100
-------------------------------
loss: 1216.032959 [   32/  800]
loss: 2550.256104 [  192/  800]
loss: 2586.545377 [  352/  800]
loss: 2684.690598 [  512/  800]
loss: 2875.101347 [  672/  800]
Epoch complete - average loss: 3009.700220
Root MSE: 55.372887

Epoch 38/100
-------------------------------
loss: 2180.347168 [   32/  800]
loss: 3183.143534 [  192/  800]
loss: 3216.263050 [  352/  800]
loss: 2896.498619 [  512/  800]
loss: 2885.108939 [  672/  800]
Epoch complete - average loss: 2975.725308
Root MSE: 55.070614

Epoch 39/100
-------------------------------
loss: 2539.336670 [   32/  800]
loss: 2578.964986 [  192/  800]
loss: 2750.148560 [  352/  800]
loss: 2957.413780 [  512/  800]
loss: 2973.593570 [  672/  800]
Epoch complete - average loss: 2942.135728
Root MSE: 54.777815

Epoch 40/100
-------------------------------
loss: 1806.626831 [   32/  800]
loss: 2793.925720 [  192/  800]
loss: 3023.157704 [  352/  800]
loss: 2836.768761 [  512/  800]
loss: 2821.366461 [  672/  800]
Epoch complete - average loss: 2909.561479
Root MSE: 54.499453

Epoch 41/100
-------------------------------
loss: 4680.352539 [   32/  800]
loss: 2543.658468 [  192/  800]
loss: 3326.398449 [  352/  800]
loss: 3026.186287 [  512/  800]
loss: 2869.178757 [  672/  800]
Epoch complete - average loss: 2878.790273
Root MSE: 54.219852

Epoch 42/100
-------------------------------
loss: 3783.937012 [   32/  800]
loss: 2687.932434 [  192/  800]
loss: 2736.435336 [  352/  800]
loss: 2859.853584 [  512/  800]
loss: 2845.674264 [  672/  800]
Epoch complete - average loss: 2848.242593
Root MSE: 53.956956

Epoch 43/100
-------------------------------
loss: 2764.328613 [   32/  800]
loss: 3157.009847 [  192/  800]
loss: 2739.092929 [  352/  800]
loss: 2877.234894 [  512/  800]
loss: 2874.880232 [  672/  800]
Epoch complete - average loss: 2819.290269
Root MSE: 53.696850

Epoch 44/100
-------------------------------
loss: 4259.342773 [   32/  800]
loss: 3108.795776 [  192/  800]
loss: 2852.036743 [  352/  800]
loss: 2842.956894 [  512/  800]
loss: 2821.119362 [  672/  800]
Epoch complete - average loss: 2791.040830
Root MSE: 53.447885

Epoch 45/100
-------------------------------
loss: 2415.791992 [   32/  800]
loss: 2801.328817 [  192/  800]
loss: 2902.461048 [  352/  800]
loss: 2922.910820 [  512/  800]
loss: 2801.071027 [  672/  800]
Epoch complete - average loss: 2763.978901
Root MSE: 53.204227

Epoch 46/100
-------------------------------
loss: 1707.879883 [   32/  800]
loss: 2715.986206 [  192/  800]
loss: 2592.461792 [  352/  800]
loss: 2560.941750 [  512/  800]
loss: 2696.296201 [  672/  800]
Epoch complete - average loss: 2737.591182
Root MSE: 52.973895

Epoch 47/100
-------------------------------
loss: 1864.322998 [   32/  800]
loss: 3211.538940 [  192/  800]
loss: 3038.259266 [  352/  800]
loss: 2917.282288 [  512/  800]
loss: 2776.245076 [  672/  800]
Epoch complete - average loss: 2712.605962
Root MSE: 52.741623

Epoch 48/100
-------------------------------
loss: 1542.558594 [   32/  800]
loss: 2686.617574 [  192/  800]
loss: 2671.308827 [  352/  800]
loss: 2793.944344 [  512/  800]
loss: 2630.515616 [  672/  800]
Epoch complete - average loss: 2687.665789
Root MSE: 52.529944

Epoch 49/100
-------------------------------
loss: 2471.550537 [   32/  800]
loss: 2945.247274 [  192/  800]
loss: 2578.470637 [  352/  800]
loss: 2477.855194 [  512/  800]
loss: 2565.233166 [  672/  800]
Epoch complete - average loss: 2664.488721
Root MSE: 52.315922

Epoch 50/100
-------------------------------
loss: 2307.856445 [   32/  800]
loss: 2891.926900 [  192/  800]
loss: 2503.644565 [  352/  800]
loss: 2537.376656 [  512/  800]
loss: 2486.583107 [  672/  800]
Epoch complete - average loss: 2641.589888
Root MSE: 52.116051

Epoch 51/100
-------------------------------
loss: 2906.712402 [   32/  800]
loss: 2638.474080 [  192/  800]
loss: 2505.362527 [  352/  800]
loss: 2649.835503 [  512/  800]
loss: 2675.423020 [  672/  800]
Epoch complete - average loss: 2620.037529
Root MSE: 51.914240

Epoch 52/100
-------------------------------
loss: 1974.008301 [   32/  800]
loss: 2506.974101 [  192/  800]
loss: 2559.130804 [  352/  800]
loss: 2642.256897 [  512/  800]
loss: 2587.239729 [  672/  800]
Epoch complete - average loss: 2598.985659
Root MSE: 51.721877

Epoch 53/100
-------------------------------
loss: 3459.739990 [   32/  800]
loss: 2887.920146 [  192/  800]
loss: 2801.649592 [  352/  800]
loss: 2656.258255 [  512/  800]
loss: 2580.323975 [  672/  800]
Epoch complete - average loss: 2578.875054
Root MSE: 51.532783

Epoch 54/100
-------------------------------
loss: 1392.211914 [   32/  800]
loss: 2007.195760 [  192/  800]
loss: 2002.843506 [  352/  800]
loss: 2353.587044 [  512/  800]
loss: 2397.941575 [  672/  800]
Epoch complete - average loss: 2558.911675
Root MSE: 51.364756

Epoch 55/100
-------------------------------
loss: 3797.782715 [   32/  800]
loss: 2401.520874 [  192/  800]
loss: 2430.814375 [  352/  800]
loss: 2544.076790 [  512/  800]
loss: 2612.516195 [  672/  800]
Epoch complete - average loss: 2540.538032
Root MSE: 51.189719

Epoch 56/100
-------------------------------
loss: 2700.062256 [   32/  800]
loss: 2480.185140 [  192/  800]
loss: 2273.657637 [  352/  800]
loss: 2506.222008 [  512/  800]
loss: 2556.946295 [  672/  800]
Epoch complete - average loss: 2522.566655
Root MSE: 51.020054

Epoch 57/100
-------------------------------
loss: 2018.409424 [   32/  800]
loss: 2469.973287 [  192/  800]
loss: 2276.580566 [  352/  800]
loss: 2334.824669 [  512/  800]
loss: 2413.274362 [  672/  800]
Epoch complete - average loss: 2505.007065
Root MSE: 50.863098

Epoch 58/100
-------------------------------
loss: 1592.659180 [   32/  800]
loss: 2428.788900 [  192/  800]
loss: 2614.228427 [  352/  800]
loss: 2606.254669 [  512/  800]
loss: 2551.399187 [  672/  800]
Epoch complete - average loss: 2488.712466
Root MSE: 50.706041

Epoch 59/100
-------------------------------
loss: 2483.886719 [   32/  800]
loss: 2358.714701 [  192/  800]
loss: 2508.686068 [  352/  800]
loss: 2754.939156 [  512/  800]
loss: 2618.420090 [  672/  800]
Epoch complete - average loss: 2472.698472
Root MSE: 50.557337

Epoch 60/100
-------------------------------
loss: 2499.607178 [   32/  800]
loss: 2334.532267 [  192/  800]
loss: 2700.679377 [  352/  800]
loss: 2607.791588 [  512/  800]
loss: 2558.428473 [  672/  800]
Epoch complete - average loss: 2457.323809
Root MSE: 50.418150

Epoch 61/100
-------------------------------
loss: 1485.051880 [   32/  800]
loss: 2155.741435 [  192/  800]
loss: 2341.301386 [  352/  800]
loss: 2436.060047 [  512/  800]
loss: 2408.221433 [  672/  800]
Epoch complete - average loss: 2442.397507
Root MSE: 50.288641

Epoch 62/100
-------------------------------
loss: 1968.572632 [   32/  800]
loss: 2243.550598 [  192/  800]
loss: 2201.696189 [  352/  800]
loss: 2332.798218 [  512/  800]
loss: 2347.190197 [  672/  800]
Epoch complete - average loss: 2428.692012
Root MSE: 50.156183

Epoch 63/100
-------------------------------
loss: 1362.713989 [   32/  800]
loss: 2512.544495 [  192/  800]
loss: 2847.965310 [  352/  800]
loss: 2553.132725 [  512/  800]
loss: 2437.359221 [  672/  800]
Epoch complete - average loss: 2415.302234
Root MSE: 50.029371

Epoch 64/100
-------------------------------
loss: 5048.535645 [   32/  800]
loss: 2704.201335 [  192/  800]
loss: 2368.108176 [  352/  800]
loss: 2381.752129 [  512/  800]
loss: 2454.945516 [  672/  800]
Epoch complete - average loss: 2402.400068
Root MSE: 49.909395

Epoch 65/100
-------------------------------
loss: 1183.071045 [   32/  800]
loss: 2065.679179 [  192/  800]
loss: 2345.962635 [  352/  800]
loss: 2251.426826 [  512/  800]
loss: 2385.921579 [  672/  800]
Epoch complete - average loss: 2389.884619
Root MSE: 49.799265

Epoch 66/100
-------------------------------
loss: 1377.615479 [   32/  800]
loss: 1810.769307 [  192/  800]
loss: 2279.824385 [  352/  800]
loss: 2412.879204 [  512/  800]
loss: 2316.008298 [  672/  800]
Epoch complete - average loss: 2378.120088
Root MSE: 49.691817

Epoch 67/100
-------------------------------
loss: 1429.350464 [   32/  800]
loss: 1993.633403 [  192/  800]
loss: 2337.441684 [  352/  800]
loss: 2412.257866 [  512/  800]
loss: 2378.405954 [  672/  800]
Epoch complete - average loss: 2366.982007
Root MSE: 49.583290

Epoch 68/100
-------------------------------
loss: 2202.815186 [   32/  800]
loss: 2870.544189 [  192/  800]
loss: 2531.278931 [  352/  800]
loss: 2401.051792 [  512/  800]
loss: 2390.787205 [  672/  800]
Epoch complete - average loss: 2356.289202
Root MSE: 49.479874

Epoch 69/100
-------------------------------
loss: 755.261536 [   32/  800]
loss: 1881.661530 [  192/  800]
loss: 2132.810708 [  352/  800]
loss: 2345.826542 [  512/  800]
loss: 2287.584615 [  672/  800]
Epoch complete - average loss: 2345.722429
Root MSE: 49.388201

Epoch 70/100
-------------------------------
loss: 2140.936523 [   32/  800]
loss: 2485.615377 [  192/  800]
loss: 2126.520108 [  352/  800]
loss: 2267.304214 [  512/  800]
loss: 2351.682972 [  672/  800]
Epoch complete - average loss: 2336.201392
Root MSE: 49.295224

Epoch 71/100
-------------------------------
loss: 4133.845703 [   32/  800]
loss: 3116.585307 [  192/  800]
loss: 2602.955311 [  352/  800]
loss: 2377.933067 [  512/  800]
loss: 2472.714634 [  672/  800]
Epoch complete - average loss: 2326.909927
Root MSE: 49.205505

Epoch 72/100
-------------------------------
loss: 1885.008667 [   32/  800]
loss: 2450.574341 [  192/  800]
loss: 2333.267967 [  352/  800]
loss: 2286.539742 [  512/  800]
loss: 2320.595139 [  672/  800]
Epoch complete - average loss: 2317.617910
Root MSE: 49.128509

Epoch 73/100
-------------------------------
loss: 1220.431885 [   32/  800]
loss: 1957.158590 [  192/  800]
loss: 1906.048673 [  352/  800]
loss: 2245.107819 [  512/  800]
loss: 2312.885998 [  672/  800]
Epoch complete - average loss: 2309.408721
Root MSE: 49.050117

Epoch 74/100
-------------------------------
loss: 1907.572388 [   32/  800]
loss: 1937.238647 [  192/  800]
loss: 2306.324208 [  352/  800]
loss: 2233.919525 [  512/  800]
loss: 2208.080340 [  672/  800]
Epoch complete - average loss: 2301.282026
Root MSE: 48.978685

Epoch 75/100
-------------------------------
loss: 1937.928467 [   32/  800]
loss: 2663.236735 [  192/  800]
loss: 2686.624090 [  352/  800]
loss: 2489.003136 [  512/  800]
loss: 2327.406732 [  672/  800]
Epoch complete - average loss: 2294.105522
Root MSE: 48.902242

Epoch 76/100
-------------------------------
loss: 2317.383057 [   32/  800]
loss: 2171.768534 [  192/  800]
loss: 2151.440463 [  352/  800]
loss: 2299.232582 [  512/  800]
loss: 2303.280663 [  672/  800]
Epoch complete - average loss: 2286.297783
Root MSE: 48.838036

Epoch 77/100
-------------------------------
loss: 2149.181885 [   32/  800]
loss: 1972.589518 [  192/  800]
loss: 2256.206421 [  352/  800]
loss: 2269.920044 [  512/  800]
loss: 2305.729027 [  672/  800]
Epoch complete - average loss: 2279.386665
Root MSE: 48.776322

Epoch 78/100
-------------------------------
loss: 1789.761230 [   32/  800]
loss: 2464.307393 [  192/  800]
loss: 2319.437100 [  352/  800]
loss: 2361.498302 [  512/  800]
loss: 2345.684405 [  672/  800]
Epoch complete - average loss: 2273.262852
Root MSE: 48.711032

Epoch 79/100
-------------------------------
loss: 1756.809082 [   32/  800]
loss: 2160.013570 [  192/  800]
loss: 2197.705134 [  352/  800]
loss: 2387.156815 [  512/  800]
loss: 2344.998163 [  672/  800]
Epoch complete - average loss: 2266.657354
Root MSE: 48.655089

Epoch 80/100
-------------------------------
loss: 2619.900391 [   32/  800]
loss: 2133.880697 [  192/  800]
loss: 2224.985696 [  352/  800]
loss: 2211.224354 [  512/  800]
loss: 2294.670337 [  672/  800]
Epoch complete - average loss: 2260.708708
Root MSE: 48.604310

Epoch 81/100
-------------------------------
loss: 2083.186768 [   32/  800]
loss: 2074.564880 [  192/  800]
loss: 2094.725819 [  352/  800]
loss: 2111.046692 [  512/  800]
loss: 2151.327422 [  672/  800]
Epoch complete - average loss: 2255.213330
Root MSE: 48.553405

Epoch 82/100
-------------------------------
loss: 3840.193115 [   32/  800]
loss: 2595.392334 [  192/  800]
loss: 2538.018643 [  352/  800]
loss: 2328.662163 [  512/  800]
loss: 2346.944417 [  672/  800]
Epoch complete - average loss: 2250.265024
Root MSE: 48.499750

Epoch 83/100
-------------------------------
loss: 2027.887451 [   32/  800]
loss: 2542.903768 [  192/  800]
loss: 2486.664628 [  352/  800]
loss: 2391.482574 [  512/  800]
loss: 2224.143345 [  672/  800]
Epoch complete - average loss: 2244.899453
Root MSE: 48.457401

Epoch 84/100
-------------------------------
loss: 1598.020020 [   32/  800]
loss: 1975.979085 [  192/  800]
loss: 2066.759499 [  352/  800]
loss: 2166.073700 [  512/  800]
loss: 2195.266945 [  672/  800]
Epoch complete - average loss: 2240.157285
Root MSE: 48.416523

Epoch 85/100
-------------------------------
loss: 1832.376343 [   32/  800]
loss: 2314.421895 [  192/  800]
loss: 2028.627552 [  352/  800]
loss: 2104.691315 [  512/  800]
loss: 2255.001860 [  672/  800]
Epoch complete - average loss: 2235.765659
Root MSE: 48.376693

Epoch 86/100
-------------------------------
loss: 1309.377441 [   32/  800]
loss: 2200.815918 [  192/  800]
loss: 2333.053744 [  352/  800]
loss: 2254.957855 [  512/  800]
loss: 2297.612020 [  672/  800]
Epoch complete - average loss: 2231.703032
Root MSE: 48.335327

Epoch 87/100
-------------------------------
loss: 3009.177246 [   32/  800]
loss: 2692.465902 [  192/  800]
loss: 2575.782471 [  352/  800]
loss: 2270.960632 [  512/  800]
loss: 2349.793213 [  672/  800]
Epoch complete - average loss: 2227.638428
Root MSE: 48.298624

Epoch 88/100
-------------------------------
loss: 3871.882568 [   32/  800]
loss: 2704.251221 [  192/  800]
loss: 2626.212547 [  352/  800]
loss: 2327.764015 [  512/  800]
loss: 2376.943040 [  672/  800]
Epoch complete - average loss: 2223.840962
Root MSE: 48.265226

Epoch 89/100
-------------------------------
loss: 2466.584961 [   32/  800]
loss: 2044.394531 [  192/  800]
loss: 1950.978449 [  352/  800]
loss: 2021.397842 [  512/  800]
loss: 2124.454822 [  672/  800]
Epoch complete - average loss: 2220.144492
Root MSE: 48.240895

Epoch 90/100
-------------------------------
loss: 2242.326416 [   32/  800]
loss: 2339.925659 [  192/  800]
loss: 2233.722701 [  352/  800]
loss: 2081.802387 [  512/  800]
loss: 2212.759966 [  672/  800]
Epoch complete - average loss: 2217.141179
Root MSE: 48.207773

Epoch 91/100
-------------------------------
loss: 4219.315430 [   32/  800]
loss: 3163.643229 [  192/  800]
loss: 2642.610185 [  352/  800]
loss: 2336.259506 [  512/  800]
loss: 2256.871669 [  672/  800]
Epoch complete - average loss: 2214.106753
Root MSE: 48.177299

Epoch 92/100
-------------------------------
loss: 2086.830078 [   32/  800]
loss: 2706.859782 [  192/  800]
loss: 2468.979792 [  352/  800]
loss: 2249.653687 [  512/  800]
loss: 2211.030250 [  672/  800]
Epoch complete - average loss: 2210.819204
Root MSE: 48.155378

Epoch 93/100
-------------------------------
loss: 2699.282715 [   32/  800]
loss: 2341.270630 [  192/  800]
loss: 2292.608742 [  352/  800]
loss: 2284.426056 [  512/  800]
loss: 2238.113926 [  672/  800]
Epoch complete - average loss: 2208.318091
Root MSE: 48.129733

Epoch 94/100
-------------------------------
loss: 2287.101562 [   32/  800]
loss: 2082.014404 [  192/  800]
loss: 2168.748857 [  352/  800]
loss: 2167.967468 [  512/  800]
loss: 2220.145897 [  672/  800]
Epoch complete - average loss: 2205.532427
Root MSE: 48.110434

Epoch 95/100
-------------------------------
loss: 989.760803 [   32/  800]
loss: 2042.390981 [  192/  800]
loss: 2060.561562 [  352/  800]
loss: 2153.056553 [  512/  800]
loss: 2222.361616 [  672/  800]
Epoch complete - average loss: 2203.349148
Root MSE: 48.087225

Epoch 96/100
-------------------------------
loss: 1380.755127 [   32/  800]
loss: 2097.692810 [  192/  800]
loss: 2093.341220 [  352/  800]
loss: 2190.525749 [  512/  800]
loss: 2261.716553 [  672/  800]
Epoch complete - average loss: 2200.950586
Root MSE: 48.068363

Epoch 97/100
-------------------------------
loss: 3142.523682 [   32/  800]
loss: 2060.450826 [  192/  800]
loss: 2374.975641 [  352/  800]
loss: 2362.594147 [  512/  800]
loss: 2278.390776 [  672/  800]
Epoch complete - average loss: 2198.881230
Root MSE: 48.050998

Epoch 98/100
-------------------------------
loss: 2427.927734 [   32/  800]
loss: 2322.900228 [  192/  800]
loss: 2250.005449 [  352/  800]
loss: 2248.987862 [  512/  800]
loss: 2248.912371 [  672/  800]
Epoch complete - average loss: 2196.906240
Root MSE: 48.033930

Epoch 99/100
-------------------------------
loss: 2172.707764 [   32/  800]
loss: 2190.536438 [  192/  800]
loss: 2298.426702 [  352/  800]
loss: 2314.454918 [  512/  800]
loss: 2225.776629 [  672/  800]
Epoch complete - average loss: 2195.005972
Root MSE: 48.018763

Epoch 100/100
-------------------------------
loss: 1917.651611 [   32/  800]
loss: 2713.979106 [  192/  800]
loss: 2531.898193 [  352/  800]
loss: 2374.582703 [  512/  800]
loss: 2262.401896 [  672/  800]
Epoch complete - average loss: 2193.352520
Root MSE: 48.004423
lowest validation loss: 2304.424630301339 in epoch 99
lowest training loss: 2193.35251953125 in epoch 99
Training and evaluating model: GRU hidden dimensions: 32, number of layers: 2 on dataset: Padding with lag parameter: 3

Epoch 1/100
-------------------------------
loss: 4694.772461 [   32/  800]
loss: 6242.403076 [  192/  800]
loss: 5959.090021 [  352/  800]
loss: 5744.000320 [  512/  800]
loss: 5660.325881 [  672/  800]
Epoch complete - average loss: 5739.810293
Root MSE: 75.632453

Epoch 2/100
-------------------------------
loss: 6870.695312 [   32/  800]
loss: 5081.158366 [  192/  800]
loss: 5070.929332 [  352/  800]
loss: 5428.706970 [  512/  800]
loss: 5405.839146 [  672/  800]
Epoch complete - average loss: 5620.712354
Root MSE: 74.462149

Epoch 3/100
-------------------------------
loss: 8516.274414 [   32/  800]
loss: 5171.893107 [  192/  800]
loss: 5376.007169 [  352/  800]
loss: 5618.742508 [  512/  800]
loss: 5423.582194 [  672/  800]
Epoch complete - average loss: 5387.661973
Root MSE: 72.721643

Epoch 4/100
-------------------------------
loss: 3576.375000 [   32/  800]
loss: 5953.625448 [  192/  800]
loss: 5595.489724 [  352/  800]
loss: 5451.602402 [  512/  800]
loss: 5261.613630 [  672/  800]
Epoch complete - average loss: 5166.769014
Root MSE: 71.468788

Epoch 5/100
-------------------------------
loss: 4541.412109 [   32/  800]
loss: 5375.077067 [  192/  800]
loss: 5044.928267 [  352/  800]
loss: 4985.942642 [  512/  800]
loss: 4916.102586 [  672/  800]
Epoch complete - average loss: 5005.070996
Root MSE: 70.508311

Epoch 6/100
-------------------------------
loss: 5657.803711 [   32/  800]
loss: 4585.095133 [  192/  800]
loss: 4896.797075 [  352/  800]
loss: 4844.431366 [  512/  800]
loss: 4786.137777 [  672/  800]
Epoch complete - average loss: 4880.053584
Root MSE: 69.713069

Epoch 7/100
-------------------------------
loss: 4137.017090 [   32/  800]
loss: 4823.007975 [  192/  800]
loss: 4830.903675 [  352/  800]
loss: 4823.525436 [  512/  800]
loss: 4789.281576 [  672/  800]
Epoch complete - average loss: 4772.595645
Root MSE: 68.981776

Epoch 8/100
-------------------------------
loss: 6207.015137 [   32/  800]
loss: 4788.038289 [  192/  800]
loss: 4664.304843 [  352/  800]
loss: 4700.742172 [  512/  800]
loss: 4683.249442 [  672/  800]
Epoch complete - average loss: 4673.552695
Root MSE: 68.299459

Epoch 9/100
-------------------------------
loss: 6181.770020 [   32/  800]
loss: 5067.642578 [  192/  800]
loss: 5177.432306 [  352/  800]
loss: 4630.212891 [  512/  800]
loss: 4664.853423 [  672/  800]
Epoch complete - average loss: 4581.514561
Root MSE: 67.643182

Epoch 10/100
-------------------------------
loss: 3138.659912 [   32/  800]
loss: 4484.821167 [  192/  800]
loss: 4840.145486 [  352/  800]
loss: 4635.067551 [  512/  800]
loss: 4688.932943 [  672/  800]
Epoch complete - average loss: 4493.862012
Root MSE: 67.019463

Epoch 11/100
-------------------------------
loss: 2628.344238 [   32/  800]
loss: 4344.436035 [  192/  800]
loss: 4438.299139 [  352/  800]
loss: 4404.254593 [  512/  800]
loss: 4408.034866 [  672/  800]
Epoch complete - average loss: 4409.894854
Root MSE: 66.426049

Epoch 12/100
-------------------------------
loss: 3784.241943 [   32/  800]
loss: 4794.247396 [  192/  800]
loss: 4548.265847 [  352/  800]
loss: 4226.601028 [  512/  800]
loss: 4363.149867 [  672/  800]
Epoch complete - average loss: 4330.248701
Root MSE: 65.842755

Epoch 13/100
-------------------------------
loss: 5034.327148 [   32/  800]
loss: 3856.721680 [  192/  800]
loss: 4501.969260 [  352/  800]
loss: 4387.996246 [  512/  800]
loss: 4328.674223 [  672/  800]
Epoch complete - average loss: 4253.266963
Root MSE: 65.277426

Epoch 14/100
-------------------------------
loss: 4788.460938 [   32/  800]
loss: 4011.321086 [  192/  800]
loss: 3996.859353 [  352/  800]
loss: 4385.230072 [  512/  800]
loss: 4042.814889 [  672/  800]
Epoch complete - average loss: 4178.859351
Root MSE: 64.729650

Epoch 15/100
-------------------------------
loss: 2347.170410 [   32/  800]
loss: 4235.919678 [  192/  800]
loss: 4625.732111 [  352/  800]
loss: 4422.705322 [  512/  800]
loss: 4217.180804 [  672/  800]
Epoch complete - average loss: 4108.175859
Root MSE: 64.187513

Epoch 16/100
-------------------------------
loss: 3407.178223 [   32/  800]
loss: 4260.056864 [  192/  800]
loss: 3899.297796 [  352/  800]
loss: 4252.086174 [  512/  800]
loss: 4241.627610 [  672/  800]
Epoch complete - average loss: 4038.409185
Root MSE: 63.667364

Epoch 17/100
-------------------------------
loss: 8197.218750 [   32/  800]
loss: 4669.946737 [  192/  800]
loss: 4251.814930 [  352/  800]
loss: 4178.278770 [  512/  800]
loss: 4044.483439 [  672/  800]
Epoch complete - average loss: 3971.916128
Root MSE: 63.159870

Epoch 18/100
-------------------------------
loss: 2268.166260 [   32/  800]
loss: 4466.286336 [  192/  800]
loss: 4106.164662 [  352/  800]
loss: 3883.594116 [  512/  800]
loss: 3861.590117 [  672/  800]
Epoch complete - average loss: 3906.996597
Root MSE: 62.670621

Epoch 19/100
-------------------------------
loss: 3082.967041 [   32/  800]
loss: 3469.948975 [  192/  800]
loss: 3715.734419 [  352/  800]
loss: 3724.273529 [  512/  800]
loss: 3884.580346 [  672/  800]
Epoch complete - average loss: 3844.533052
Root MSE: 62.189644

Epoch 20/100
-------------------------------
loss: 2075.363281 [   32/  800]
loss: 3307.429443 [  192/  800]
loss: 3866.575661 [  352/  800]
loss: 3957.078323 [  512/  800]
loss: 3812.504505 [  672/  800]
Epoch complete - average loss: 3784.333354
Root MSE: 61.713823

Epoch 21/100
-------------------------------
loss: 1801.445923 [   32/  800]
loss: 3515.628052 [  192/  800]
loss: 3758.496094 [  352/  800]
loss: 3734.467728 [  512/  800]
loss: 3770.416353 [  672/  800]
Epoch complete - average loss: 3725.301987
Root MSE: 61.254563

Epoch 22/100
-------------------------------
loss: 2408.050537 [   32/  800]
loss: 3515.448608 [  192/  800]
loss: 3486.483487 [  352/  800]
loss: 3359.189590 [  512/  800]
loss: 3634.033877 [  672/  800]
Epoch complete - average loss: 3668.142334
Root MSE: 60.811674

Epoch 23/100
-------------------------------
loss: 1828.647705 [   32/  800]
loss: 3308.181112 [  192/  800]
loss: 3577.013983 [  352/  800]
loss: 3685.343277 [  512/  800]
loss: 3562.524908 [  672/  800]
Epoch complete - average loss: 3613.154761
Root MSE: 60.367657

Epoch 24/100
-------------------------------
loss: 3779.428711 [   32/  800]
loss: 4046.086385 [  192/  800]
loss: 3939.138295 [  352/  800]
loss: 3899.002472 [  512/  800]
loss: 3577.052711 [  672/  800]
Epoch complete - average loss: 3559.696992
Root MSE: 59.935980

Epoch 25/100
-------------------------------
loss: 2879.216797 [   32/  800]
loss: 3693.163900 [  192/  800]
loss: 3516.753240 [  352/  800]
loss: 3366.577225 [  512/  800]
loss: 3586.719796 [  672/  800]
Epoch complete - average loss: 3507.596582
Root MSE: 59.517360

Epoch 26/100
-------------------------------
loss: 4479.667969 [   32/  800]
loss: 3660.290120 [  192/  800]
loss: 3451.728205 [  352/  800]
loss: 3568.770706 [  512/  800]
loss: 3519.757121 [  672/  800]
Epoch complete - average loss: 3457.183555
Root MSE: 59.112180

Epoch 27/100
-------------------------------
loss: 2481.103760 [   32/  800]
loss: 2702.356588 [  192/  800]
loss: 3250.562733 [  352/  800]
loss: 3366.568474 [  512/  800]
loss: 3364.820737 [  672/  800]
Epoch complete - average loss: 3408.264536
Root MSE: 58.720137

Epoch 28/100
-------------------------------
loss: 3221.248047 [   32/  800]
loss: 2641.752035 [  192/  800]
loss: 2804.940330 [  352/  800]
loss: 3270.233025 [  512/  800]
loss: 3409.168672 [  672/  800]
Epoch complete - average loss: 3361.388813
Root MSE: 58.325407

Epoch 29/100
-------------------------------
loss: 3661.211182 [   32/  800]
loss: 3351.017395 [  192/  800]
loss: 3430.644565 [  352/  800]
loss: 3412.265179 [  512/  800]
loss: 3373.830575 [  672/  800]
Epoch complete - average loss: 3315.404724
Root MSE: 57.945403

Epoch 30/100
-------------------------------
loss: 1980.398193 [   32/  800]
loss: 3041.883016 [  192/  800]
loss: 3070.236195 [  352/  800]
loss: 3111.102142 [  512/  800]
loss: 3135.602952 [  672/  800]
Epoch complete - average loss: 3270.708633
Root MSE: 57.582697

Epoch 31/100
-------------------------------
loss: 6230.989746 [   32/  800]
loss: 3556.940104 [  192/  800]
loss: 3136.157848 [  352/  800]
loss: 3511.213928 [  512/  800]
loss: 3283.790434 [  672/  800]
Epoch complete - average loss: 3228.447363
Root MSE: 57.215022

Epoch 32/100
-------------------------------
loss: 2958.954102 [   32/  800]
loss: 3303.550049 [  192/  800]
loss: 3179.671176 [  352/  800]
loss: 3273.834923 [  512/  800]
loss: 3206.399443 [  672/  800]
Epoch complete - average loss: 3186.160024
Root MSE: 56.866104

Epoch 33/100
-------------------------------
loss: 3439.912109 [   32/  800]
loss: 3043.293416 [  192/  800]
loss: 2714.945978 [  352/  800]
loss: 3017.813721 [  512/  800]
loss: 3143.513323 [  672/  800]
Epoch complete - average loss: 3145.490840
Root MSE: 56.533791

Epoch 34/100
-------------------------------
loss: 2351.317383 [   32/  800]
loss: 3161.532878 [  192/  800]
loss: 3377.004439 [  352/  800]
loss: 2951.482029 [  512/  800]
loss: 2957.123573 [  672/  800]
Epoch complete - average loss: 3106.856692
Root MSE: 56.202706

Epoch 35/100
-------------------------------
loss: 4143.724609 [   32/  800]
loss: 3179.801270 [  192/  800]
loss: 3057.010886 [  352/  800]
loss: 3056.359734 [  512/  800]
loss: 3090.453096 [  672/  800]
Epoch complete - average loss: 3069.322222
Root MSE: 55.876223

Epoch 36/100
-------------------------------
loss: 4164.028320 [   32/  800]
loss: 3349.695760 [  192/  800]
loss: 2880.926403 [  352/  800]
loss: 2804.104858 [  512/  800]
loss: 2695.847069 [  672/  800]
Epoch complete - average loss: 3032.128198
Root MSE: 55.571229

Epoch 37/100
-------------------------------
loss: 1875.820801 [   32/  800]
loss: 2888.082662 [  192/  800]
loss: 3000.597512 [  352/  800]
loss: 3101.775154 [  512/  800]
loss: 3154.487642 [  672/  800]
Epoch complete - average loss: 2997.729595
Root MSE: 55.250658

Epoch 38/100
-------------------------------
loss: 4277.375977 [   32/  800]
loss: 2999.932678 [  192/  800]
loss: 3151.753030 [  352/  800]
loss: 3173.817818 [  512/  800]
loss: 2977.945900 [  672/  800]
Epoch complete - average loss: 2963.037480
Root MSE: 54.952821

Epoch 39/100
-------------------------------
loss: 2693.739258 [   32/  800]
loss: 2894.061137 [  192/  800]
loss: 2662.104592 [  352/  800]
loss: 2793.242683 [  512/  800]
loss: 2926.464425 [  672/  800]
Epoch complete - average loss: 2929.247832
Root MSE: 54.678110

Epoch 40/100
-------------------------------
loss: 2130.787598 [   32/  800]
loss: 2262.553853 [  192/  800]
loss: 2458.602051 [  352/  800]
loss: 2946.671310 [  512/  800]
loss: 2940.415376 [  672/  800]
Epoch complete - average loss: 2897.996138
Root MSE: 54.392549

Epoch 41/100
-------------------------------
loss: 3244.381836 [   32/  800]
loss: 2553.869527 [  192/  800]
loss: 3002.460638 [  352/  800]
loss: 2947.104530 [  512/  800]
loss: 2917.113839 [  672/  800]
Epoch complete - average loss: 2866.975347
Root MSE: 54.121357

Epoch 42/100
-------------------------------
loss: 2741.079346 [   32/  800]
loss: 2675.413900 [  192/  800]
loss: 2738.241211 [  352/  800]
loss: 2825.158264 [  512/  800]
loss: 2744.002488 [  672/  800]
Epoch complete - average loss: 2837.038574
Root MSE: 53.859327

Epoch 43/100
-------------------------------
loss: 2466.786377 [   32/  800]
loss: 3338.975667 [  192/  800]
loss: 3052.055131 [  352/  800]
loss: 2920.766045 [  512/  800]
loss: 2856.002133 [  672/  800]
Epoch complete - average loss: 2808.548413
Root MSE: 53.595920

Epoch 44/100
-------------------------------
loss: 3319.519043 [   32/  800]
loss: 3306.785583 [  192/  800]
loss: 3150.700917 [  352/  800]
loss: 2963.599525 [  512/  800]
loss: 2802.667050 [  672/  800]
Epoch complete - average loss: 2780.391157
Root MSE: 53.351287

Epoch 45/100
-------------------------------
loss: 1847.914062 [   32/  800]
loss: 2533.779541 [  192/  800]
loss: 2561.991966 [  352/  800]
loss: 2621.313652 [  512/  800]
loss: 2787.603475 [  672/  800]
Epoch complete - average loss: 2753.262729
Root MSE: 53.114531

Epoch 46/100
-------------------------------
loss: 3104.166260 [   32/  800]
loss: 2469.116150 [  192/  800]
loss: 2261.049350 [  352/  800]
loss: 2630.807549 [  512/  800]
loss: 2791.086327 [  672/  800]
Epoch complete - average loss: 2727.435020
Root MSE: 52.883477

Epoch 47/100
-------------------------------
loss: 1161.972412 [   32/  800]
loss: 2710.870890 [  192/  800]
loss: 2780.252264 [  352/  800]
loss: 2797.300964 [  512/  800]
loss: 2736.879755 [  672/  800]
Epoch complete - average loss: 2702.823179
Root MSE: 52.653121

Epoch 48/100
-------------------------------
loss: 3035.562500 [   32/  800]
loss: 2437.502279 [  192/  800]
loss: 2917.732488 [  352/  800]
loss: 2847.224663 [  512/  800]
loss: 2710.732184 [  672/  800]
Epoch complete - average loss: 2678.394526
Root MSE: 52.437178

Epoch 49/100
-------------------------------
loss: 4726.651367 [   32/  800]
loss: 2942.485046 [  192/  800]
loss: 2524.997670 [  352/  800]
loss: 2532.997200 [  512/  800]
loss: 2617.065063 [  672/  800]
Epoch complete - average loss: 2654.983022
Root MSE: 52.234007

Epoch 50/100
-------------------------------
loss: 2332.637939 [   32/  800]
loss: 1891.437174 [  192/  800]
loss: 2219.661510 [  352/  800]
loss: 2652.554359 [  512/  800]
loss: 2673.488118 [  672/  800]
Epoch complete - average loss: 2632.751074
Root MSE: 52.031267

Epoch 51/100
-------------------------------
loss: 1985.470947 [   32/  800]
loss: 2320.074809 [  192/  800]
loss: 2440.457997 [  352/  800]
loss: 2528.347496 [  512/  800]
loss: 2641.957043 [  672/  800]
Epoch complete - average loss: 2611.197109
Root MSE: 51.835631

Epoch 52/100
-------------------------------
loss: 3029.033447 [   32/  800]
loss: 2633.890808 [  192/  800]
loss: 2555.794045 [  352/  800]
loss: 2605.844154 [  512/  800]
loss: 2620.544323 [  672/  800]
Epoch complete - average loss: 2590.792280
Root MSE: 51.638348

Epoch 53/100
-------------------------------
loss: 4305.413086 [   32/  800]
loss: 3233.147135 [  192/  800]
loss: 2746.390425 [  352/  800]
loss: 2652.268387 [  512/  800]
loss: 2762.541457 [  672/  800]
Epoch complete - average loss: 2570.468926
Root MSE: 51.455989

Epoch 54/100
-------------------------------
loss: 3539.097900 [   32/  800]
loss: 2342.247274 [  192/  800]
loss: 2416.275424 [  352/  800]
loss: 2524.265656 [  512/  800]
loss: 2542.468233 [  672/  800]
Epoch complete - average loss: 2551.083115
Root MSE: 51.284759

Epoch 55/100
-------------------------------
loss: 2775.184326 [   32/  800]
loss: 2686.865967 [  192/  800]
loss: 2643.260687 [  352/  800]
loss: 2644.567772 [  512/  800]
loss: 2520.546114 [  672/  800]
Epoch complete - average loss: 2532.815854
Root MSE: 51.114921

Epoch 56/100
-------------------------------
loss: 3001.587402 [   32/  800]
loss: 2577.614929 [  192/  800]
loss: 2500.162498 [  352/  800]
loss: 2555.704704 [  512/  800]
loss: 2620.104207 [  672/  800]
Epoch complete - average loss: 2515.328770
Root MSE: 50.948415

Epoch 57/100
-------------------------------
loss: 1200.656982 [   32/  800]
loss: 1976.581156 [  192/  800]
loss: 2295.587380 [  352/  800]
loss: 2393.135620 [  512/  800]
loss: 2541.096215 [  672/  800]
Epoch complete - average loss: 2498.019917
Root MSE: 50.793947

Epoch 58/100
-------------------------------
loss: 3641.755371 [   32/  800]
loss: 2338.515645 [  192/  800]
loss: 2322.611650 [  352/  800]
loss: 2357.677231 [  512/  800]
loss: 2453.589879 [  672/  800]
Epoch complete - average loss: 2481.464604
Root MSE: 50.647657

Epoch 59/100
-------------------------------
loss: 3687.837402 [   32/  800]
loss: 2516.269124 [  192/  800]
loss: 2689.359808 [  352/  800]
loss: 2649.681572 [  512/  800]
loss: 2511.513777 [  672/  800]
Epoch complete - average loss: 2466.386172
Root MSE: 50.497577

Epoch 60/100
-------------------------------
loss: 3729.031494 [   32/  800]
loss: 2645.380758 [  192/  800]
loss: 2366.252896 [  352/  800]
loss: 2452.176735 [  512/  800]
loss: 2456.986194 [  672/  800]
Epoch complete - average loss: 2450.834248
Root MSE: 50.361610

Epoch 61/100
-------------------------------
loss: 2350.032715 [   32/  800]
loss: 2453.461833 [  192/  800]
loss: 2531.386885 [  352/  800]
loss: 2468.328445 [  512/  800]
loss: 2416.511248 [  672/  800]
Epoch complete - average loss: 2436.565190
Root MSE: 50.230710

Epoch 62/100
-------------------------------
loss: 1636.729004 [   32/  800]
loss: 2177.030090 [  192/  800]
loss: 2321.627253 [  352/  800]
loss: 2370.572556 [  512/  800]
loss: 2382.891131 [  672/  800]
Epoch complete - average loss: 2422.682239
Root MSE: 50.104159

Epoch 63/100
-------------------------------
loss: 2496.432129 [   32/  800]
loss: 2667.764058 [  192/  800]
loss: 2536.873169 [  352/  800]
loss: 2573.001823 [  512/  800]
loss: 2443.978949 [  672/  800]
Epoch complete - average loss: 2409.715823
Root MSE: 49.977482

Epoch 64/100
-------------------------------
loss: 2681.496826 [   32/  800]
loss: 2429.968913 [  192/  800]
loss: 2302.207797 [  352/  800]
loss: 2453.499084 [  512/  800]
loss: 2483.510306 [  672/  800]
Epoch complete - average loss: 2396.874956
Root MSE: 49.860593

Epoch 65/100
-------------------------------
loss: 2308.156738 [   32/  800]
loss: 2174.707418 [  192/  800]
loss: 2344.790572 [  352/  800]
loss: 2359.359077 [  512/  800]
loss: 2497.652100 [  672/  800]
Epoch complete - average loss: 2384.875376
Root MSE: 49.744936

Epoch 66/100
-------------------------------
loss: 2531.500000 [   32/  800]
loss: 2906.701131 [  192/  800]
loss: 2506.835915 [  352/  800]
loss: 2497.914795 [  512/  800]
loss: 2401.953259 [  672/  800]
Epoch complete - average loss: 2373.119409
Root MSE: 49.638989

Epoch 67/100
-------------------------------
loss: 3077.898193 [   32/  800]
loss: 2568.549540 [  192/  800]
loss: 2497.100231 [  352/  800]
loss: 2338.990318 [  512/  800]
loss: 2348.687430 [  672/  800]
Epoch complete - average loss: 2362.114243
Root MSE: 49.538302

Epoch 68/100
-------------------------------
loss: 2160.297852 [   32/  800]
loss: 2283.605754 [  192/  800]
loss: 2221.769343 [  352/  800]
loss: 2288.659134 [  512/  800]
loss: 2298.944406 [  672/  800]
Epoch complete - average loss: 2351.445024
Root MSE: 49.441985

Epoch 69/100
-------------------------------
loss: 1154.857056 [   32/  800]
loss: 2263.027710 [  192/  800]
loss: 2380.858421 [  352/  800]
loss: 2461.634232 [  512/  800]
loss: 2377.714890 [  672/  800]
Epoch complete - average loss: 2341.633335
Root MSE: 49.345271

Epoch 70/100
-------------------------------
loss: 2666.514160 [   32/  800]
loss: 2138.617696 [  192/  800]
loss: 2512.844849 [  352/  800]
loss: 2401.528992 [  512/  800]
loss: 2356.961193 [  672/  800]
Epoch complete - average loss: 2331.757754
Root MSE: 49.257419

Epoch 71/100
-------------------------------
loss: 1322.471680 [   32/  800]
loss: 2555.728760 [  192/  800]
loss: 2366.413774 [  352/  800]
loss: 2326.913780 [  512/  800]
loss: 2269.800363 [  672/  800]
Epoch complete - average loss: 2322.557188
Root MSE: 49.174426

Epoch 72/100
-------------------------------
loss: 1393.330811 [   32/  800]
loss: 1929.478821 [  192/  800]
loss: 2309.775679 [  352/  800]
loss: 2257.448059 [  512/  800]
loss: 2194.871826 [  672/  800]
Epoch complete - average loss: 2313.899404
Root MSE: 49.093112

Epoch 73/100
-------------------------------
loss: 2940.113770 [   32/  800]
loss: 2433.266968 [  192/  800]
loss: 2490.669811 [  352/  800]
loss: 2397.496773 [  512/  800]
loss: 2451.913627 [  672/  800]
Epoch complete - average loss: 2305.951040
Root MSE: 49.010124

Epoch 74/100
-------------------------------
loss: 2955.576660 [   32/  800]
loss: 2388.360291 [  192/  800]
loss: 2367.338573 [  352/  800]
loss: 2507.475536 [  512/  800]
loss: 2361.042222 [  672/  800]
Epoch complete - average loss: 2297.647390
Root MSE: 48.940000

Epoch 75/100
-------------------------------
loss: 2312.571533 [   32/  800]
loss: 2134.504832 [  192/  800]
loss: 2171.040844 [  352/  800]
loss: 2358.573536 [  512/  800]
loss: 2387.431620 [  672/  800]
Epoch complete - average loss: 2290.202537
Root MSE: 48.872155

Epoch 76/100
-------------------------------
loss: 1419.722168 [   32/  800]
loss: 2413.912618 [  192/  800]
loss: 2257.173406 [  352/  800]
loss: 2221.331810 [  512/  800]
loss: 2338.949759 [  672/  800]
Epoch complete - average loss: 2283.192905
Root MSE: 48.805569

Epoch 77/100
-------------------------------
loss: 3049.598877 [   32/  800]
loss: 2452.613566 [  192/  800]
loss: 2485.872836 [  352/  800]
loss: 2286.655792 [  512/  800]
loss: 2267.516479 [  672/  800]
Epoch complete - average loss: 2276.274302
Root MSE: 48.744828

Epoch 78/100
-------------------------------
loss: 1397.377319 [   32/  800]
loss: 2080.409648 [  192/  800]
loss: 2268.548351 [  352/  800]
loss: 2218.854576 [  512/  800]
loss: 2271.234887 [  672/  800]
Epoch complete - average loss: 2269.803706
Root MSE: 48.688688

Epoch 79/100
-------------------------------
loss: 2302.898926 [   32/  800]
loss: 2470.746175 [  192/  800]
loss: 2314.695989 [  352/  800]
loss: 2149.169327 [  512/  800]
loss: 2214.658639 [  672/  800]
Epoch complete - average loss: 2263.869785
Root MSE: 48.632619

Epoch 80/100
-------------------------------
loss: 2140.505127 [   32/  800]
loss: 2486.336548 [  192/  800]
loss: 2501.424882 [  352/  800]
loss: 2360.849609 [  512/  800]
loss: 2221.113211 [  672/  800]
Epoch complete - average loss: 2258.193091
Root MSE: 48.577225

Epoch 81/100
-------------------------------
loss: 2286.477051 [   32/  800]
loss: 2221.726217 [  192/  800]
loss: 2270.049738 [  352/  800]
loss: 2266.754913 [  512/  800]
loss: 2137.180411 [  672/  800]
Epoch complete - average loss: 2252.503645
Root MSE: 48.527891

Epoch 82/100
-------------------------------
loss: 2391.049805 [   32/  800]
loss: 2854.579183 [  192/  800]
loss: 2595.602750 [  352/  800]
loss: 2556.241516 [  512/  800]
loss: 2427.981015 [  672/  800]
Epoch complete - average loss: 2247.791318
Root MSE: 48.474590

Epoch 83/100
-------------------------------
loss: 1626.777466 [   32/  800]
loss: 1801.086019 [  192/  800]
loss: 2140.085671 [  352/  800]
loss: 2229.952744 [  512/  800]
loss: 2204.199405 [  672/  800]
Epoch complete - average loss: 2242.232705
Root MSE: 48.436372

Epoch 84/100
-------------------------------
loss: 2096.377441 [   32/  800]
loss: 2156.216817 [  192/  800]
loss: 2130.894542 [  352/  800]
loss: 2129.646118 [  512/  800]
loss: 2239.271322 [  672/  800]
Epoch complete - average loss: 2237.875591
Root MSE: 48.394760

Epoch 85/100
-------------------------------
loss: 1412.107666 [   32/  800]
loss: 2672.023682 [  192/  800]
loss: 2269.563621 [  352/  800]
loss: 2344.684052 [  512/  800]
loss: 2185.319778 [  672/  800]
Epoch complete - average loss: 2233.533301
Root MSE: 48.356463

Epoch 86/100
-------------------------------
loss: 2664.255127 [   32/  800]
loss: 2417.037435 [  192/  800]
loss: 2540.191317 [  352/  800]
loss: 2363.006706 [  512/  800]
loss: 2307.362311 [  672/  800]
Epoch complete - average loss: 2229.713867
Root MSE: 48.316645

Epoch 87/100
-------------------------------
loss: 2599.277832 [   32/  800]
loss: 2302.743754 [  192/  800]
loss: 2184.076094 [  352/  800]
loss: 2243.752953 [  512/  800]
loss: 2182.465535 [  672/  800]
Epoch complete - average loss: 2225.641440
Root MSE: 48.282502

Epoch 88/100
-------------------------------
loss: 1361.383057 [   32/  800]
loss: 2112.218892 [  192/  800]
loss: 2195.042702 [  352/  800]
loss: 2274.764816 [  512/  800]
loss: 2263.466652 [  672/  800]
Epoch complete - average loss: 2221.917427
Root MSE: 48.251125

Epoch 89/100
-------------------------------
loss: 2486.733154 [   32/  800]
loss: 2257.710449 [  192/  800]
loss: 2376.689731 [  352/  800]
loss: 2346.823967 [  512/  800]
loss: 2273.164777 [  672/  800]
Epoch complete - average loss: 2218.475215
Root MSE: 48.223132

Epoch 90/100
-------------------------------
loss: 2106.071045 [   32/  800]
loss: 2270.069051 [  192/  800]
loss: 2253.671365 [  352/  800]
loss: 2105.967499 [  512/  800]
loss: 2174.317464 [  672/  800]
Epoch complete - average loss: 2215.302397
Root MSE: 48.194056

Epoch 91/100
-------------------------------
loss: 2492.589600 [   32/  800]
loss: 2174.622355 [  192/  800]
loss: 2055.508256 [  352/  800]
loss: 2098.722389 [  512/  800]
loss: 2123.240792 [  672/  800]
Epoch complete - average loss: 2212.329775
Root MSE: 48.167366

Epoch 92/100
-------------------------------
loss: 1419.750244 [   32/  800]
loss: 2455.142476 [  192/  800]
loss: 2371.773904 [  352/  800]
loss: 2168.935982 [  512/  800]
loss: 2200.029858 [  672/  800]
Epoch complete - average loss: 2209.511169
Root MSE: 48.140837

Epoch 93/100
-------------------------------
loss: 1454.384399 [   32/  800]
loss: 2075.662882 [  192/  800]
loss: 2174.318581 [  352/  800]
loss: 2232.466377 [  512/  800]
loss: 2206.097028 [  672/  800]
Epoch complete - average loss: 2206.711226
Root MSE: 48.118575

Epoch 94/100
-------------------------------
loss: 1959.809082 [   32/  800]
loss: 2216.168803 [  192/  800]
loss: 2106.748269 [  352/  800]
loss: 2112.298927 [  512/  800]
loss: 2201.634272 [  672/  800]
Epoch complete - average loss: 2204.215703
Root MSE: 48.097716

Epoch 95/100
-------------------------------
loss: 1410.631836 [   32/  800]
loss: 1782.214091 [  192/  800]
loss: 2213.556519 [  352/  800]
loss: 2187.542686 [  512/  800]
loss: 2200.059884 [  672/  800]
Epoch complete - average loss: 2201.938379
Root MSE: 48.078301

Epoch 96/100
-------------------------------
loss: 2082.306396 [   32/  800]
loss: 2053.942851 [  192/  800]
loss: 2110.094360 [  352/  800]
loss: 2120.642845 [  512/  800]
loss: 2258.574085 [  672/  800]
Epoch complete - average loss: 2199.767793
Root MSE: 48.057834

Epoch 97/100
-------------------------------
loss: 1178.326294 [   32/  800]
loss: 2324.068990 [  192/  800]
loss: 2095.104437 [  352/  800]
loss: 2130.873123 [  512/  800]
loss: 2171.674334 [  672/  800]
Epoch complete - average loss: 2197.718169
Root MSE: 48.040893

Epoch 98/100
-------------------------------
loss: 1513.005371 [   32/  800]
loss: 2198.085103 [  192/  800]
loss: 2280.458651 [  352/  800]
loss: 2201.230919 [  512/  800]
loss: 2126.194789 [  672/  800]
Epoch complete - average loss: 2195.781821
Root MSE: 48.024502

Epoch 99/100
-------------------------------
loss: 1987.930908 [   32/  800]
loss: 2107.293315 [  192/  800]
loss: 2142.075462 [  352/  800]
loss: 2046.547531 [  512/  800]
loss: 2143.342308 [  672/  800]
Epoch complete - average loss: 2194.039600
Root MSE: 48.010609

Epoch 100/100
-------------------------------
loss: 2168.688232 [   32/  800]
loss: 1882.176331 [  192/  800]
loss: 2085.566134 [  352/  800]
loss: 2106.469189 [  512/  800]
loss: 2151.420814 [  672/  800]
Epoch complete - average loss: 2192.419514
Root MSE: 47.999523
lowest validation loss: 2303.9542410714284 in epoch 99
lowest training loss: 2192.4195141601563 in epoch 99
Saved lag performance plot to /home/dorus/Documenten/UU/Blok 4/deep_learning/Deep-learning-assignment-1/results/2025-05-06_12-34-18/plots/GRU_lag_performance.png
