Training models:
	GRU:
	  <bound method Module.parameters of GRUModel(
  (gru): GRU(1, 32, num_layers=2, batch_first=True)
  (fc): Linear(in_features=32, out_features=1, bias=True)
)>
Using lag parameters: 1, 2, 3
On datasets: Padding
For 100 epochs, with early stopping.
Training and evaluating model: GRU hidden dimensions: 32, number of layers: 2 on dataset: Padding with lag parameter: 1

Epoch 1/100
-------------------------------
/home/dorus/Documenten/UU/Blok 4/deep_learning/Deep-learning-assignment-1/.venv/lib/python3.12/site-packages/torch/nn/modules/loss.py:610: UserWarning: Using a target size (torch.Size([32, 1])) that is different to the input size (torch.Size([32])). This will likely lead to incorrect results due to broadcasting. Please ensure they have the same size.
  return F.mse_loss(input, target, reduction=self.reduction)
loss: 4341.676758 [   32/  800]
loss: 4456.724731 [  192/  800]
loss: 4776.347634 [  352/  800]
loss: 5115.662888 [  512/  800]
loss: 5656.972924 [  672/  800]
Epoch complete - average loss: 5746.198740
/home/dorus/Documenten/UU/Blok 4/deep_learning/Deep-learning-assignment-1/.venv/lib/python3.12/site-packages/torch/nn/modules/loss.py:610: UserWarning: Using a target size (torch.Size([8, 1])) that is different to the input size (torch.Size([8])). This will likely lead to incorrect results due to broadcasting. Please ensure they have the same size.
  return F.mse_loss(input, target, reduction=self.reduction)
Root MSE: 75.601369

Epoch 2/100
-------------------------------
loss: 3289.514648 [   32/  800]
loss: 5915.959595 [  192/  800]
loss: 5672.019110 [  352/  800]
loss: 5394.782562 [  512/  800]
loss: 5268.260417 [  672/  800]
Epoch complete - average loss: 5611.493320
Root MSE: 74.437402

Epoch 3/100
-------------------------------
loss: 4767.477539 [   32/  800]
loss: 4989.082438 [  192/  800]
loss: 5071.703036 [  352/  800]
loss: 5198.780273 [  512/  800]
loss: 5304.272949 [  672/  800]
Epoch complete - average loss: 5403.682813
Root MSE: 72.939356

Epoch 4/100
-------------------------------
loss: 8138.268066 [   32/  800]
loss: 5884.097249 [  192/  800]
loss: 5353.410289 [  352/  800]
loss: 5284.194992 [  512/  800]
loss: 5341.969424 [  672/  800]
Epoch complete - average loss: 5192.195781
Root MSE: 71.585137

Epoch 5/100
-------------------------------
loss: 4756.505859 [   32/  800]
loss: 5052.999512 [  192/  800]
loss: 5119.557284 [  352/  800]
loss: 5179.228271 [  512/  800]
loss: 5198.692662 [  672/  800]
Epoch complete - average loss: 5019.458154
Root MSE: 70.574589

Epoch 6/100
-------------------------------
loss: 5053.223633 [   32/  800]
loss: 4318.495728 [  192/  800]
loss: 5041.611350 [  352/  800]
loss: 4853.897522 [  512/  800]
loss: 4823.321510 [  672/  800]
Epoch complete - average loss: 4887.674189
Root MSE: 69.737997

Epoch 7/100
-------------------------------
loss: 4123.419922 [   32/  800]
loss: 3802.592977 [  192/  800]
loss: 4467.047963 [  352/  800]
loss: 4498.559158 [  512/  800]
loss: 4665.149100 [  672/  800]
Epoch complete - average loss: 4774.445400
Root MSE: 68.987750

Epoch 8/100
-------------------------------
loss: 4102.826660 [   32/  800]
loss: 4167.295125 [  192/  800]
loss: 4746.834917 [  352/  800]
loss: 4596.226013 [  512/  800]
loss: 4786.073126 [  672/  800]
Epoch complete - average loss: 4673.125322
Root MSE: 68.280340

Epoch 9/100
-------------------------------
loss: 4968.755859 [   32/  800]
loss: 3830.914103 [  192/  800]
loss: 4313.801658 [  352/  800]
loss: 4486.222160 [  512/  800]
loss: 4472.963675 [  672/  800]
Epoch complete - average loss: 4577.374272
Root MSE: 67.623197

Epoch 10/100
-------------------------------
loss: 2580.135986 [   32/  800]
loss: 4658.730428 [  192/  800]
loss: 4396.206831 [  352/  800]
loss: 4518.318069 [  512/  800]
loss: 4529.543631 [  672/  800]
Epoch complete - average loss: 4488.933584
Root MSE: 66.982548

Epoch 11/100
-------------------------------
loss: 2703.369629 [   32/  800]
loss: 4182.842855 [  192/  800]
loss: 4530.212491 [  352/  800]
loss: 4525.303940 [  512/  800]
loss: 4473.178153 [  672/  800]
Epoch complete - average loss: 4403.962695
Root MSE: 66.372598

Epoch 12/100
-------------------------------
loss: 3389.405518 [   32/  800]
loss: 4234.159709 [  192/  800]
loss: 4271.618453 [  352/  800]
loss: 4261.154144 [  512/  800]
loss: 4260.851935 [  672/  800]
Epoch complete - average loss: 4322.703799
Root MSE: 65.787542

Epoch 13/100
-------------------------------
loss: 5194.116699 [   32/  800]
loss: 5171.893636 [  192/  800]
loss: 4718.379328 [  352/  800]
loss: 4268.085342 [  512/  800]
loss: 4188.698463 [  672/  800]
Epoch complete - average loss: 4245.502109
Root MSE: 65.215013

Epoch 14/100
-------------------------------
loss: 4922.562500 [   32/  800]
loss: 3530.918833 [  192/  800]
loss: 4140.865018 [  352/  800]
loss: 4184.166767 [  512/  800]
loss: 4162.233564 [  672/  800]
Epoch complete - average loss: 4170.638909
Root MSE: 64.662059

Epoch 15/100
-------------------------------
loss: 3358.024170 [   32/  800]
loss: 4553.438761 [  192/  800]
loss: 3901.707209 [  352/  800]
loss: 4272.595001 [  512/  800]
loss: 4096.247698 [  672/  800]
Epoch complete - average loss: 4098.514346
Root MSE: 64.125194

Epoch 16/100
-------------------------------
loss: 4344.856445 [   32/  800]
loss: 4210.417928 [  192/  800]
loss: 4459.261164 [  352/  800]
loss: 4334.900299 [  512/  800]
loss: 4159.297875 [  672/  800]
Epoch complete - average loss: 4029.834834
Root MSE: 63.590976

Epoch 17/100
-------------------------------
loss: 3194.766602 [   32/  800]
loss: 3802.005900 [  192/  800]
loss: 3891.479359 [  352/  800]
loss: 3722.915085 [  512/  800]
loss: 3914.566743 [  672/  800]
Epoch complete - average loss: 3961.481553
Root MSE: 63.093804

Epoch 18/100
-------------------------------
loss: 2216.000244 [   32/  800]
loss: 3495.149414 [  192/  800]
loss: 4186.503018 [  352/  800]
loss: 3945.862900 [  512/  800]
loss: 4024.285633 [  672/  800]
Epoch complete - average loss: 3897.457988
Root MSE: 62.591289

Epoch 19/100
-------------------------------
loss: 4032.131592 [   32/  800]
loss: 3954.223755 [  192/  800]
loss: 3589.094593 [  352/  800]
loss: 3530.337570 [  512/  800]
loss: 3778.043399 [  672/  800]
Epoch complete - average loss: 3834.225508
Root MSE: 62.110401

Epoch 20/100
-------------------------------
loss: 4479.439941 [   32/  800]
loss: 4348.986857 [  192/  800]
loss: 4035.328946 [  352/  800]
loss: 3851.471420 [  512/  800]
loss: 3794.366478 [  672/  800]
Epoch complete - average loss: 3774.032861
Root MSE: 61.631191

Epoch 21/100
-------------------------------
loss: 5004.349609 [   32/  800]
loss: 4307.337728 [  192/  800]
loss: 4356.660267 [  352/  800]
loss: 4173.604126 [  512/  800]
loss: 3887.099383 [  672/  800]
Epoch complete - average loss: 3715.199478
Root MSE: 61.166678

Epoch 22/100
-------------------------------
loss: 5679.673340 [   32/  800]
loss: 4444.879069 [  192/  800]
loss: 4119.564364 [  352/  800]
loss: 3734.623268 [  512/  800]
loss: 3689.970046 [  672/  800]
Epoch complete - average loss: 3657.867046
Root MSE: 60.721598

Epoch 23/100
-------------------------------
loss: 2159.339600 [   32/  800]
loss: 3248.719849 [  192/  800]
loss: 3812.291060 [  352/  800]
loss: 3826.030785 [  512/  800]
loss: 3848.087431 [  672/  800]
Epoch complete - average loss: 3603.064004
Root MSE: 60.277348

Epoch 24/100
-------------------------------
loss: 2849.718018 [   32/  800]
loss: 2909.658488 [  192/  800]
loss: 3781.855624 [  352/  800]
loss: 3682.363297 [  512/  800]
loss: 3563.422224 [  672/  800]
Epoch complete - average loss: 3548.894873
Root MSE: 59.853975

Epoch 25/100
-------------------------------
loss: 3126.544189 [   32/  800]
loss: 4017.166138 [  192/  800]
loss: 3445.303694 [  352/  800]
loss: 3342.340458 [  512/  800]
loss: 3361.268953 [  672/  800]
Epoch complete - average loss: 3497.000227
Root MSE: 59.444385

Epoch 26/100
-------------------------------
loss: 4154.876465 [   32/  800]
loss: 4555.354940 [  192/  800]
loss: 3993.450084 [  352/  800]
loss: 3593.953445 [  512/  800]
loss: 3613.856224 [  672/  800]
Epoch complete - average loss: 3447.988438
Root MSE: 59.025488

Epoch 27/100
-------------------------------
loss: 3160.988770 [   32/  800]
loss: 3313.204549 [  192/  800]
loss: 3329.231734 [  352/  800]
loss: 3264.049088 [  512/  800]
loss: 3570.176665 [  672/  800]
Epoch complete - average loss: 3398.425479
Root MSE: 58.633225

Epoch 28/100
-------------------------------
loss: 1619.040649 [   32/  800]
loss: 3705.733256 [  192/  800]
loss: 3318.059726 [  352/  800]
loss: 3160.324173 [  512/  800]
loss: 3065.395328 [  672/  800]
Epoch complete - average loss: 3351.321899
Root MSE: 58.253294

Epoch 29/100
-------------------------------
loss: 2996.218506 [   32/  800]
loss: 3636.429240 [  192/  800]
loss: 3521.662387 [  352/  800]
loss: 3523.451363 [  512/  800]
loss: 3296.053583 [  672/  800]
Epoch complete - average loss: 3306.514648
Root MSE: 57.867838

Epoch 30/100
-------------------------------
loss: 1390.247437 [   32/  800]
loss: 2903.304036 [  192/  800]
loss: 3077.875155 [  352/  800]
loss: 3162.222839 [  512/  800]
loss: 3253.626825 [  672/  800]
Epoch complete - average loss: 3261.554609
Root MSE: 57.503912

Epoch 31/100
-------------------------------
loss: 3527.803467 [   32/  800]
loss: 3397.644613 [  192/  800]
loss: 3227.862737 [  352/  800]
loss: 3160.110817 [  512/  800]
loss: 3140.712734 [  672/  800]
Epoch complete - average loss: 3219.042651
Root MSE: 57.145493

Epoch 32/100
-------------------------------
loss: 1778.469971 [   32/  800]
loss: 3342.356812 [  192/  800]
loss: 3066.953558 [  352/  800]
loss: 3043.012215 [  512/  800]
loss: 3316.129865 [  672/  800]
Epoch complete - average loss: 3177.671982
Root MSE: 56.795088

Epoch 33/100
-------------------------------
loss: 2426.467773 [   32/  800]
loss: 3345.026326 [  192/  800]
loss: 2975.926325 [  352/  800]
loss: 3046.191307 [  512/  800]
loss: 3218.500494 [  672/  800]
Epoch complete - average loss: 3137.399385
Root MSE: 56.455103

Epoch 34/100
-------------------------------
loss: 2008.242065 [   32/  800]
loss: 2725.061808 [  192/  800]
loss: 3122.726940 [  352/  800]
loss: 3311.327072 [  512/  800]
loss: 3156.398362 [  672/  800]
Epoch complete - average loss: 3098.577715
Root MSE: 56.120115

Epoch 35/100
-------------------------------
loss: 3578.811768 [   32/  800]
loss: 3687.683024 [  192/  800]
loss: 3174.979559 [  352/  800]
loss: 3165.070892 [  512/  800]
loss: 3166.814221 [  672/  800]
Epoch complete - average loss: 3061.088164
Root MSE: 55.795612

Epoch 36/100
-------------------------------
loss: 3592.434326 [   32/  800]
loss: 2730.956523 [  192/  800]
loss: 2623.896806 [  352/  800]
loss: 3194.705452 [  512/  800]
loss: 3073.424276 [  672/  800]
Epoch complete - average loss: 3024.188628
Root MSE: 55.488771

Epoch 37/100
-------------------------------
loss: 2145.481689 [   32/  800]
loss: 3595.349772 [  192/  800]
loss: 3586.580189 [  352/  800]
loss: 3246.689163 [  512/  800]
loss: 3091.056937 [  672/  800]
Epoch complete - average loss: 2989.931177
Root MSE: 55.177385

Epoch 38/100
-------------------------------
loss: 2929.975342 [   32/  800]
loss: 2903.775065 [  192/  800]
loss: 2648.843095 [  352/  800]
loss: 2810.844078 [  512/  800]
loss: 2813.428949 [  672/  800]
Epoch complete - average loss: 2954.654399
Root MSE: 54.900009

Epoch 39/100
-------------------------------
loss: 3824.857666 [   32/  800]
loss: 2665.290609 [  192/  800]
loss: 2854.637706 [  352/  800]
loss: 2972.931892 [  512/  800]
loss: 2986.941865 [  672/  800]
Epoch complete - average loss: 2922.797393
Root MSE: 54.604530

Epoch 40/100
-------------------------------
loss: 2567.976318 [   32/  800]
loss: 3188.556071 [  192/  800]
loss: 3191.142822 [  352/  800]
loss: 2925.513161 [  512/  800]
loss: 2661.299892 [  672/  800]
Epoch complete - average loss: 2890.335093
Root MSE: 54.333951

Epoch 41/100
-------------------------------
loss: 3235.330566 [   32/  800]
loss: 3354.446604 [  192/  800]
loss: 3431.177185 [  352/  800]
loss: 3091.927937 [  512/  800]
loss: 2949.875956 [  672/  800]
Epoch complete - average loss: 2860.336545
Root MSE: 54.052520

Epoch 42/100
-------------------------------
loss: 2012.605957 [   32/  800]
loss: 2370.690959 [  192/  800]
loss: 2404.463335 [  352/  800]
loss: 2565.074059 [  512/  800]
loss: 2613.730515 [  672/  800]
Epoch complete - average loss: 2829.679844
Root MSE: 53.803712

Epoch 43/100
-------------------------------
loss: 3071.378906 [   32/  800]
loss: 2529.253072 [  192/  800]
loss: 2833.910101 [  352/  800]
loss: 2776.387337 [  512/  800]
loss: 2717.350284 [  672/  800]
Epoch complete - average loss: 2801.802471
Root MSE: 53.542847

Epoch 44/100
-------------------------------
loss: 4442.782227 [   32/  800]
loss: 3202.111837 [  192/  800]
loss: 3151.673617 [  352/  800]
loss: 2860.731812 [  512/  800]
loss: 2800.383324 [  672/  800]
Epoch complete - average loss: 2774.153403
Root MSE: 53.291077

Epoch 45/100
-------------------------------
loss: 5065.877930 [   32/  800]
loss: 2978.864624 [  192/  800]
loss: 2965.810092 [  352/  800]
loss: 2797.099228 [  512/  800]
loss: 2755.276350 [  672/  800]
Epoch complete - average loss: 2746.909341
Root MSE: 53.059323

Epoch 46/100
-------------------------------
loss: 3069.804443 [   32/  800]
loss: 2257.172526 [  192/  800]
loss: 2790.540771 [  352/  800]
loss: 2605.587669 [  512/  800]
loss: 2779.014061 [  672/  800]
Epoch complete - average loss: 2721.332026
Root MSE: 52.829475

Epoch 47/100
-------------------------------
loss: 1727.278442 [   32/  800]
loss: 2388.162923 [  192/  800]
loss: 2564.773182 [  352/  800]
loss: 2615.913185 [  512/  800]
loss: 2642.456706 [  672/  800]
Epoch complete - average loss: 2696.423271
Root MSE: 52.609049

Epoch 48/100
-------------------------------
loss: 1905.380615 [   32/  800]
loss: 2572.935262 [  192/  800]
loss: 2430.185591 [  352/  800]
loss: 2447.969200 [  512/  800]
loss: 2603.450562 [  672/  800]
Epoch complete - average loss: 2672.477437
Root MSE: 52.393987

Epoch 49/100
-------------------------------
loss: 1769.003418 [   32/  800]
loss: 2478.520772 [  192/  800]
loss: 2757.170976 [  352/  800]
loss: 2795.452400 [  512/  800]
loss: 2581.680013 [  672/  800]
Epoch complete - average loss: 2649.727964
Root MSE: 52.179792

Epoch 50/100
-------------------------------
loss: 2226.342773 [   32/  800]
loss: 1694.290344 [  192/  800]
loss: 2220.392523 [  352/  800]
loss: 2329.319069 [  512/  800]
loss: 2563.218471 [  672/  800]
Epoch complete - average loss: 2626.983809
Root MSE: 51.983388

Epoch 51/100
-------------------------------
loss: 2231.787842 [   32/  800]
loss: 1997.513184 [  192/  800]
loss: 2308.629161 [  352/  800]
loss: 2484.218254 [  512/  800]
loss: 2682.695551 [  672/  800]
Epoch complete - average loss: 2605.855054
Root MSE: 51.785722

Epoch 52/100
-------------------------------
loss: 3010.018555 [   32/  800]
loss: 2416.795715 [  192/  800]
loss: 2733.549749 [  352/  800]
loss: 2670.161865 [  512/  800]
loss: 2690.930019 [  672/  800]
Epoch complete - average loss: 2585.580640
Root MSE: 51.590237

Epoch 53/100
-------------------------------
loss: 2389.477051 [   32/  800]
loss: 2391.082479 [  192/  800]
loss: 2511.995472 [  352/  800]
loss: 2553.057388 [  512/  800]
loss: 2522.275146 [  672/  800]
Epoch complete - average loss: 2565.023486
Root MSE: 51.417262

Epoch 54/100
-------------------------------
loss: 3307.211670 [   32/  800]
loss: 2851.160482 [  192/  800]
loss: 2469.347157 [  352/  800]
loss: 2332.822464 [  512/  800]
loss: 2426.853144 [  672/  800]
Epoch complete - average loss: 2546.247031
Root MSE: 51.244484

Epoch 55/100
-------------------------------
loss: 3268.082520 [   32/  800]
loss: 3016.623047 [  192/  800]
loss: 2602.486617 [  352/  800]
loss: 2649.706917 [  512/  800]
loss: 2675.932117 [  672/  800]
Epoch complete - average loss: 2528.353389
Root MSE: 51.070325

Epoch 56/100
-------------------------------
loss: 2386.683594 [   32/  800]
loss: 2406.515015 [  192/  800]
loss: 2373.250888 [  352/  800]
loss: 2520.298950 [  512/  800]
loss: 2507.219256 [  672/  800]
Epoch complete - average loss: 2510.432993
Root MSE: 50.908007

Epoch 57/100
-------------------------------
loss: 2064.380859 [   32/  800]
loss: 2603.935750 [  192/  800]
loss: 2489.978826 [  352/  800]
loss: 2392.704330 [  512/  800]
loss: 2386.635925 [  672/  800]
Epoch complete - average loss: 2493.633064
Root MSE: 50.752585

Epoch 58/100
-------------------------------
loss: 4147.173828 [   32/  800]
loss: 3014.200439 [  192/  800]
loss: 2649.794400 [  352/  800]
loss: 2661.962753 [  512/  800]
loss: 2592.831723 [  672/  800]
Epoch complete - average loss: 2477.587705
Root MSE: 50.598953

Epoch 59/100
-------------------------------
loss: 2710.546631 [   32/  800]
loss: 2588.211751 [  192/  800]
loss: 2407.903420 [  352/  800]
loss: 2348.761261 [  512/  800]
loss: 2488.821115 [  672/  800]
Epoch complete - average loss: 2461.550317
Root MSE: 50.466313

Epoch 60/100
-------------------------------
loss: 4616.547363 [   32/  800]
loss: 2630.614237 [  192/  800]
loss: 2588.091930 [  352/  800]
loss: 2549.013283 [  512/  800]
loss: 2519.973342 [  672/  800]
Epoch complete - average loss: 2447.276245
Root MSE: 50.323507

Epoch 61/100
-------------------------------
loss: 2961.596924 [   32/  800]
loss: 2825.944092 [  192/  800]
loss: 2716.666493 [  352/  800]
loss: 2522.817657 [  512/  800]
loss: 2455.583589 [  672/  800]
Epoch complete - average loss: 2432.725586
Root MSE: 50.191699

Epoch 62/100
-------------------------------
loss: 2475.868652 [   32/  800]
loss: 2321.737590 [  192/  800]
loss: 2476.399092 [  352/  800]
loss: 2530.065651 [  512/  800]
loss: 2494.375605 [  672/  800]
Epoch complete - average loss: 2419.132388
Root MSE: 50.063266

Epoch 63/100
-------------------------------
loss: 3940.171143 [   32/  800]
loss: 2733.954631 [  192/  800]
loss: 2528.079257 [  352/  800]
loss: 2467.490768 [  512/  800]
loss: 2490.470616 [  672/  800]
Epoch complete - average loss: 2406.092856
Root MSE: 49.940804

Epoch 64/100
-------------------------------
loss: 920.954163 [   32/  800]
loss: 1941.333771 [  192/  800]
loss: 2199.785384 [  352/  800]
loss: 2570.045414 [  512/  800]
loss: 2567.986813 [  672/  800]
Epoch complete - average loss: 2393.388188
Root MSE: 49.826813

Epoch 65/100
-------------------------------
loss: 2924.825195 [   32/  800]
loss: 2427.605509 [  192/  800]
loss: 2505.218539 [  352/  800]
loss: 2443.243698 [  512/  800]
loss: 2332.557547 [  672/  800]
Epoch complete - average loss: 2381.401294
Root MSE: 49.720178

Epoch 66/100
-------------------------------
loss: 3633.695801 [   32/  800]
loss: 2791.282674 [  192/  800]
loss: 2223.653797 [  352/  800]
loss: 2427.821846 [  512/  800]
loss: 2354.725115 [  672/  800]
Epoch complete - average loss: 2370.079165
Root MSE: 49.615544

Epoch 67/100
-------------------------------
loss: 2913.758057 [   32/  800]
loss: 2874.334920 [  192/  800]
loss: 2456.432495 [  352/  800]
loss: 2435.964699 [  512/  800]
loss: 2450.037656 [  672/  800]
Epoch complete - average loss: 2359.282187
Root MSE: 49.511184

Epoch 68/100
-------------------------------
loss: 1653.138794 [   32/  800]
loss: 2168.856689 [  192/  800]
loss: 2348.806019 [  352/  800]
loss: 2380.457626 [  512/  800]
loss: 2329.671695 [  672/  800]
Epoch complete - average loss: 2348.643311
Root MSE: 49.417080

Epoch 69/100
-------------------------------
loss: 1802.568481 [   32/  800]
loss: 2369.888631 [  192/  800]
loss: 2226.431330 [  352/  800]
loss: 2236.675301 [  512/  800]
loss: 2245.653803 [  672/  800]
Epoch complete - average loss: 2338.850894
Root MSE: 49.322286

Epoch 70/100
-------------------------------
loss: 1783.229614 [   32/  800]
loss: 2201.797363 [  192/  800]
loss: 2368.603038 [  352/  800]
loss: 2398.092133 [  512/  800]
loss: 2328.441092 [  672/  800]
Epoch complete - average loss: 2329.298169
Root MSE: 49.232460

Epoch 71/100
-------------------------------
loss: 2351.448730 [   32/  800]
loss: 2531.575256 [  192/  800]
loss: 2306.595759 [  352/  800]
loss: 2194.771812 [  512/  800]
loss: 2269.948457 [  672/  800]
Epoch complete - average loss: 2320.089146
Root MSE: 49.150536

Epoch 72/100
-------------------------------
loss: 1002.806030 [   32/  800]
loss: 1720.848531 [  192/  800]
loss: 2088.481079 [  352/  800]
loss: 2214.794228 [  512/  800]
loss: 2330.728626 [  672/  800]
Epoch complete - average loss: 2311.533398
Root MSE: 49.072248

Epoch 73/100
-------------------------------
loss: 1550.819336 [   32/  800]
loss: 2284.474609 [  192/  800]
loss: 2003.465243 [  352/  800]
loss: 2309.811447 [  512/  800]
loss: 2394.187547 [  672/  800]
Epoch complete - average loss: 2303.441807
Root MSE: 48.994640

Epoch 74/100
-------------------------------
loss: 1614.307983 [   32/  800]
loss: 2031.571574 [  192/  800]
loss: 2167.567971 [  352/  800]
loss: 2239.197105 [  512/  800]
loss: 2337.437541 [  672/  800]
Epoch complete - average loss: 2295.544346
Root MSE: 48.922961

Epoch 75/100
-------------------------------
loss: 2702.523193 [   32/  800]
loss: 2631.401917 [  192/  800]
loss: 2439.828630 [  352/  800]
loss: 2354.620678 [  512/  800]
loss: 2328.643034 [  672/  800]
Epoch complete - average loss: 2288.215974
Root MSE: 48.852330

Epoch 76/100
-------------------------------
loss: 1319.837769 [   32/  800]
loss: 2982.871114 [  192/  800]
loss: 2696.106945 [  352/  800]
loss: 2510.712891 [  512/  800]
loss: 2404.955979 [  672/  800]
Epoch complete - average loss: 2281.080664
Root MSE: 48.787255

Epoch 77/100
-------------------------------
loss: 2860.341309 [   32/  800]
loss: 2472.592367 [  192/  800]
loss: 2260.219865 [  352/  800]
loss: 2298.348316 [  512/  800]
loss: 2379.124387 [  672/  800]
Epoch complete - average loss: 2274.489666
Root MSE: 48.724996

Epoch 78/100
-------------------------------
loss: 2881.902588 [   32/  800]
loss: 2466.405416 [  192/  800]
loss: 2117.743408 [  352/  800]
loss: 2195.502441 [  512/  800]
loss: 2200.200794 [  672/  800]
Epoch complete - average loss: 2267.931938
Root MSE: 48.670236

Epoch 79/100
-------------------------------
loss: 2385.968262 [   32/  800]
loss: 2720.764506 [  192/  800]
loss: 2708.928944 [  352/  800]
loss: 2505.686333 [  512/  800]
loss: 2364.284255 [  672/  800]
Epoch complete - average loss: 2262.320225
Root MSE: 48.611491

Epoch 80/100
-------------------------------
loss: 2221.130127 [   32/  800]
loss: 1889.207479 [  192/  800]
loss: 1935.374878 [  352/  800]
loss: 2129.237801 [  512/  800]
loss: 2193.463042 [  672/  800]
Epoch complete - average loss: 2256.381904
Root MSE: 48.561525

Epoch 81/100
-------------------------------
loss: 1623.229004 [   32/  800]
loss: 2223.143168 [  192/  800]
loss: 2381.855502 [  352/  800]
loss: 2335.613106 [  512/  800]
loss: 2193.196126 [  672/  800]
Epoch complete - average loss: 2251.073643
Root MSE: 48.513086

Epoch 82/100
-------------------------------
loss: 2113.034180 [   32/  800]
loss: 2025.116811 [  192/  800]
loss: 1913.962874 [  352/  800]
loss: 2191.798008 [  512/  800]
loss: 2250.724420 [  672/  800]
Epoch complete - average loss: 2245.913328
Root MSE: 48.467520

Epoch 83/100
-------------------------------
loss: 1782.172852 [   32/  800]
loss: 2381.961609 [  192/  800]
loss: 2081.286355 [  352/  800]
loss: 2087.164803 [  512/  800]
loss: 2088.524891 [  672/  800]
Epoch complete - average loss: 2241.027451
Root MSE: 48.426043

Epoch 84/100
-------------------------------
loss: 2018.728027 [   32/  800]
loss: 2248.023600 [  192/  800]
loss: 2216.662753 [  352/  800]
loss: 2119.509171 [  512/  800]
loss: 2103.148984 [  672/  800]
Epoch complete - average loss: 2236.491602
Root MSE: 48.386080

Epoch 85/100
-------------------------------
loss: 2656.657959 [   32/  800]
loss: 2573.924805 [  192/  800]
loss: 2479.237294 [  352/  800]
loss: 2364.456306 [  512/  800]
loss: 2323.880365 [  672/  800]
Epoch complete - average loss: 2232.552505
Root MSE: 48.342255

Epoch 86/100
-------------------------------
loss: 1859.401855 [   32/  800]
loss: 2026.370280 [  192/  800]
loss: 2279.224842 [  352/  800]
loss: 2186.298660 [  512/  800]
loss: 2191.114368 [  672/  800]
Epoch complete - average loss: 2228.128301
Root MSE: 48.308039

Epoch 87/100
-------------------------------
loss: 3082.785645 [   32/  800]
loss: 2146.343343 [  192/  800]
loss: 2225.644587 [  352/  800]
loss: 2100.244820 [  512/  800]
loss: 2248.843994 [  672/  800]
Epoch complete - average loss: 2224.361714
Root MSE: 48.275785

Epoch 88/100
-------------------------------
loss: 2860.643311 [   32/  800]
loss: 1889.756571 [  192/  800]
loss: 2082.925482 [  352/  800]
loss: 2163.466118 [  512/  800]
loss: 2133.925223 [  672/  800]
Epoch complete - average loss: 2220.838911
Root MSE: 48.243405

Epoch 89/100
-------------------------------
loss: 1690.344971 [   32/  800]
loss: 2417.810994 [  192/  800]
loss: 2213.674006 [  352/  800]
loss: 2203.043472 [  512/  800]
loss: 2203.071016 [  672/  800]
Epoch complete - average loss: 2217.552227
Root MSE: 48.212021

Epoch 90/100
-------------------------------
loss: 1127.733032 [   32/  800]
loss: 2287.355876 [  192/  800]
loss: 2170.838790 [  352/  800]
loss: 2247.942390 [  512/  800]
loss: 2259.680030 [  672/  800]
Epoch complete - average loss: 2214.326045
Root MSE: 48.183929

Epoch 91/100
-------------------------------
loss: 2012.508911 [   32/  800]
loss: 1963.649536 [  192/  800]
loss: 2062.124023 [  352/  800]
loss: 2062.846001 [  512/  800]
loss: 2047.574225 [  672/  800]
Epoch complete - average loss: 2211.253833
Root MSE: 48.161729

Epoch 92/100
-------------------------------
loss: 2381.918945 [   32/  800]
loss: 1716.413411 [  192/  800]
loss: 1746.389926 [  352/  800]
loss: 1988.593552 [  512/  800]
loss: 2088.887347 [  672/  800]
Epoch complete - average loss: 2208.575752
Root MSE: 48.137796

Epoch 93/100
-------------------------------
loss: 2468.578613 [   32/  800]
loss: 2855.787984 [  192/  800]
loss: 2374.600830 [  352/  800]
loss: 2219.907074 [  512/  800]
loss: 2182.281782 [  672/  800]
Epoch complete - average loss: 2206.115715
Root MSE: 48.111305

Epoch 94/100
-------------------------------
loss: 1332.945679 [   32/  800]
loss: 2245.103271 [  192/  800]
loss: 2009.925715 [  352/  800]
loss: 2100.031822 [  512/  800]
loss: 2205.411528 [  672/  800]
Epoch complete - average loss: 2203.392212
Root MSE: 48.091266

Epoch 95/100
-------------------------------
loss: 2116.727051 [   32/  800]
loss: 2387.844116 [  192/  800]
loss: 2167.190985 [  352/  800]
loss: 2239.559875 [  512/  800]
loss: 2245.444952 [  672/  800]
Epoch complete - average loss: 2201.222813
Root MSE: 48.071095

Epoch 96/100
-------------------------------
loss: 1539.601318 [   32/  800]
loss: 2091.975850 [  192/  800]
loss: 2121.750766 [  352/  800]
loss: 2082.980888 [  512/  800]
loss: 2209.813732 [  672/  800]
Epoch complete - average loss: 2199.031196
Root MSE: 48.053702

Epoch 97/100
-------------------------------
loss: 2123.835205 [   32/  800]
loss: 2690.457560 [  192/  800]
loss: 2467.562727 [  352/  800]
loss: 2254.186970 [  512/  800]
loss: 2207.149461 [  672/  800]
Epoch complete - average loss: 2197.260542
Root MSE: 48.033716

Epoch 98/100
-------------------------------
loss: 2629.012451 [   32/  800]
loss: 2155.896993 [  192/  800]
loss: 1901.292225 [  352/  800]
loss: 2000.667664 [  512/  800]
loss: 2196.835868 [  672/  800]
Epoch complete - average loss: 2195.198472
Root MSE: 48.020201

Epoch 99/100
-------------------------------
loss: 2462.958984 [   32/  800]
loss: 2052.665731 [  192/  800]
loss: 2191.637817 [  352/  800]
loss: 2263.128006 [  512/  800]
loss: 2203.867920 [  672/  800]
Epoch complete - average loss: 2193.466206
Root MSE: 48.005155

Epoch 100/100
-------------------------------
loss: 2155.422363 [   32/  800]
loss: 2226.699585 [  192/  800]
loss: 2227.457397 [  352/  800]
loss: 2083.790031 [  512/  800]
loss: 2201.072318 [  672/  800]
Epoch complete - average loss: 2191.815269
Root MSE: 47.991770
lowest validation loss: 2303.2100132533483 in epoch 99
lowest training loss: 2191.8152685546875 in epoch 99
Training and evaluating model: GRU hidden dimensions: 32, number of layers: 2 on dataset: Padding with lag parameter: 2

Epoch 1/100
-------------------------------
loss: 6037.515625 [   32/  800]
loss: 5807.434123 [  192/  800]
loss: 6021.099942 [  352/  800]
loss: 5731.911987 [  512/  800]
loss: 5738.463332 [  672/  800]
Epoch complete - average loss: 5763.593965
Root MSE: 75.749745

Epoch 2/100
-------------------------------
loss: 4516.239258 [   32/  800]
loss: 5027.399170 [  192/  800]
loss: 5206.328169 [  352/  800]
loss: 5876.280853 [  512/  800]
loss: 5754.491037 [  672/  800]
Epoch complete - average loss: 5642.880977
Root MSE: 74.681553

Epoch 3/100
-------------------------------
loss: 6036.691895 [   32/  800]
loss: 6059.440999 [  192/  800]
loss: 5279.464977 [  352/  800]
loss: 5350.147598 [  512/  800]
loss: 5256.017485 [  672/  800]
Epoch complete - average loss: 5441.739395
Root MSE: 73.124937

Epoch 4/100
-------------------------------
loss: 4228.294434 [   32/  800]
loss: 4333.293416 [  192/  800]
loss: 4616.875533 [  352/  800]
loss: 5203.880936 [  512/  800]
loss: 5121.964262 [  672/  800]
Epoch complete - average loss: 5215.385234
Root MSE: 71.800681

Epoch 5/100
-------------------------------
loss: 7199.588379 [   32/  800]
loss: 4903.453288 [  192/  800]
loss: 4744.751176 [  352/  800]
loss: 4916.039169 [  512/  800]
loss: 5026.521298 [  672/  800]
Epoch complete - average loss: 5051.414395
Root MSE: 70.813500

Epoch 6/100
-------------------------------
loss: 5167.260742 [   32/  800]
loss: 4612.421346 [  192/  800]
loss: 4951.084317 [  352/  800]
loss: 5130.477585 [  512/  800]
loss: 5050.627697 [  672/  800]
Epoch complete - average loss: 4921.635576
Root MSE: 69.981658

Epoch 7/100
-------------------------------
loss: 3940.510254 [   32/  800]
loss: 3965.605428 [  192/  800]
loss: 4512.493675 [  352/  800]
loss: 4899.292938 [  512/  800]
loss: 4862.693604 [  672/  800]
Epoch complete - average loss: 4809.463408
Root MSE: 69.233355

Epoch 8/100
-------------------------------
loss: 6701.778809 [   32/  800]
loss: 5251.427327 [  192/  800]
loss: 5516.707741 [  352/  800]
loss: 4880.473312 [  512/  800]
loss: 4707.536272 [  672/  800]
Epoch complete - average loss: 4708.146787
Root MSE: 68.532236

Epoch 9/100
-------------------------------
loss: 5450.429688 [   32/  800]
loss: 4690.196330 [  192/  800]
loss: 4549.106024 [  352/  800]
loss: 4685.783615 [  512/  800]
loss: 4646.498431 [  672/  800]
Epoch complete - average loss: 4613.456855
Root MSE: 67.871448

Epoch 10/100
-------------------------------
loss: 6406.782227 [   32/  800]
loss: 4762.506755 [  192/  800]
loss: 4767.244030 [  352/  800]
loss: 4736.211105 [  512/  800]
loss: 4558.252197 [  672/  800]
Epoch complete - average loss: 4524.458184
Root MSE: 67.239448

Epoch 11/100
-------------------------------
loss: 8751.276367 [   32/  800]
loss: 5495.168294 [  192/  800]
loss: 5212.653542 [  352/  800]
loss: 4744.288177 [  512/  800]
loss: 4542.474656 [  672/  800]
Epoch complete - average loss: 4439.635312
Root MSE: 66.627411

Epoch 12/100
-------------------------------
loss: 3593.395752 [   32/  800]
loss: 4157.594157 [  192/  800]
loss: 4357.698509 [  352/  800]
loss: 4471.274643 [  512/  800]
loss: 4250.767921 [  672/  800]
Epoch complete - average loss: 4357.657827
Root MSE: 66.049358

Epoch 13/100
-------------------------------
loss: 3216.811523 [   32/  800]
loss: 3674.811951 [  192/  800]
loss: 3871.911987 [  352/  800]
loss: 3844.016220 [  512/  800]
loss: 4182.419864 [  672/  800]
Epoch complete - average loss: 4279.721318
Root MSE: 65.487043

Epoch 14/100
-------------------------------
loss: 4363.277832 [   32/  800]
loss: 3789.156128 [  192/  800]
loss: 4093.213002 [  352/  800]
loss: 4415.890091 [  512/  800]
loss: 4250.867298 [  672/  800]
Epoch complete - average loss: 4205.891880
Root MSE: 64.922522

Epoch 15/100
-------------------------------
loss: 4788.532715 [   32/  800]
loss: 4130.988892 [  192/  800]
loss: 4112.523815 [  352/  800]
loss: 3808.875351 [  512/  800]
loss: 3977.456148 [  672/  800]
Epoch complete - average loss: 4132.533760
Root MSE: 64.390582

Epoch 16/100
-------------------------------
loss: 3807.923340 [   32/  800]
loss: 3615.883911 [  192/  800]
loss: 3881.510853 [  352/  800]
loss: 3865.437531 [  512/  800]
loss: 3960.733364 [  672/  800]
Epoch complete - average loss: 4063.102773
Root MSE: 63.866611

Epoch 17/100
-------------------------------
loss: 3508.330566 [   32/  800]
loss: 3951.644043 [  192/  800]
loss: 3989.151611 [  352/  800]
loss: 3900.883301 [  512/  800]
loss: 3862.636068 [  672/  800]
Epoch complete - average loss: 3995.518896
Root MSE: 63.351627

Epoch 18/100
-------------------------------
loss: 4497.805664 [   32/  800]
loss: 4578.553833 [  192/  800]
loss: 4382.469305 [  352/  800]
loss: 4150.260727 [  512/  800]
loss: 3891.081316 [  672/  800]
Epoch complete - average loss: 3930.717798
Root MSE: 62.843042

Epoch 19/100
-------------------------------
loss: 3250.706543 [   32/  800]
loss: 3325.575968 [  192/  800]
loss: 3513.407138 [  352/  800]
loss: 3612.496048 [  512/  800]
loss: 3675.496501 [  672/  800]
Epoch complete - average loss: 3866.393193
Root MSE: 62.364447

Epoch 20/100
-------------------------------
loss: 4864.403320 [   32/  800]
loss: 4374.351481 [  192/  800]
loss: 3971.601285 [  352/  800]
loss: 4185.546486 [  512/  800]
loss: 3964.921114 [  672/  800]
Epoch complete - average loss: 3806.172007
Root MSE: 61.880467

Epoch 21/100
-------------------------------
loss: 3881.348877 [   32/  800]
loss: 3494.653768 [  192/  800]
loss: 3599.767445 [  352/  800]
loss: 3573.807281 [  512/  800]
loss: 3802.065255 [  672/  800]
Epoch complete - average loss: 3745.938838
Root MSE: 61.421075

Epoch 22/100
-------------------------------
loss: 1904.282959 [   32/  800]
loss: 3100.271159 [  192/  800]
loss: 3777.669833 [  352/  800]
loss: 3379.825058 [  512/  800]
loss: 3533.487828 [  672/  800]
Epoch complete - average loss: 3688.223457
Root MSE: 60.974335

Epoch 23/100
-------------------------------
loss: 2543.693848 [   32/  800]
loss: 4310.076497 [  192/  800]
loss: 3806.651678 [  352/  800]
loss: 3921.733093 [  512/  800]
loss: 3831.690778 [  672/  800]
Epoch complete - average loss: 3633.612109
Root MSE: 60.518690

Epoch 24/100
-------------------------------
loss: 4047.105957 [   32/  800]
loss: 3850.218526 [  192/  800]
loss: 3687.675437 [  352/  800]
loss: 3521.504417 [  512/  800]
loss: 3488.608009 [  672/  800]
Epoch complete - average loss: 3578.401362
Root MSE: 60.095771

Epoch 25/100
-------------------------------
loss: 4632.781738 [   32/  800]
loss: 3200.324219 [  192/  800]
loss: 3543.894331 [  352/  800]
loss: 3452.708591 [  512/  800]
loss: 3636.231692 [  672/  800]
Epoch complete - average loss: 3526.281282
Root MSE: 59.672941

Epoch 26/100
-------------------------------
loss: 5700.795898 [   32/  800]
loss: 3471.825724 [  192/  800]
loss: 3578.113969 [  352/  800]
loss: 3530.613251 [  512/  800]
loss: 3681.707496 [  672/  800]
Epoch complete - average loss: 3475.993623
Root MSE: 59.260732

Epoch 27/100
-------------------------------
loss: 4639.957031 [   32/  800]
loss: 3408.825846 [  192/  800]
loss: 3436.682573 [  352/  800]
loss: 3342.827316 [  512/  800]
loss: 3368.131836 [  672/  800]
Epoch complete - average loss: 3426.176309
Root MSE: 58.865795

Epoch 28/100
-------------------------------
loss: 4620.835938 [   32/  800]
loss: 3930.580811 [  192/  800]
loss: 3661.994684 [  352/  800]
loss: 3438.908623 [  512/  800]
loss: 3408.814575 [  672/  800]
Epoch complete - average loss: 3379.280337
Root MSE: 58.465638

Epoch 29/100
-------------------------------
loss: 2292.025635 [   32/  800]
loss: 3702.493144 [  192/  800]
loss: 3579.672419 [  352/  800]
loss: 3473.928795 [  512/  800]
loss: 3364.707467 [  672/  800]
Epoch complete - average loss: 3332.464136
Root MSE: 58.086139

Epoch 30/100
-------------------------------
loss: 3001.623779 [   32/  800]
loss: 3439.366252 [  192/  800]
loss: 3217.047141 [  352/  800]
loss: 3060.282379 [  512/  800]
loss: 3185.699370 [  672/  800]
Epoch complete - average loss: 3287.503691
Root MSE: 57.720545

Epoch 31/100
-------------------------------
loss: 3295.930664 [   32/  800]
loss: 3539.491618 [  192/  800]
loss: 3471.581299 [  352/  800]
loss: 3302.885704 [  512/  800]
loss: 3214.764073 [  672/  800]
Epoch complete - average loss: 3244.562588
Root MSE: 57.352059

Epoch 32/100
-------------------------------
loss: 4291.175781 [   32/  800]
loss: 3371.368815 [  192/  800]
loss: 3337.553755 [  352/  800]
loss: 3175.578362 [  512/  800]
loss: 3124.601208 [  672/  800]
Epoch complete - average loss: 3201.714282
Root MSE: 57.009657

Epoch 33/100
-------------------------------
loss: 2905.984619 [   32/  800]
loss: 2775.979228 [  192/  800]
loss: 3031.358165 [  352/  800]
loss: 3035.894051 [  512/  800]
loss: 3011.900582 [  672/  800]
Epoch complete - average loss: 3161.366147
Root MSE: 56.665864

Epoch 34/100
-------------------------------
loss: 3623.721924 [   32/  800]
loss: 3407.056356 [  192/  800]
loss: 3226.650701 [  352/  800]
loss: 3155.242455 [  512/  800]
loss: 3160.149786 [  672/  800]
Epoch complete - average loss: 3122.551230
Root MSE: 56.322373

Epoch 35/100
-------------------------------
loss: 3792.657471 [   32/  800]
loss: 2912.726827 [  192/  800]
loss: 3024.124168 [  352/  800]
loss: 3147.664551 [  512/  800]
loss: 3033.605661 [  672/  800]
Epoch complete - average loss: 3083.910327
Root MSE: 55.995878

Epoch 36/100
-------------------------------
loss: 2507.436523 [   32/  800]
loss: 2886.981913 [  192/  800]
loss: 3074.450340 [  352/  800]
loss: 3009.820686 [  512/  800]
loss: 2937.266706 [  672/  800]
Epoch complete - average loss: 3046.561260
Root MSE: 55.683525

Epoch 37/100
-------------------------------
loss: 2483.365967 [   32/  800]
loss: 3422.909017 [  192/  800]
loss: 2939.999256 [  352/  800]
loss: 3013.544754 [  512/  800]
loss: 2965.414969 [  672/  800]
Epoch complete - average loss: 3010.822559
Root MSE: 55.375688

Epoch 38/100
-------------------------------
loss: 3833.826660 [   32/  800]
loss: 3609.277384 [  192/  800]
loss: 3328.888716 [  352/  800]
loss: 2955.017525 [  512/  800]
loss: 3056.123314 [  672/  800]
Epoch complete - average loss: 2976.771343
Root MSE: 55.067615

Epoch 39/100
-------------------------------
loss: 6149.809082 [   32/  800]
loss: 2875.494975 [  192/  800]
loss: 2928.244762 [  352/  800]
loss: 2956.708389 [  512/  800]
loss: 3014.023658 [  672/  800]
Epoch complete - average loss: 2942.664082
Root MSE: 54.784915

Epoch 40/100
-------------------------------
loss: 1494.345093 [   32/  800]
loss: 2571.085063 [  192/  800]
loss: 2861.275624 [  352/  800]
loss: 3090.408440 [  512/  800]
loss: 3062.926612 [  672/  800]
Epoch complete - average loss: 2910.735833
Root MSE: 54.495635

Epoch 41/100
-------------------------------
loss: 4176.352539 [   32/  800]
loss: 3156.906230 [  192/  800]
loss: 2921.650790 [  352/  800]
loss: 2991.452332 [  512/  800]
loss: 2953.296404 [  672/  800]
Epoch complete - average loss: 2878.912563
Root MSE: 54.224932

Epoch 42/100
-------------------------------
loss: 4272.716309 [   32/  800]
loss: 3207.490479 [  192/  800]
loss: 2728.623613 [  352/  800]
loss: 2602.832260 [  512/  800]
loss: 2839.480318 [  672/  800]
Epoch complete - average loss: 2848.577930
Root MSE: 53.965709

Epoch 43/100
-------------------------------
loss: 2212.650879 [   32/  800]
loss: 2381.754801 [  192/  800]
loss: 2316.233509 [  352/  800]
loss: 2591.440582 [  512/  800]
loss: 2835.248059 [  672/  800]
Epoch complete - average loss: 2819.583643
Root MSE: 53.709079

Epoch 44/100
-------------------------------
loss: 3012.192627 [   32/  800]
loss: 2793.904928 [  192/  800]
loss: 2624.294966 [  352/  800]
loss: 2740.600830 [  512/  800]
loss: 2700.536063 [  672/  800]
Epoch complete - average loss: 2791.585400
Root MSE: 53.453235

Epoch 45/100
-------------------------------
loss: 2115.278320 [   32/  800]
loss: 3032.997335 [  192/  800]
loss: 2908.529397 [  352/  800]
loss: 2894.996490 [  512/  800]
loss: 2753.181245 [  672/  800]
Epoch complete - average loss: 2764.160176
Root MSE: 53.207385

Epoch 46/100
-------------------------------
loss: 2274.257812 [   32/  800]
loss: 2770.850667 [  192/  800]
loss: 2760.060358 [  352/  800]
loss: 2520.858902 [  512/  800]
loss: 2647.347360 [  672/  800]
Epoch complete - average loss: 2737.473198
Root MSE: 52.980291

Epoch 47/100
-------------------------------
loss: 1945.191650 [   32/  800]
loss: 2304.809001 [  192/  800]
loss: 2901.118608 [  352/  800]
loss: 2865.381760 [  512/  800]
loss: 2708.005333 [  672/  800]
Epoch complete - average loss: 2712.441746
Root MSE: 52.749002

Epoch 48/100
-------------------------------
loss: 2090.007324 [   32/  800]
loss: 2490.585185 [  192/  800]
loss: 2544.700340 [  352/  800]
loss: 2697.319160 [  512/  800]
loss: 2713.547648 [  672/  800]
Epoch complete - average loss: 2687.897876
Root MSE: 52.527868

Epoch 49/100
-------------------------------
loss: 2265.919922 [   32/  800]
loss: 2371.953328 [  192/  800]
loss: 2283.517611 [  352/  800]
loss: 2228.274410 [  512/  800]
loss: 2553.372486 [  672/  800]
Epoch complete - average loss: 2664.161072
Root MSE: 52.322555

Epoch 50/100
-------------------------------
loss: 744.760559 [   32/  800]
loss: 2741.772349 [  192/  800]
loss: 2922.238431 [  352/  800]
loss: 2749.757580 [  512/  800]
loss: 2682.764308 [  672/  800]
Epoch complete - average loss: 2642.069832
Root MSE: 52.106860

Epoch 51/100
-------------------------------
loss: 2404.020752 [   32/  800]
loss: 2131.251404 [  192/  800]
loss: 2480.745517 [  352/  800]
loss: 2373.695786 [  512/  800]
loss: 2506.270723 [  672/  800]
Epoch complete - average loss: 2619.468813
Root MSE: 51.914349

Epoch 52/100
-------------------------------
loss: 1726.587891 [   32/  800]
loss: 3140.197449 [  192/  800]
loss: 2629.544478 [  352/  800]
loss: 2719.304550 [  512/  800]
loss: 2622.588832 [  672/  800]
Epoch complete - average loss: 2599.078169
Root MSE: 51.715402

Epoch 53/100
-------------------------------
loss: 4084.949951 [   32/  800]
loss: 2845.605428 [  192/  800]
loss: 2772.199485 [  352/  800]
loss: 2688.899124 [  512/  800]
loss: 2504.440296 [  672/  800]
Epoch complete - average loss: 2578.354165
Root MSE: 51.533410

Epoch 54/100
-------------------------------
loss: 2417.795166 [   32/  800]
loss: 2695.473592 [  192/  800]
loss: 2349.284124 [  352/  800]
loss: 2520.456520 [  512/  800]
loss: 2567.753081 [  672/  800]
Epoch complete - average loss: 2558.810957
Root MSE: 51.360129

Epoch 55/100
-------------------------------
loss: 1238.225708 [   32/  800]
loss: 2430.992839 [  192/  800]
loss: 2617.903209 [  352/  800]
loss: 2510.434715 [  512/  800]
loss: 2513.488857 [  672/  800]
Epoch complete - average loss: 2540.340464
Root MSE: 51.186101

Epoch 56/100
-------------------------------
loss: 2713.659180 [   32/  800]
loss: 2389.365092 [  192/  800]
loss: 2536.075772 [  352/  800]
loss: 2561.543243 [  512/  800]
loss: 2641.329578 [  672/  800]
Epoch complete - average loss: 2522.092939
Root MSE: 51.021168

Epoch 57/100
-------------------------------
loss: 3176.780762 [   32/  800]
loss: 2499.155375 [  192/  800]
loss: 2514.292336 [  352/  800]
loss: 2491.813034 [  512/  800]
loss: 2592.935791 [  672/  800]
Epoch complete - average loss: 2505.177241
Root MSE: 50.857919

Epoch 58/100
-------------------------------
loss: 1525.901245 [   32/  800]
loss: 2476.979329 [  192/  800]
loss: 2449.251687 [  352/  800]
loss: 2335.684265 [  512/  800]
loss: 2388.089879 [  672/  800]
Epoch complete - average loss: 2488.172676
Root MSE: 50.709166

Epoch 59/100
-------------------------------
loss: 2640.481201 [   32/  800]
loss: 2713.466105 [  192/  800]
loss: 2560.761219 [  352/  800]
loss: 2456.654366 [  512/  800]
loss: 2423.834804 [  672/  800]
Epoch complete - average loss: 2472.478433
Root MSE: 50.560319

Epoch 60/100
-------------------------------
loss: 2852.242188 [   32/  800]
loss: 2487.611369 [  192/  800]
loss: 2235.675215 [  352/  800]
loss: 2243.639565 [  512/  800]
loss: 2522.691703 [  672/  800]
Epoch complete - average loss: 2457.024043
Root MSE: 50.420979

Epoch 61/100
-------------------------------
loss: 2049.070068 [   32/  800]
loss: 2568.965576 [  192/  800]
loss: 2342.214045 [  352/  800]
loss: 2414.766701 [  512/  800]
loss: 2488.096273 [  672/  800]
Epoch complete - average loss: 2442.442964
Root MSE: 50.285446

Epoch 62/100
-------------------------------
loss: 4134.036133 [   32/  800]
loss: 2485.756429 [  192/  800]
loss: 2403.354659 [  352/  800]
loss: 2441.556267 [  512/  800]
loss: 2385.019444 [  672/  800]
Epoch complete - average loss: 2428.210376
Root MSE: 50.157022

Epoch 63/100
-------------------------------
loss: 2889.957275 [   32/  800]
loss: 2093.095479 [  192/  800]
loss: 2093.834095 [  352/  800]
loss: 2318.204124 [  512/  800]
loss: 2474.935262 [  672/  800]
Epoch complete - average loss: 2414.904763
Root MSE: 50.032836

Epoch 64/100
-------------------------------
loss: 2412.380615 [   32/  800]
loss: 2649.948853 [  192/  800]
loss: 2451.578536 [  352/  800]
loss: 2440.401756 [  512/  800]
loss: 2437.000593 [  672/  800]
Epoch complete - average loss: 2402.068682
Root MSE: 49.911601

Epoch 65/100
-------------------------------
loss: 1449.587646 [   32/  800]
loss: 2041.998657 [  192/  800]
loss: 2255.233343 [  352/  800]
loss: 2321.826027 [  512/  800]
loss: 2289.005673 [  672/  800]
Epoch complete - average loss: 2389.712236
Root MSE: 49.794842

Epoch 66/100
-------------------------------
loss: 2355.434814 [   32/  800]
loss: 2436.367615 [  192/  800]
loss: 2388.798418 [  352/  800]
loss: 2261.177620 [  512/  800]
loss: 2370.949219 [  672/  800]
Epoch complete - average loss: 2377.822373
Root MSE: 49.686084

Epoch 67/100
-------------------------------
loss: 2958.964600 [   32/  800]
loss: 3045.250529 [  192/  800]
loss: 2601.047075 [  352/  800]
loss: 2575.204391 [  512/  800]
loss: 2374.065313 [  672/  800]
Epoch complete - average loss: 2366.823857
Root MSE: 49.577520

Epoch 68/100
-------------------------------
loss: 1732.891113 [   32/  800]
loss: 1928.133850 [  192/  800]
loss: 2128.368109 [  352/  800]
loss: 2301.191643 [  512/  800]
loss: 2333.269078 [  672/  800]
Epoch complete - average loss: 2355.769541
Root MSE: 49.481569

Epoch 69/100
-------------------------------
loss: 961.877686 [   32/  800]
loss: 1812.704854 [  192/  800]
loss: 1920.421220 [  352/  800]
loss: 2123.175423 [  512/  800]
loss: 2136.938837 [  672/  800]
Epoch complete - average loss: 2345.434209
Root MSE: 49.391195

Epoch 70/100
-------------------------------
loss: 2477.076172 [   32/  800]
loss: 2033.945984 [  192/  800]
loss: 2048.051880 [  352/  800]
loss: 2235.322220 [  512/  800]
loss: 2316.099563 [  672/  800]
Epoch complete - average loss: 2335.788613
Root MSE: 49.299891

Epoch 71/100
-------------------------------
loss: 1651.918823 [   32/  800]
loss: 1935.875224 [  192/  800]
loss: 2267.969027 [  352/  800]
loss: 2307.684784 [  512/  800]
loss: 2355.972209 [  672/  800]
Epoch complete - average loss: 2326.588047
Root MSE: 49.212531

Epoch 72/100
-------------------------------
loss: 1551.705566 [   32/  800]
loss: 2228.392354 [  192/  800]
loss: 2359.456654 [  352/  800]
loss: 2309.383881 [  512/  800]
loss: 2310.920986 [  672/  800]
Epoch complete - average loss: 2317.849868
Root MSE: 49.123104

Epoch 73/100
-------------------------------
loss: 4002.142334 [   32/  800]
loss: 2469.646688 [  192/  800]
loss: 2463.473178 [  352/  800]
loss: 2194.229271 [  512/  800]
loss: 2213.790603 [  672/  800]
Epoch complete - average loss: 2308.973374
Root MSE: 49.049896

Epoch 74/100
-------------------------------
loss: 2107.373535 [   32/  800]
loss: 2303.776123 [  192/  800]
loss: 2300.332087 [  352/  800]
loss: 2325.286140 [  512/  800]
loss: 2286.276722 [  672/  800]
Epoch complete - average loss: 2301.047129
Root MSE: 48.975362

Epoch 75/100
-------------------------------
loss: 1869.190674 [   32/  800]
loss: 1962.619731 [  192/  800]
loss: 2258.090254 [  352/  800]
loss: 2219.703880 [  512/  800]
loss: 2308.344163 [  672/  800]
Epoch complete - average loss: 2293.491050
Root MSE: 48.901744

Epoch 76/100
-------------------------------
loss: 2027.557495 [   32/  800]
loss: 2193.736959 [  192/  800]
loss: 2193.537864 [  352/  800]
loss: 2313.457062 [  512/  800]
loss: 2282.434361 [  672/  800]
Epoch complete - average loss: 2286.007803
Root MSE: 48.835721

Epoch 77/100
-------------------------------
loss: 3794.260010 [   32/  800]
loss: 2180.007365 [  192/  800]
loss: 2180.967696 [  352/  800]
loss: 2275.185539 [  512/  800]
loss: 2299.772211 [  672/  800]
Epoch complete - average loss: 2279.132573
Root MSE: 48.772785

Epoch 78/100
-------------------------------
loss: 1905.062866 [   32/  800]
loss: 2398.053223 [  192/  800]
loss: 2478.582087 [  352/  800]
loss: 2466.688705 [  512/  800]
loss: 2371.965408 [  672/  800]
Epoch complete - average loss: 2272.695430
Root MSE: 48.709664

Epoch 79/100
-------------------------------
loss: 1680.151367 [   32/  800]
loss: 1781.890238 [  192/  800]
loss: 2263.713323 [  352/  800]
loss: 2252.424599 [  512/  800]
loss: 2199.143962 [  672/  800]
Epoch complete - average loss: 2266.356377
Root MSE: 48.653529

Epoch 80/100
-------------------------------
loss: 2360.818848 [   32/  800]
loss: 2519.436157 [  192/  800]
loss: 2335.916515 [  352/  800]
loss: 2069.771278 [  512/  800]
loss: 2192.162045 [  672/  800]
Epoch complete - average loss: 2260.296479
Root MSE: 48.602602

Epoch 81/100
-------------------------------
loss: 2814.102295 [   32/  800]
loss: 2339.158732 [  192/  800]
loss: 2260.265503 [  352/  800]
loss: 2195.459415 [  512/  800]
loss: 2302.674215 [  672/  800]
Epoch complete - average loss: 2254.877507
Root MSE: 48.550452

Epoch 82/100
-------------------------------
loss: 2355.041992 [   32/  800]
loss: 2570.802450 [  192/  800]
loss: 2643.359974 [  352/  800]
loss: 2489.452797 [  512/  800]
loss: 2325.290934 [  672/  800]
Epoch complete - average loss: 2250.171997
Root MSE: 48.494393

Epoch 83/100
-------------------------------
loss: 2770.295654 [   32/  800]
loss: 1891.929789 [  192/  800]
loss: 2169.665006 [  352/  800]
loss: 2208.863029 [  512/  800]
loss: 2246.625023 [  672/  800]
Epoch complete - average loss: 2244.400605
Root MSE: 48.454849

Epoch 84/100
-------------------------------
loss: 2124.465820 [   32/  800]
loss: 2093.319845 [  192/  800]
loss: 2262.900024 [  352/  800]
loss: 2243.698662 [  512/  800]
loss: 2239.482404 [  672/  800]
Epoch complete - average loss: 2239.820259
Root MSE: 48.413862

Epoch 85/100
-------------------------------
loss: 1394.163818 [   32/  800]
loss: 2569.396525 [  192/  800]
loss: 2291.756858 [  352/  800]
loss: 2314.654381 [  512/  800]
loss: 2300.274769 [  672/  800]
Epoch complete - average loss: 2235.393350
Root MSE: 48.372836

Epoch 86/100
-------------------------------
loss: 3104.135010 [   32/  800]
loss: 2355.893758 [  192/  800]
loss: 2287.483066 [  352/  800]
loss: 2279.224091 [  512/  800]
loss: 2169.809937 [  672/  800]
Epoch complete - average loss: 2231.355957
Root MSE: 48.333528

Epoch 87/100
-------------------------------
loss: 1869.026611 [   32/  800]
loss: 1916.774567 [  192/  800]
loss: 2088.969588 [  352/  800]
loss: 2175.640728 [  512/  800]
loss: 2184.550220 [  672/  800]
Epoch complete - average loss: 2227.103430
Root MSE: 48.300296

Epoch 88/100
-------------------------------
loss: 3126.586182 [   32/  800]
loss: 2496.196065 [  192/  800]
loss: 2314.532637 [  352/  800]
loss: 2146.048912 [  512/  800]
loss: 2216.206991 [  672/  800]
Epoch complete - average loss: 2223.580005
Root MSE: 48.265919

Epoch 89/100
-------------------------------
loss: 1881.861816 [   32/  800]
loss: 1879.145203 [  192/  800]
loss: 2119.134843 [  352/  800]
loss: 2159.213043 [  512/  800]
loss: 2123.811965 [  672/  800]
Epoch complete - average loss: 2219.917344
Root MSE: 48.235487

Epoch 90/100
-------------------------------
loss: 3545.034912 [   32/  800]
loss: 2816.288737 [  192/  800]
loss: 2438.881969 [  352/  800]
loss: 2314.126656 [  512/  800]
loss: 2213.272531 [  672/  800]
Epoch complete - average loss: 2216.799521
Root MSE: 48.203821

Epoch 91/100
-------------------------------
loss: 1518.749023 [   32/  800]
loss: 2497.453939 [  192/  800]
loss: 2416.439498 [  352/  800]
loss: 2221.719849 [  512/  800]
loss: 2241.512620 [  672/  800]
Epoch complete - average loss: 2213.569785
Root MSE: 48.176263

Epoch 92/100
-------------------------------
loss: 2871.673096 [   32/  800]
loss: 2157.837280 [  192/  800]
loss: 2400.641224 [  352/  800]
loss: 2417.427086 [  512/  800]
loss: 2263.889747 [  672/  800]
Epoch complete - average loss: 2210.663662
Root MSE: 48.151479

Epoch 93/100
-------------------------------
loss: 2196.168213 [   32/  800]
loss: 2551.878316 [  192/  800]
loss: 2333.867276 [  352/  800]
loss: 2453.127243 [  512/  800]
loss: 2351.935593 [  672/  800]
Epoch complete - average loss: 2208.130166
Root MSE: 48.124901

Epoch 94/100
-------------------------------
loss: 1785.886475 [   32/  800]
loss: 1987.571147 [  192/  800]
loss: 2224.958851 [  352/  800]
loss: 2228.003090 [  512/  800]
loss: 2241.368263 [  672/  800]
Epoch complete - average loss: 2205.234971
Root MSE: 48.105498

Epoch 95/100
-------------------------------
loss: 2279.229004 [   32/  800]
loss: 2623.187744 [  192/  800]
loss: 2378.058982 [  352/  800]
loss: 2430.437035 [  512/  800]
loss: 2310.395839 [  672/  800]
Epoch complete - average loss: 2203.137622
Root MSE: 48.082723

Epoch 96/100
-------------------------------
loss: 2655.859863 [   32/  800]
loss: 2694.542033 [  192/  800]
loss: 2547.663763 [  352/  800]
loss: 2375.291687 [  512/  800]
loss: 2300.377668 [  672/  800]
Epoch complete - average loss: 2200.618511
Root MSE: 48.065330

Epoch 97/100
-------------------------------
loss: 2039.450562 [   32/  800]
loss: 1744.515096 [  192/  800]
loss: 2130.699396 [  352/  800]
loss: 2065.103317 [  512/  800]
loss: 2140.294160 [  672/  800]
Epoch complete - average loss: 2198.560874
Root MSE: 48.049047

Epoch 98/100
-------------------------------
loss: 2353.231445 [   32/  800]
loss: 2339.122864 [  192/  800]
loss: 2110.338845 [  352/  800]
loss: 2047.920517 [  512/  800]
loss: 2260.656773 [  672/  800]
Epoch complete - average loss: 2196.723828
Root MSE: 48.032306

Epoch 99/100
-------------------------------
loss: 1849.586914 [   32/  800]
loss: 1853.844014 [  192/  800]
loss: 2189.895774 [  352/  800]
loss: 2232.802650 [  512/  800]
loss: 2228.904285 [  672/  800]
Epoch complete - average loss: 2194.781641
Root MSE: 48.017668

Epoch 100/100
-------------------------------
loss: 3500.980225 [   32/  800]
loss: 2507.856201 [  192/  800]
loss: 2310.981423 [  352/  800]
loss: 2313.166405 [  512/  800]
loss: 2184.419823 [  672/  800]
Epoch complete - average loss: 2193.275415
Root MSE: 48.001016
lowest validation loss: 2304.0975341796875 in epoch 99
lowest training loss: 2193.2754150390624 in epoch 99
Training and evaluating model: GRU hidden dimensions: 32, number of layers: 2 on dataset: Padding with lag parameter: 3

Epoch 1/100
-------------------------------
loss: 4564.543457 [   32/  800]
loss: 5331.240519 [  192/  800]
loss: 5940.173673 [  352/  800]
loss: 5820.690384 [  512/  800]
loss: 5645.688918 [  672/  800]
Epoch complete - average loss: 5726.314883
Root MSE: 75.389972

Epoch 2/100
-------------------------------
loss: 8117.483398 [   32/  800]
loss: 6469.097534 [  192/  800]
loss: 5699.283181 [  352/  800]
loss: 5829.458130 [  512/  800]
loss: 5533.372105 [  672/  800]
Epoch complete - average loss: 5562.167900
Root MSE: 73.951679

Epoch 3/100
-------------------------------
loss: 9180.819336 [   32/  800]
loss: 6054.649414 [  192/  800]
loss: 5348.644176 [  352/  800]
loss: 5417.569580 [  512/  800]
loss: 5545.682013 [  672/  800]
Epoch complete - average loss: 5339.436104
Root MSE: 72.571386

Epoch 4/100
-------------------------------
loss: 6089.931641 [   32/  800]
loss: 4779.959106 [  192/  800]
loss: 5072.532382 [  352/  800]
loss: 4921.464188 [  512/  800]
loss: 5021.824091 [  672/  800]
Epoch complete - average loss: 5151.525654
Root MSE: 71.418835

Epoch 5/100
-------------------------------
loss: 3472.370850 [   32/  800]
loss: 4250.075887 [  192/  800]
loss: 4814.503684 [  352/  800]
loss: 4898.979340 [  512/  800]
loss: 4920.891183 [  672/  800]
Epoch complete - average loss: 5000.776338
Root MSE: 70.503589

Epoch 6/100
-------------------------------
loss: 8565.901367 [   32/  800]
loss: 5264.357096 [  192/  800]
loss: 4832.572221 [  352/  800]
loss: 4649.955765 [  512/  800]
loss: 4643.444278 [  672/  800]
Epoch complete - average loss: 4880.705400
Root MSE: 69.725330

Epoch 7/100
-------------------------------
loss: 4211.281738 [   32/  800]
loss: 5480.623617 [  192/  800]
loss: 5017.325084 [  352/  800]
loss: 4931.771927 [  512/  800]
loss: 4921.748489 [  672/  800]
Epoch complete - average loss: 4775.519512
Root MSE: 68.998233

Epoch 8/100
-------------------------------
loss: 2456.935059 [   32/  800]
loss: 3820.839518 [  192/  800]
loss: 4290.020885 [  352/  800]
loss: 4395.793289 [  512/  800]
loss: 4529.678072 [  672/  800]
Epoch complete - average loss: 4676.673604
Root MSE: 68.332468

Epoch 9/100
-------------------------------
loss: 3927.135986 [   32/  800]
loss: 4839.506836 [  192/  800]
loss: 4347.789950 [  352/  800]
loss: 4551.121521 [  512/  800]
loss: 4498.604736 [  672/  800]
Epoch complete - average loss: 4585.621729
Root MSE: 67.684893

Epoch 10/100
-------------------------------
loss: 4095.101807 [   32/  800]
loss: 3945.111084 [  192/  800]
loss: 4136.912043 [  352/  800]
loss: 4547.002975 [  512/  800]
loss: 4552.039086 [  672/  800]
Epoch complete - average loss: 4498.408203
Root MSE: 67.061884

Epoch 11/100
-------------------------------
loss: 3799.992920 [   32/  800]
loss: 4132.712931 [  192/  800]
loss: 4200.837336 [  352/  800]
loss: 4438.059448 [  512/  800]
loss: 4513.480445 [  672/  800]
Epoch complete - average loss: 4414.775645
Root MSE: 66.455980

Epoch 12/100
-------------------------------
loss: 3926.757324 [   32/  800]
loss: 4143.145467 [  192/  800]
loss: 4247.542636 [  352/  800]
loss: 4600.536957 [  512/  800]
loss: 4341.114781 [  672/  800]
Epoch complete - average loss: 4334.796494
Root MSE: 65.872089

Epoch 13/100
-------------------------------
loss: 4092.078125 [   32/  800]
loss: 4100.414591 [  192/  800]
loss: 4139.145708 [  352/  800]
loss: 4296.647964 [  512/  800]
loss: 4254.736410 [  672/  800]
Epoch complete - average loss: 4257.346582
Root MSE: 65.311906

Epoch 14/100
-------------------------------
loss: 2919.249512 [   32/  800]
loss: 4322.278849 [  192/  800]
loss: 4208.424006 [  352/  800]
loss: 4412.315277 [  512/  800]
loss: 4237.948998 [  672/  800]
Epoch complete - average loss: 4183.780605
Root MSE: 64.762699

Epoch 15/100
-------------------------------
loss: 3594.230957 [   32/  800]
loss: 3616.677287 [  192/  800]
loss: 3631.631104 [  352/  800]
loss: 3874.506973 [  512/  800]
loss: 3819.096273 [  672/  800]
Epoch complete - average loss: 4111.914346
Root MSE: 64.237829

Epoch 16/100
-------------------------------
loss: 3129.470703 [   32/  800]
loss: 3988.372192 [  192/  800]
loss: 4039.523615 [  352/  800]
loss: 3782.138870 [  512/  800]
loss: 3999.887149 [  672/  800]
Epoch complete - average loss: 4043.690264
Root MSE: 63.714407

Epoch 17/100
-------------------------------
loss: 2935.517578 [   32/  800]
loss: 4051.723348 [  192/  800]
loss: 3958.731401 [  352/  800]
loss: 3949.683990 [  512/  800]
loss: 3803.955561 [  672/  800]
Epoch complete - average loss: 3976.743960
Root MSE: 63.204914

Epoch 18/100
-------------------------------
loss: 2988.683838 [   32/  800]
loss: 4425.741007 [  192/  800]
loss: 4361.541903 [  352/  800]
loss: 4344.241348 [  512/  800]
loss: 4152.207892 [  672/  800]
Epoch complete - average loss: 3912.745869
Root MSE: 62.698999

Epoch 19/100
-------------------------------
loss: 4163.826660 [   32/  800]
loss: 4334.168538 [  192/  800]
loss: 4647.711026 [  352/  800]
loss: 4213.789490 [  512/  800]
loss: 4033.936768 [  672/  800]
Epoch complete - average loss: 3849.659922
Root MSE: 62.217190

Epoch 20/100
-------------------------------
loss: 3227.152344 [   32/  800]
loss: 3985.438273 [  192/  800]
loss: 3725.075706 [  352/  800]
loss: 3865.842316 [  512/  800]
loss: 3898.532215 [  672/  800]
Epoch complete - average loss: 3788.734512
Root MSE: 61.753975

Epoch 21/100
-------------------------------
loss: 5523.946289 [   32/  800]
loss: 4407.770630 [  192/  800]
loss: 3984.519221 [  352/  800]
loss: 3788.243988 [  512/  800]
loss: 3798.377645 [  672/  800]
Epoch complete - average loss: 3730.256011
Root MSE: 61.295112

Epoch 22/100
-------------------------------
loss: 3434.192383 [   32/  800]
loss: 3218.869039 [  192/  800]
loss: 3630.021074 [  352/  800]
loss: 3602.848839 [  512/  800]
loss: 3821.559262 [  672/  800]
Epoch complete - average loss: 3673.330522
Root MSE: 60.848662

Epoch 23/100
-------------------------------
loss: 5459.495117 [   32/  800]
loss: 3405.117859 [  192/  800]
loss: 3554.420688 [  352/  800]
loss: 3554.778419 [  512/  800]
loss: 3517.786080 [  672/  800]
Epoch complete - average loss: 3618.518589
Root MSE: 60.409947

Epoch 24/100
-------------------------------
loss: 1729.058960 [   32/  800]
loss: 3868.647156 [  192/  800]
loss: 3984.551458 [  352/  800]
loss: 3868.668121 [  512/  800]
loss: 3595.777716 [  672/  800]
Epoch complete - average loss: 3565.041934
Root MSE: 59.981596

Epoch 25/100
-------------------------------
loss: 4592.158691 [   32/  800]
loss: 3893.780314 [  192/  800]
loss: 3669.658381 [  352/  800]
loss: 3615.436821 [  512/  800]
loss: 3476.886771 [  672/  800]
Epoch complete - average loss: 3513.061782
Root MSE: 59.568524

Epoch 26/100
-------------------------------
loss: 3705.665527 [   32/  800]
loss: 3005.130981 [  192/  800]
loss: 3265.396706 [  352/  800]
loss: 3518.397141 [  512/  800]
loss: 3416.139428 [  672/  800]
Epoch complete - average loss: 3462.510791
Root MSE: 59.162657

Epoch 27/100
-------------------------------
loss: 3417.579834 [   32/  800]
loss: 3308.200399 [  192/  800]
loss: 3338.996294 [  352/  800]
loss: 3493.093414 [  512/  800]
loss: 3353.546282 [  672/  800]
Epoch complete - average loss: 3414.037832
Root MSE: 58.763846

Epoch 28/100
-------------------------------
loss: 3146.175293 [   32/  800]
loss: 2890.472493 [  192/  800]
loss: 3165.164173 [  352/  800]
loss: 3008.276566 [  512/  800]
loss: 3237.785156 [  672/  800]
Epoch complete - average loss: 3366.349990
Root MSE: 58.378076

Epoch 29/100
-------------------------------
loss: 2217.438721 [   32/  800]
loss: 3296.516134 [  192/  800]
loss: 3140.540583 [  352/  800]
loss: 3322.549919 [  512/  800]
loss: 3266.978917 [  672/  800]
Epoch complete - average loss: 3320.970454
Root MSE: 57.997814

Epoch 30/100
-------------------------------
loss: 3868.471191 [   32/  800]
loss: 3199.600627 [  192/  800]
loss: 3554.303511 [  352/  800]
loss: 3449.794250 [  512/  800]
loss: 3381.500500 [  672/  800]
Epoch complete - average loss: 3276.826738
Root MSE: 57.620332

Epoch 31/100
-------------------------------
loss: 5165.792480 [   32/  800]
loss: 4023.921773 [  192/  800]
loss: 3478.587769 [  352/  800]
loss: 3337.824425 [  512/  800]
loss: 3206.999634 [  672/  800]
Epoch complete - average loss: 3233.182231
Root MSE: 57.264282

Epoch 32/100
-------------------------------
loss: 3139.886475 [   32/  800]
loss: 3116.738281 [  192/  800]
loss: 3180.159091 [  352/  800]
loss: 3117.362091 [  512/  800]
loss: 3236.751918 [  672/  800]
Epoch complete - average loss: 3191.672041
Root MSE: 56.914274

Epoch 33/100
-------------------------------
loss: 3382.503418 [   32/  800]
loss: 3713.897461 [  192/  800]
loss: 3582.557972 [  352/  800]
loss: 3198.038635 [  512/  800]
loss: 3194.043445 [  672/  800]
Epoch complete - average loss: 3151.488564
Root MSE: 56.572274

Epoch 34/100
-------------------------------
loss: 1367.872437 [   32/  800]
loss: 2951.189250 [  192/  800]
loss: 3316.537309 [  352/  800]
loss: 3300.970810 [  512/  800]
loss: 3290.259091 [  672/  800]
Epoch complete - average loss: 3112.365757
Root MSE: 56.240910

Epoch 35/100
-------------------------------
loss: 4405.428711 [   32/  800]
loss: 3112.127035 [  192/  800]
loss: 3262.349964 [  352/  800]
loss: 3305.203629 [  512/  800]
loss: 3180.917033 [  672/  800]
Epoch complete - average loss: 3074.833833
Root MSE: 55.913132

Epoch 36/100
-------------------------------
loss: 3292.446289 [   32/  800]
loss: 2863.153463 [  192/  800]
loss: 2879.001076 [  352/  800]
loss: 3195.804543 [  512/  800]
loss: 2965.902297 [  672/  800]
Epoch complete - average loss: 3037.534502
Root MSE: 55.603315

Epoch 37/100
-------------------------------
loss: 2197.920898 [   32/  800]
loss: 2470.954610 [  192/  800]
loss: 2757.346691 [  352/  800]
loss: 2953.507072 [  512/  800]
loss: 3076.036046 [  672/  800]
Epoch complete - average loss: 3002.268989
Root MSE: 55.298478

Epoch 38/100
-------------------------------
loss: 3380.495850 [   32/  800]
loss: 3830.833455 [  192/  800]
loss: 3099.554543 [  352/  800]
loss: 3060.127983 [  512/  800]
loss: 2959.082810 [  672/  800]
Epoch complete - average loss: 2967.951758
Root MSE: 55.000197

Epoch 39/100
-------------------------------
loss: 2296.138428 [   32/  800]
loss: 2401.055522 [  192/  800]
loss: 2584.327248 [  352/  800]
loss: 2819.067070 [  512/  800]
loss: 2959.174450 [  672/  800]
Epoch complete - average loss: 2934.440269
Root MSE: 54.717306

Epoch 40/100
-------------------------------
loss: 2638.835205 [   32/  800]
loss: 2658.758911 [  192/  800]
loss: 2904.288952 [  352/  800]
loss: 3009.100372 [  512/  800]
loss: 2932.176607 [  672/  800]
Epoch complete - average loss: 2902.926255
Root MSE: 54.429306

Epoch 41/100
-------------------------------
loss: 2392.318359 [   32/  800]
loss: 2256.614034 [  192/  800]
loss: 2793.635898 [  352/  800]
loss: 2774.133087 [  512/  800]
loss: 2850.231998 [  672/  800]
Epoch complete - average loss: 2871.437632
Root MSE: 54.166865

Epoch 42/100
-------------------------------
loss: 3067.455566 [   32/  800]
loss: 2769.636658 [  192/  800]
loss: 3039.145452 [  352/  800]
loss: 3054.665749 [  512/  800]
loss: 2906.272252 [  672/  800]
Epoch complete - average loss: 2842.151377
Root MSE: 53.894582

Epoch 43/100
-------------------------------
loss: 3160.158691 [   32/  800]
loss: 2461.673157 [  192/  800]
loss: 2801.795066 [  352/  800]
loss: 2996.131233 [  512/  800]
loss: 2936.561948 [  672/  800]
Epoch complete - average loss: 2812.579360
Root MSE: 53.640192

Epoch 44/100
-------------------------------
loss: 3181.781982 [   32/  800]
loss: 3399.087199 [  192/  800]
loss: 3199.326860 [  352/  800]
loss: 2945.101364 [  512/  800]
loss: 2904.033976 [  672/  800]
Epoch complete - average loss: 2784.849111
Root MSE: 53.391370

Epoch 45/100
-------------------------------
loss: 1466.111694 [   32/  800]
loss: 2369.139913 [  192/  800]
loss: 2584.741405 [  352/  800]
loss: 2536.985241 [  512/  800]
loss: 2671.100484 [  672/  800]
Epoch complete - average loss: 2757.491536
Root MSE: 53.158716

Epoch 46/100
-------------------------------
loss: 3082.290283 [   32/  800]
loss: 2472.350952 [  192/  800]
loss: 2892.564387 [  352/  800]
loss: 2765.884605 [  512/  800]
loss: 2680.146269 [  672/  800]
Epoch complete - average loss: 2731.990967
Root MSE: 52.917501

Epoch 47/100
-------------------------------
loss: 2339.860352 [   32/  800]
loss: 2374.920268 [  192/  800]
loss: 2566.316828 [  352/  800]
loss: 2635.523872 [  512/  800]
loss: 2781.897978 [  672/  800]
Epoch complete - average loss: 2706.587646
Root MSE: 52.693117

Epoch 48/100
-------------------------------
loss: 1476.164307 [   32/  800]
loss: 2135.829285 [  192/  800]
loss: 2736.290095 [  352/  800]
loss: 2756.041435 [  512/  800]
loss: 2675.798508 [  672/  800]
Epoch complete - average loss: 2682.346440
Root MSE: 52.477739

Epoch 49/100
-------------------------------
loss: 2969.028320 [   32/  800]
loss: 2117.803243 [  192/  800]
loss: 2284.890503 [  352/  800]
loss: 2525.621895 [  512/  800]
loss: 2603.094814 [  672/  800]
Epoch complete - average loss: 2658.715835
Root MSE: 52.273110

Epoch 50/100
-------------------------------
loss: 2848.526367 [   32/  800]
loss: 3153.335612 [  192/  800]
loss: 2627.871615 [  352/  800]
loss: 2610.099800 [  512/  800]
loss: 2515.115217 [  672/  800]
Epoch complete - average loss: 2636.808130
Root MSE: 52.062916

Epoch 51/100
-------------------------------
loss: 2165.849121 [   32/  800]
loss: 2654.467773 [  192/  800]
loss: 2849.722418 [  352/  800]
loss: 2673.360874 [  512/  800]
loss: 2691.493615 [  672/  800]
Epoch complete - average loss: 2615.080828
Root MSE: 51.861507

Epoch 52/100
-------------------------------
loss: 2027.990356 [   32/  800]
loss: 2774.329407 [  192/  800]
loss: 2867.818193 [  352/  800]
loss: 2762.685173 [  512/  800]
loss: 2794.148676 [  672/  800]
Epoch complete - average loss: 2594.384048
Root MSE: 51.667876

Epoch 53/100
-------------------------------
loss: 3766.036377 [   32/  800]
loss: 3131.844096 [  192/  800]
loss: 2901.166016 [  352/  800]
loss: 2617.351593 [  512/  800]
loss: 2635.595511 [  672/  800]
Epoch complete - average loss: 2573.744102
Root MSE: 51.491385

Epoch 54/100
-------------------------------
loss: 1833.393311 [   32/  800]
loss: 2555.812236 [  192/  800]
loss: 2528.511530 [  352/  800]
loss: 2461.608253 [  512/  800]
loss: 2533.482579 [  672/  800]
Epoch complete - average loss: 2554.559048
Root MSE: 51.319350

Epoch 55/100
-------------------------------
loss: 2613.736328 [   32/  800]
loss: 2848.478658 [  192/  800]
loss: 2514.865917 [  352/  800]
loss: 2520.392696 [  512/  800]
loss: 2402.504688 [  672/  800]
Epoch complete - average loss: 2536.154241
Root MSE: 51.150052

Epoch 56/100
-------------------------------
loss: 3838.049561 [   32/  800]
loss: 2464.516866 [  192/  800]
loss: 2517.028054 [  352/  800]
loss: 2421.039673 [  512/  800]
loss: 2503.249035 [  672/  800]
Epoch complete - average loss: 2518.462349
Root MSE: 50.983153

Epoch 57/100
-------------------------------
loss: 2023.893311 [   32/  800]
loss: 2487.761678 [  192/  800]
loss: 2681.533714 [  352/  800]
loss: 2703.764496 [  512/  800]
loss: 2534.930623 [  672/  800]
Epoch complete - average loss: 2501.451013
Root MSE: 50.820847

Epoch 58/100
-------------------------------
loss: 2532.140625 [   32/  800]
loss: 2507.828186 [  192/  800]
loss: 2517.744973 [  352/  800]
loss: 2329.751335 [  512/  800]
loss: 2482.221226 [  672/  800]
Epoch complete - average loss: 2484.514873
Root MSE: 50.675213

Epoch 59/100
-------------------------------
loss: 3494.405273 [   32/  800]
loss: 2306.595561 [  192/  800]
loss: 2532.256137 [  352/  800]
loss: 2572.954842 [  512/  800]
loss: 2492.306693 [  672/  800]
Epoch complete - average loss: 2469.140432
Root MSE: 50.523975

Epoch 60/100
-------------------------------
loss: 2451.574219 [   32/  800]
loss: 2116.055196 [  192/  800]
loss: 2120.412709 [  352/  800]
loss: 2239.944798 [  512/  800]
loss: 2407.992533 [  672/  800]
Epoch complete - average loss: 2453.368455
Root MSE: 50.393637

Epoch 61/100
-------------------------------
loss: 3439.819092 [   32/  800]
loss: 2604.508057 [  192/  800]
loss: 2522.263172 [  352/  800]
loss: 2597.135498 [  512/  800]
loss: 2465.237962 [  672/  800]
Epoch complete - average loss: 2439.481470
Root MSE: 50.255768

Epoch 62/100
-------------------------------
loss: 928.799255 [   32/  800]
loss: 1896.226735 [  192/  800]
loss: 2326.277971 [  352/  800]
loss: 2590.516842 [  512/  800]
loss: 2509.275975 [  672/  800]
Epoch complete - average loss: 2425.511150
Root MSE: 50.122899

Epoch 63/100
-------------------------------
loss: 4133.114746 [   32/  800]
loss: 2387.516215 [  192/  800]
loss: 2395.282127 [  352/  800]
loss: 2354.951088 [  512/  800]
loss: 2414.416498 [  672/  800]
Epoch complete - average loss: 2412.025015
Root MSE: 50.000661

Epoch 64/100
-------------------------------
loss: 2076.644043 [   32/  800]
loss: 2176.584452 [  192/  800]
loss: 2377.551813 [  352/  800]
loss: 2262.501492 [  512/  800]
loss: 2298.556126 [  672/  800]
Epoch complete - average loss: 2399.255144
Root MSE: 49.885364

Epoch 65/100
-------------------------------
loss: 1970.948364 [   32/  800]
loss: 2018.805359 [  192/  800]
loss: 2199.162087 [  352/  800]
loss: 2201.318382 [  512/  800]
loss: 2264.026245 [  672/  800]
Epoch complete - average loss: 2386.988071
Root MSE: 49.777474

Epoch 66/100
-------------------------------
loss: 1104.051392 [   32/  800]
loss: 2379.060628 [  192/  800]
loss: 2269.011730 [  352/  800]
loss: 2520.572914 [  512/  800]
loss: 2389.287978 [  672/  800]
Epoch complete - average loss: 2375.605767
Root MSE: 49.663027

Epoch 67/100
-------------------------------
loss: 3044.052490 [   32/  800]
loss: 2400.363525 [  192/  800]
loss: 2376.752286 [  352/  800]
loss: 2309.168831 [  512/  800]
loss: 2345.048625 [  672/  800]
Epoch complete - average loss: 2364.305947
Root MSE: 49.558478

Epoch 68/100
-------------------------------
loss: 1844.654053 [   32/  800]
loss: 2400.626831 [  192/  800]
loss: 2512.388883 [  352/  800]
loss: 2429.711632 [  512/  800]
loss: 2423.354620 [  672/  800]
Epoch complete - average loss: 2353.781074
Root MSE: 49.456838

Epoch 69/100
-------------------------------
loss: 792.700623 [   32/  800]
loss: 2310.370799 [  192/  800]
loss: 2380.830594 [  352/  800]
loss: 2330.378918 [  512/  800]
loss: 2396.549046 [  672/  800]
Epoch complete - average loss: 2343.382517
Root MSE: 49.363328

Epoch 70/100
-------------------------------
loss: 3499.095215 [   32/  800]
loss: 2327.816650 [  192/  800]
loss: 2384.494218 [  352/  800]
loss: 2500.867325 [  512/  800]
loss: 2344.511806 [  672/  800]
Epoch complete - average loss: 2333.734292
Root MSE: 49.274368

Epoch 71/100
-------------------------------
loss: 1576.677246 [   32/  800]
loss: 2565.940735 [  192/  800]
loss: 2634.457852 [  352/  800]
loss: 2340.279617 [  512/  800]
loss: 2363.414388 [  672/  800]
Epoch complete - average loss: 2324.592427
Root MSE: 49.188638

Epoch 72/100
-------------------------------
loss: 3204.861084 [   32/  800]
loss: 2619.036682 [  192/  800]
loss: 2532.596014 [  352/  800]
loss: 2518.337112 [  512/  800]
loss: 2353.457368 [  672/  800]
Epoch complete - average loss: 2315.824121
Root MSE: 49.106359

Epoch 73/100
-------------------------------
loss: 2614.541016 [   32/  800]
loss: 2459.993144 [  192/  800]
loss: 2312.767844 [  352/  800]
loss: 2388.839661 [  512/  800]
loss: 2380.182117 [  672/  800]
Epoch complete - average loss: 2307.227920
Root MSE: 49.032581

Epoch 74/100
-------------------------------
loss: 1529.044800 [   32/  800]
loss: 1887.075012 [  192/  800]
loss: 2235.980391 [  352/  800]
loss: 2064.758560 [  512/  800]
loss: 2191.442720 [  672/  800]
Epoch complete - average loss: 2299.460312
Root MSE: 48.957826

Epoch 75/100
-------------------------------
loss: 1084.291992 [   32/  800]
loss: 2337.960632 [  192/  800]
loss: 2279.678289 [  352/  800]
loss: 2289.067863 [  512/  800]
loss: 2204.698614 [  672/  800]
Epoch complete - average loss: 2291.764766
Root MSE: 48.888050

Epoch 76/100
-------------------------------
loss: 3321.490723 [   32/  800]
loss: 2542.050781 [  192/  800]
loss: 2524.423628 [  352/  800]
loss: 2373.325066 [  512/  800]
loss: 2333.187302 [  672/  800]
Epoch complete - average loss: 2284.845474
Root MSE: 48.819807

Epoch 77/100
-------------------------------
loss: 2569.325195 [   32/  800]
loss: 2732.539815 [  192/  800]
loss: 2686.199652 [  352/  800]
loss: 2465.304810 [  512/  800]
loss: 2340.946051 [  672/  800]
Epoch complete - average loss: 2277.792766
Root MSE: 48.756559

Epoch 78/100
-------------------------------
loss: 1845.986816 [   32/  800]
loss: 2121.619019 [  192/  800]
loss: 2452.310436 [  352/  800]
loss: 2407.477943 [  512/  800]
loss: 2397.592401 [  672/  800]
Epoch complete - average loss: 2271.418413
Root MSE: 48.695202

Epoch 79/100
-------------------------------
loss: 2704.187500 [   32/  800]
loss: 2353.206787 [  192/  800]
loss: 2457.663064 [  352/  800]
loss: 2291.270073 [  512/  800]
loss: 2277.872001 [  672/  800]
Epoch complete - average loss: 2265.055859
Root MSE: 48.641780

Epoch 80/100
-------------------------------
loss: 2100.324219 [   32/  800]
loss: 1859.338979 [  192/  800]
loss: 2435.730430 [  352/  800]
loss: 2349.906872 [  512/  800]
loss: 2220.338707 [  672/  800]
Epoch complete - average loss: 2259.478313
Root MSE: 48.588577

Epoch 81/100
-------------------------------
loss: 2900.517334 [   32/  800]
loss: 2290.817749 [  192/  800]
loss: 2151.791360 [  352/  800]
loss: 2319.378784 [  512/  800]
loss: 2275.745036 [  672/  800]
Epoch complete - average loss: 2253.916040
Root MSE: 48.537419

Epoch 82/100
-------------------------------
loss: 2198.951660 [   32/  800]
loss: 2056.377563 [  192/  800]
loss: 2199.153409 [  352/  800]
loss: 2224.472649 [  512/  800]
loss: 2154.358340 [  672/  800]
Epoch complete - average loss: 2248.494478
Root MSE: 48.493795

Epoch 83/100
-------------------------------
loss: 2445.117676 [   32/  800]
loss: 2270.744283 [  192/  800]
loss: 2386.958252 [  352/  800]
loss: 2355.021317 [  512/  800]
loss: 2266.927810 [  672/  800]
Epoch complete - average loss: 2243.811504
Root MSE: 48.445781

Epoch 84/100
-------------------------------
loss: 2919.382812 [   32/  800]
loss: 2169.620911 [  192/  800]
loss: 2102.012163 [  352/  800]
loss: 2211.577560 [  512/  800]
loss: 2223.119239 [  672/  800]
Epoch complete - average loss: 2239.036577
Root MSE: 48.403092

Epoch 85/100
-------------------------------
loss: 1710.760864 [   32/  800]
loss: 2083.503988 [  192/  800]
loss: 2301.322576 [  352/  800]
loss: 2278.636993 [  512/  800]
loss: 2186.552269 [  672/  800]
Epoch complete - average loss: 2234.594395
Root MSE: 48.364263

Epoch 86/100
-------------------------------
loss: 2159.237305 [   32/  800]
loss: 1750.628703 [  192/  800]
loss: 2020.432129 [  352/  800]
loss: 2126.563774 [  512/  800]
loss: 2254.565447 [  672/  800]
Epoch complete - average loss: 2230.419390
Root MSE: 48.328694

Epoch 87/100
-------------------------------
loss: 2880.185303 [   32/  800]
loss: 2135.225382 [  192/  800]
loss: 1898.128962 [  352/  800]
loss: 2197.728035 [  512/  800]
loss: 2303.758801 [  672/  800]
Epoch complete - average loss: 2226.630591
Root MSE: 48.292343

Epoch 88/100
-------------------------------
loss: 2031.210449 [   32/  800]
loss: 1668.379598 [  192/  800]
loss: 2101.705500 [  352/  800]
loss: 2258.975319 [  512/  800]
loss: 2290.575689 [  672/  800]
Epoch complete - average loss: 2222.996064
Root MSE: 48.258268

Epoch 89/100
-------------------------------
loss: 1606.089111 [   32/  800]
loss: 2194.674622 [  192/  800]
loss: 2229.740656 [  352/  800]
loss: 2261.803528 [  512/  800]
loss: 2152.143014 [  672/  800]
Epoch complete - average loss: 2219.239150
Root MSE: 48.229852

Epoch 90/100
-------------------------------
loss: 1938.994141 [   32/  800]
loss: 2198.807454 [  192/  800]
loss: 1994.449158 [  352/  800]
loss: 2244.830280 [  512/  800]
loss: 2196.213856 [  672/  800]
Epoch complete - average loss: 2216.061758
Root MSE: 48.201679

Epoch 91/100
-------------------------------
loss: 2220.127930 [   32/  800]
loss: 2343.022624 [  192/  800]
loss: 2232.990134 [  352/  800]
loss: 2339.429291 [  512/  800]
loss: 2331.293626 [  672/  800]
Epoch complete - average loss: 2213.201694
Root MSE: 48.171049

Epoch 92/100
-------------------------------
loss: 2070.850342 [   32/  800]
loss: 2116.438354 [  192/  800]
loss: 2080.883190 [  352/  800]
loss: 2116.756531 [  512/  800]
loss: 2208.026774 [  672/  800]
Epoch complete - average loss: 2210.003408
Root MSE: 48.147647

Epoch 93/100
-------------------------------
loss: 1521.364258 [   32/  800]
loss: 2303.963542 [  192/  800]
loss: 2256.845603 [  352/  800]
loss: 2353.905067 [  512/  800]
loss: 2285.705694 [  672/  800]
Epoch complete - average loss: 2207.437993
Root MSE: 48.123481

Epoch 94/100
-------------------------------
loss: 2802.068848 [   32/  800]
loss: 2188.194397 [  192/  800]
loss: 2188.624068 [  352/  800]
loss: 2276.988472 [  512/  800]
loss: 2243.865851 [  672/  800]
Epoch complete - average loss: 2204.865615
Root MSE: 48.101793

Epoch 95/100
-------------------------------
loss: 2374.273926 [   32/  800]
loss: 2277.297933 [  192/  800]
loss: 2291.764005 [  352/  800]
loss: 2195.354416 [  512/  800]
loss: 2209.066313 [  672/  800]
Epoch complete - average loss: 2202.672583
Root MSE: 48.079895

Epoch 96/100
-------------------------------
loss: 2977.534668 [   32/  800]
loss: 2897.261800 [  192/  800]
loss: 2569.420499 [  352/  800]
loss: 2446.789932 [  512/  800]
loss: 2312.292823 [  672/  800]
Epoch complete - average loss: 2200.375171
Root MSE: 48.060667

Epoch 97/100
-------------------------------
loss: 2067.798584 [   32/  800]
loss: 2579.110657 [  192/  800]
loss: 2199.427202 [  352/  800]
loss: 2049.102699 [  512/  800]
loss: 2150.201451 [  672/  800]
Epoch complete - average loss: 2198.151587
Root MSE: 48.047297

Epoch 98/100
-------------------------------
loss: 1954.392090 [   32/  800]
loss: 2558.484294 [  192/  800]
loss: 2359.763727 [  352/  800]
loss: 2101.839493 [  512/  800]
loss: 2069.646269 [  672/  800]
Epoch complete - average loss: 2196.342222
Root MSE: 48.029781

Epoch 99/100
-------------------------------
loss: 1589.948730 [   32/  800]
loss: 2188.717977 [  192/  800]
loss: 2095.551580 [  352/  800]
loss: 2063.910484 [  512/  800]
loss: 2066.784831 [  672/  800]
Epoch complete - average loss: 2194.404170
Root MSE: 48.015834

Epoch 100/100
-------------------------------
loss: 3170.969971 [   32/  800]
loss: 2498.690511 [  192/  800]
loss: 2323.104237 [  352/  800]
loss: 2367.434235 [  512/  800]
loss: 2166.956252 [  672/  800]
Epoch complete - average loss: 2192.931812
Root MSE: 47.999436
lowest validation loss: 2303.945818219866 in epoch 99
lowest training loss: 2192.9318115234373 in epoch 99
